#
# There is insufficient memory for the Java Runtime Environment to continue.
# Native memory allocation (malloc) failed to allocate 283776 bytes for Chunk::new
# Possible reasons:
#   The system is out of physical RAM or swap space
#   The process is running with CompressedOops enabled, and the Java Heap may be blocking the growth of the native heap
# Possible solutions:
#   Reduce memory load on the system
#   Increase physical memory or swap space
#   Check if swap backing store is full
#   Decrease Java heap size (-Xmx/-Xms)
#   Decrease number of Java threads
#   Decrease Java thread stack sizes (-Xss)
#   Set larger code cache with -XX:ReservedCodeCacheSize=
#   JVM is running with Unscaled Compressed Oops mode in which the Java heap is
#     placed in the first 4GB address space. The Java Heap base address is the
#     maximum limit for the native heap growth. Please use -XX:HeapBaseMinAddress
#     to set the Java Heap base and to place the Java Heap above 4GB virtual address.
# This output file may be truncated or incomplete.
#
#  Out of Memory Error (arena.cpp:191), pid=5912, tid=7136
#
# JRE version: OpenJDK Runtime Environment Temurin-17.0.9+9 (17.0.9+9) (build 17.0.9+9)
# Java VM: OpenJDK 64-Bit Server VM Temurin-17.0.9+9 (17.0.9+9, mixed mode, tiered, compressed oops, compressed class ptrs, parallel gc, windows-amd64)
# No core dump will be written. Minidumps are not enabled by default on client versions of Windows
#

---------------  S U M M A R Y ------------

Command Line: --add-modules=ALL-SYSTEM --add-opens=java.base/java.util=ALL-UNNAMED --add-opens=java.base/java.lang=ALL-UNNAMED --add-opens=java.base/sun.nio.fs=ALL-UNNAMED -Declipse.application=org.eclipse.jdt.ls.core.id1 -Dosgi.bundles.defaultStartLevel=4 -Declipse.product=org.eclipse.jdt.ls.core.product -Djava.import.generatesMetadataFilesAtProjectRoot=false -DDetectVMInstallationsJob.disabled=true -Dfile.encoding=utf8 -XX:+UseParallelGC -XX:GCTimeRatio=4 -XX:AdaptiveSizePolicyWeight=90 -Dsun.zip.disableMemoryMapping=true -Xmx1G -Xms100m -Xlog:disable -javaagent:c:\Users\sachi\.vscode\extensions\redhat.java-1.25.1-win32-x64\lombok\lombok-1.18.30.jar -XX:+HeapDumpOnOutOfMemoryError -XX:HeapDumpPath=c:\Users\sachi\AppData\Roaming\Code\User\workspaceStorage\4d30ff6712c740fc710bc5a139a2b1a1\redhat.java -Daether.dependencyCollector.impl=bf c:\Users\sachi\.vscode\extensions\redhat.java-1.25.1-win32-x64\server\plugins\org.eclipse.equinox.launcher_1.6.600.v20231106-1826.jar -configuration c:\Users\sachi\AppData\Roaming\Code\User\globalStorage\redhat.java\1.25.1\config_win -data c:\Users\sachi\AppData\Roaming\Code\User\workspaceStorage\4d30ff6712c740fc710bc5a139a2b1a1\redhat.java\jdt_ws --stdio

Host: 11th Gen Intel(R) Core(TM) i5-11300H @ 3.10GHz, 8 cores, 7G,  Windows 11 , 64 bit Build 22621 (10.0.22621.2506)
Time: Thu Dec 14 14:41:33 2023 India Standard Time elapsed time: 0.634764 seconds (0d 0h 0m 0s)

---------------  T H R E A D  ---------------

Current thread (0x000001b532164c60):  JavaThread "C2 CompilerThread0" daemon [_thread_in_native, id=7136, stack(0x0000003cc7900000,0x0000003cc7a00000)]


Current CompileTask:
C2:    634  529       4       lombok.patcher.PatchScript::classMatches (41 bytes)

Stack: [0x0000003cc7900000,0x0000003cc7a00000]
Native frames: (J=compiled Java code, j=interpreted, Vv=VM code, C=native code)
V  [jvm.dll+0x67cf49]
V  [jvm.dll+0x83478a]
V  [jvm.dll+0x83624e]
V  [jvm.dll+0x8368b3]
V  [jvm.dll+0x247f1f]
V  [jvm.dll+0xac43c]
V  [jvm.dll+0xaca8c]
V  [jvm.dll+0x2af45f]
V  [jvm.dll+0x5853f7]
V  [jvm.dll+0x222f62]
V  [jvm.dll+0x22334f]
V  [jvm.dll+0x21c476]
V  [jvm.dll+0x2198c1]
V  [jvm.dll+0x1a57cd]
V  [jvm.dll+0x2297ae]
V  [jvm.dll+0x22797c]
V  [jvm.dll+0x7e9877]
V  [jvm.dll+0x7e3c3a]
V  [jvm.dll+0x67be35]
C  [ucrtbase.dll+0x29363]
C  [KERNEL32.DLL+0x1257d]
C  [ntdll.dll+0x5aa58]


---------------  P R O C E S S  ---------------

Threads class SMR info:
_java_thread_list=0x000001b532452780, length=12, elements={
0x000001b518f6b9a0, 0x000001b52cdfce10, 0x000001b52cdfe8f0, 0x000001b53215df20,
0x000001b53215e8f0, 0x000001b53215f3c0, 0x000001b53215fe90, 0x000001b532164c60,
0x000001b5321c74e0, 0x000001b5321dc1a0, 0x000001b518fd0bd0, 0x000001b53248e930
}

Java Threads: ( => current thread )
  0x000001b518f6b9a0 JavaThread "main" [_thread_in_Java, id=7600, stack(0x0000003cc7000000,0x0000003cc7100000)]
  0x000001b52cdfce10 JavaThread "Reference Handler" daemon [_thread_blocked, id=18628, stack(0x0000003cc7300000,0x0000003cc7400000)]
  0x000001b52cdfe8f0 JavaThread "Finalizer" daemon [_thread_blocked, id=4724, stack(0x0000003cc7400000,0x0000003cc7500000)]
  0x000001b53215df20 JavaThread "Signal Dispatcher" daemon [_thread_blocked, id=19476, stack(0x0000003cc7500000,0x0000003cc7600000)]
  0x000001b53215e8f0 JavaThread "Attach Listener" daemon [_thread_blocked, id=18948, stack(0x0000003cc7600000,0x0000003cc7700000)]
  0x000001b53215f3c0 JavaThread "Service Thread" daemon [_thread_blocked, id=11472, stack(0x0000003cc7700000,0x0000003cc7800000)]
  0x000001b53215fe90 JavaThread "Monitor Deflation Thread" daemon [_thread_blocked, id=12052, stack(0x0000003cc7800000,0x0000003cc7900000)]
=>0x000001b532164c60 JavaThread "C2 CompilerThread0" daemon [_thread_in_native, id=7136, stack(0x0000003cc7900000,0x0000003cc7a00000)]
  0x000001b5321c74e0 JavaThread "C1 CompilerThread0" daemon [_thread_in_native, id=11708, stack(0x0000003cc7a00000,0x0000003cc7b00000)]
  0x000001b5321dc1a0 JavaThread "Sweeper thread" daemon [_thread_blocked, id=5036, stack(0x0000003cc7b00000,0x0000003cc7c00000)]
  0x000001b518fd0bd0 JavaThread "Common-Cleaner" daemon [_thread_blocked, id=20160, stack(0x0000003cc7c00000,0x0000003cc7d00000)]
  0x000001b53248e930 JavaThread "Notification Thread" daemon [_thread_blocked, id=15028, stack(0x0000003cc7e00000,0x0000003cc7f00000)]

Other Threads:
  0x000001b51901ed00 VMThread "VM Thread" [stack: 0x0000003cc7200000,0x0000003cc7300000] [id=18748]
  0x000001b53248ee10 WatcherThread [stack: 0x0000003cc7f00000,0x0000003cc8000000] [id=3760]
  0x000001b518f82e40 GCTaskThread "GC Thread#0" [stack: 0x0000003cc7100000,0x0000003cc7200000] [id=2348]

Threads with active compile tasks:
C2 CompilerThread0      652  529       4       lombok.patcher.PatchScript::classMatches (41 bytes)
C1 CompilerThread0      652  610       3       java.util.Properties$LineReader::readLine (584 bytes)

VM state: not at safepoint (normal execution)

VM Mutex/Monitor currently owned by a thread: None

Heap address: 0x00000000c0000000, size: 1024 MB, Compressed Oops mode: 32-bit

CDS archive(s) not mapped
Compressed class space mapped at: 0x0000000100000000-0x0000000140000000, reserved size: 1073741824
Narrow klass base: 0x0000000000000000, Narrow klass shift: 3, Narrow klass range: 0x140000000

GC Precious Log:
 CPUs: 8 total, 8 available
 Memory: 7937M
 Large Page Support: Disabled
 NUMA Support: Disabled
 Compressed Oops: Enabled (32-bit)
 Alignments: Space 512K, Generation 512K, Heap 2M
 Heap Min Capacity: 100M
 Heap Initial Capacity: 100M
 Heap Max Capacity: 1G
 Pre-touch: Disabled
 Parallel Workers: 8

Heap:
 PSYoungGen      total 29696K, used 14040K [0x00000000eab00000, 0x00000000ecc00000, 0x0000000100000000)
  eden space 25600K, 54% used [0x00000000eab00000,0x00000000eb8b62b0,0x00000000ec400000)
  from space 4096K, 0% used [0x00000000ec800000,0x00000000ec800000,0x00000000ecc00000)
  to   space 4096K, 0% used [0x00000000ec400000,0x00000000ec400000,0x00000000ec800000)
 ParOldGen       total 68608K, used 0K [0x00000000c0000000, 0x00000000c4300000, 0x00000000eab00000)
  object space 68608K, 0% used [0x00000000c0000000,0x00000000c0000000,0x00000000c4300000)
 Metaspace       used 9132K, committed 9216K, reserved 1114112K
  class space    used 905K, committed 960K, reserved 1048576K

Card table byte_map: [0x000001b518930000,0x000001b518b40000] _byte_map_base: 0x000001b518330000

Marking Bits: (ParMarkBitMap*) 0x00007ff92c01d0b0
 Begin Bits: [0x000001b52ac00000, 0x000001b52bc00000)
 End Bits:   [0x000001b52bc00000, 0x000001b52cc00000)

Polling page: 0x000001b518720000

Metaspace:

Usage:
  Non-class:      8.04 MB used.
      Class:    905.52 KB used.
       Both:      8.92 MB used.

Virtual space:
  Non-class space:       64.00 MB reserved,       8.06 MB ( 13%) committed,  1 nodes.
      Class space:        1.00 GB reserved,     960.00 KB ( <1%) committed,  1 nodes.
             Both:        1.06 GB reserved,       9.00 MB ( <1%) committed. 

Chunk freelists:
   Non-Class:  7.94 MB
       Class:  15.08 MB
        Both:  23.02 MB

MaxMetaspaceSize: unlimited
CompressedClassSpaceSize: 1.00 GB
Initial GC threshold: 21.00 MB
Current GC threshold: 21.00 MB
CDS: off
MetaspaceReclaimPolicy: balanced
 - commit_granule_bytes: 65536.
 - commit_granule_words: 8192.
 - virtual_space_node_default_size: 8388608.
 - enlarge_chunks_in_place: 1.
 - new_chunks_are_fully_committed: 0.
 - uncommit_free_chunks: 1.
 - use_allocation_guard: 0.
 - handle_deallocations: 1.


Internal statistics:

num_allocs_failed_limit: 0.
num_arena_births: 10.
num_arena_deaths: 0.
num_vsnodes_births: 2.
num_vsnodes_deaths: 0.
num_space_committed: 144.
num_space_uncommitted: 0.
num_chunks_returned_to_freelist: 0.
num_chunks_taken_from_freelist: 44.
num_chunk_merges: 0.
num_chunk_splits: 26.
num_chunks_enlarged: 25.
num_inconsistent_stats: 0.

CodeHeap 'non-profiled nmethods': size=120000Kb used=197Kb max_used=197Kb free=119802Kb
 bounds [0x000001b5236d0000, 0x000001b523940000, 0x000001b52ac00000]
CodeHeap 'profiled nmethods': size=120000Kb used=923Kb max_used=923Kb free=119076Kb
 bounds [0x000001b51bc00000, 0x000001b51be70000, 0x000001b523130000]
CodeHeap 'non-nmethods': size=5760Kb used=1146Kb max_used=1162Kb free=4613Kb
 bounds [0x000001b523130000, 0x000001b5233a0000, 0x000001b5236d0000]
 total_blobs=1021 nmethods=599 adapters=337
 compilation: enabled
              stopped_count=0, restarted_count=0
 full_count=0

Compilation events (20 events):
Event: 0.624 Thread 0x000001b5321c74e0 nmethod 581 0x000001b51bccc310 code [0x000001b51bccc640, 0x000001b51bcce148]
Event: 0.624 Thread 0x000001b5321c74e0  589       3       java.util.HashMap::putVal (300 bytes)
Event: 0.625 Thread 0x000001b5321c74e0 nmethod 589 0x000001b51bcce990 code [0x000001b51bccec40, 0x000001b51bccfd58]
Event: 0.625 Thread 0x000001b5321c74e0  584       2       java.util.HashSet::iterator (13 bytes)
Event: 0.625 Thread 0x000001b5321c74e0 nmethod 584 0x000001b51bcd0210 code [0x000001b51bcd03c0, 0x000001b51bcd0518]
Event: 0.625 Thread 0x000001b5321c74e0  582       3       java.lang.invoke.VarHandleByteArrayAsInts$ArrayHandle::get (36 bytes)
Event: 0.626 Thread 0x000001b5321c74e0 nmethod 582 0x000001b51bcd0610 code [0x000001b51bcd07e0, 0x000001b51bcd0c98]
Event: 0.626 Thread 0x000001b5321c74e0  587       3       java.util.HashMap$EntryIterator::next (5 bytes)
Event: 0.626 Thread 0x000001b5321c74e0 nmethod 587 0x000001b51bcd0e90 code [0x000001b51bcd1040, 0x000001b51bcd11c8]
Event: 0.626 Thread 0x000001b5321c74e0  588       3       java.util.HashMap$EntryIterator::next (5 bytes)
Event: 0.626 Thread 0x000001b5321c74e0 nmethod 588 0x000001b51bcd1290 code [0x000001b51bcd1420, 0x000001b51bcd1568]
Event: 0.626 Thread 0x000001b5321c74e0  586       3       java.util.Arrays::copyOf (40 bytes)
Event: 0.626 Thread 0x000001b5321c74e0 nmethod 586 0x000001b51bcd1610 code [0x000001b51bcd1800, 0x000001b51bcd1ea8]
Event: 0.626 Thread 0x000001b5321c74e0  590       1       java.security.Provider$UString::toString (5 bytes)
Event: 0.626 Thread 0x000001b5321c74e0 nmethod 590 0x000001b523700490 code [0x000001b523700620, 0x000001b5237006f8]
Event: 0.626 Thread 0x000001b5321c74e0  591       1       java.security.Provider$Service::getProvider (5 bytes)
Event: 0.626 Thread 0x000001b5321c74e0 nmethod 591 0x000001b523700790 code [0x000001b523700920, 0x000001b5237009f8]
Event: 0.626 Thread 0x000001b5321c74e0  592       3       sun.security.provider.SHA2::implCompress0 (490 bytes)
Event: 0.627 Thread 0x000001b5321c74e0 nmethod 592 0x000001b51bcd2090 code [0x000001b51bcd2280, 0x000001b51bcd2ae8]
Event: 0.627 Thread 0x000001b5321c74e0  593       3       sun.security.provider.ByteArrayAccess::b2iBig64 (231 bytes)

GC Heap History (0 events):
No events

Dll operation events (8 events):
Event: 0.018 Loaded shared library c:\Users\sachi\.vscode\extensions\redhat.java-1.25.1-win32-x64\jre\17.0.9-win32-x86_64\bin\java.dll
Event: 0.239 Loaded shared library c:\Users\sachi\.vscode\extensions\redhat.java-1.25.1-win32-x64\jre\17.0.9-win32-x86_64\bin\zip.dll
Event: 0.243 Loaded shared library C:\Users\sachi\.vscode\extensions\redhat.java-1.25.1-win32-x64\jre\17.0.9-win32-x86_64\bin\instrument.dll
Event: 0.260 Loaded shared library C:\Users\sachi\.vscode\extensions\redhat.java-1.25.1-win32-x64\jre\17.0.9-win32-x86_64\bin\net.dll
Event: 0.262 Loaded shared library C:\Users\sachi\.vscode\extensions\redhat.java-1.25.1-win32-x64\jre\17.0.9-win32-x86_64\bin\nio.dll
Event: 0.270 Loaded shared library C:\Users\sachi\.vscode\extensions\redhat.java-1.25.1-win32-x64\jre\17.0.9-win32-x86_64\bin\zip.dll
Event: 0.294 Loaded shared library C:\Users\sachi\.vscode\extensions\redhat.java-1.25.1-win32-x64\jre\17.0.9-win32-x86_64\bin\jimage.dll
Event: 0.370 Loaded shared library c:\Users\sachi\.vscode\extensions\redhat.java-1.25.1-win32-x64\jre\17.0.9-win32-x86_64\bin\verify.dll

Deoptimization events (20 events):
Event: 0.461 Thread 0x000001b518f6b9a0 Uncommon trap: trap_request=0xffffff45 fr.pc=0x000001b5236df674 relative=0x0000000000000074
Event: 0.461 Thread 0x000001b518f6b9a0 Uncommon trap: reason=unstable_if action=reinterpret pc=0x000001b5236df674 method=java.lang.String.isLatin1()Z @ 10 c2
Event: 0.462 Thread 0x000001b518f6b9a0 DEOPT PACKING pc=0x000001b5236df674 sp=0x0000003cc70ff190
Event: 0.462 Thread 0x000001b518f6b9a0 DEOPT UNPACKING pc=0x000001b523189ea3 sp=0x0000003cc70ff0d0 mode 2
Event: 0.533 Thread 0x000001b518f6b9a0 Uncommon trap: trap_request=0xffffff45 fr.pc=0x000001b5236e7740 relative=0x00000000000000c0
Event: 0.533 Thread 0x000001b518f6b9a0 Uncommon trap: reason=unstable_if action=reinterpret pc=0x000001b5236e7740 method=java.net.URI.match(CJJ)Z @ 45 c2
Event: 0.533 Thread 0x000001b518f6b9a0 DEOPT PACKING pc=0x000001b5236e7740 sp=0x0000003cc70fcc60
Event: 0.533 Thread 0x000001b518f6b9a0 DEOPT UNPACKING pc=0x000001b523189ea3 sp=0x0000003cc70fcbe8 mode 2
Event: 0.544 Thread 0x000001b518f6b9a0 Uncommon trap: trap_request=0xffffff45 fr.pc=0x000001b5236f7d88 relative=0x0000000000000628
Event: 0.544 Thread 0x000001b518f6b9a0 Uncommon trap: reason=unstable_if action=reinterpret pc=0x000001b5236f7d88 method=java.lang.String.replace(Ljava/lang/CharSequence;Ljava/lang/CharSequence;)Ljava/lang/String; @ 48 c2
Event: 0.544 Thread 0x000001b518f6b9a0 DEOPT PACKING pc=0x000001b5236f7d88 sp=0x0000003cc70fcbd0
Event: 0.544 Thread 0x000001b518f6b9a0 DEOPT UNPACKING pc=0x000001b523189ea3 sp=0x0000003cc70fcb50 mode 2
Event: 0.600 Thread 0x000001b518f6b9a0 Uncommon trap: trap_request=0xffffff45 fr.pc=0x000001b5236e5ad8 relative=0x00000000000002d8
Event: 0.600 Thread 0x000001b518f6b9a0 Uncommon trap: reason=unstable_if action=reinterpret pc=0x000001b5236e5ad8 method=java.lang.StringUTF16.compress([CI[BII)I @ 20 c2
Event: 0.600 Thread 0x000001b518f6b9a0 DEOPT PACKING pc=0x000001b5236e5ad8 sp=0x0000003cc70fbd40
Event: 0.600 Thread 0x000001b518f6b9a0 DEOPT UNPACKING pc=0x000001b523189ea3 sp=0x0000003cc70fbcc0 mode 2
Event: 0.612 Thread 0x000001b518f6b9a0 Uncommon trap: trap_request=0xffffff45 fr.pc=0x000001b5236dead8 relative=0x0000000000000678
Event: 0.612 Thread 0x000001b518f6b9a0 Uncommon trap: reason=unstable_if action=reinterpret pc=0x000001b5236dead8 method=java.util.HashMap.putVal(ILjava/lang/Object;Ljava/lang/Object;ZZ)Ljava/lang/Object; @ 81 c2
Event: 0.612 Thread 0x000001b518f6b9a0 DEOPT PACKING pc=0x000001b5236dead8 sp=0x0000003cc70fe030
Event: 0.612 Thread 0x000001b518f6b9a0 DEOPT UNPACKING pc=0x000001b523189ea3 sp=0x0000003cc70fdfd0 mode 2

Classes unloaded (0 events):
No events

Classes redefined (0 events):
No events

Internal exceptions (2 events):
Event: 0.210 Thread 0x000001b518f6b9a0 Exception <a 'java/lang/NoSuchMethodError'{0x00000000eacb2a10}: 'void java.lang.invoke.DirectMethodHandle$Holder.invokeStatic(java.lang.Object, java.lang.Object, java.lang.Object)'> (0x00000000eacb2a10) 
thrown [s\src\hotspot\share\interpreter\linkResolver.cpp, line 759]
Event: 0.394 Thread 0x000001b518f6b9a0 Exception <a 'java/lang/reflect/InvocationTargetException'{0x00000000eafe3328}> (0x00000000eafe3328) 
thrown [s\src\hotspot\share\runtime\reflection.cpp, line 1121]

VM Operations (6 events):
Event: 0.215 Executing VM operation: HandshakeAllThreads
Event: 0.215 Executing VM operation: HandshakeAllThreads done
Event: 0.310 Executing VM operation: HandshakeAllThreads
Event: 0.310 Executing VM operation: HandshakeAllThreads done
Event: 0.621 Executing VM operation: HandshakeAllThreads
Event: 0.621 Executing VM operation: HandshakeAllThreads done

Events (20 events):
Event: 0.620 loading class sun/security/util/KeyUtil
Event: 0.621 loading class sun/security/util/KeyUtil done
Event: 0.621 loading class sun/security/util/Length
Event: 0.621 loading class sun/security/util/Length done
Event: 0.621 loading class javax/crypto/SecretKey
Event: 0.621 loading class javax/crypto/SecretKey done
Event: 0.621 loading class java/util/LinkedHashMap$LinkedEntrySet
Event: 0.621 loading class java/util/LinkedHashMap$LinkedEntrySet done
Event: 0.621 loading class java/util/LinkedHashMap$LinkedEntryIterator
Event: 0.621 loading class java/util/LinkedHashMap$LinkedEntryIterator done
Event: 0.622 loading class java/util/Base64
Event: 0.623 loading class java/util/Base64 done
Event: 0.623 loading class java/util/Base64$Decoder
Event: 0.623 loading class java/util/Base64$Decoder done
Event: 0.623 loading class java/util/Base64$Encoder
Event: 0.623 loading class java/util/Base64$Encoder done
Event: 0.623 loading class java/util/jar/JarVerifier$VerifierStream
Event: 0.624 loading class java/util/jar/JarVerifier$VerifierStream done
Event: 0.624 loading class sun/security/util/ManifestEntryVerifier$SunProviderHolder
Event: 0.624 loading class sun/security/util/ManifestEntryVerifier$SunProviderHolder done


Dynamic libraries:
0x00007ff71d5b0000 - 0x00007ff71d5be000 	c:\Users\sachi\.vscode\extensions\redhat.java-1.25.1-win32-x64\jre\17.0.9-win32-x86_64\bin\java.exe
0x00007ff9b0830000 - 0x00007ff9b0a47000 	C:\WINDOWS\SYSTEM32\ntdll.dll
0x00007ff9af780000 - 0x00007ff9af844000 	C:\WINDOWS\System32\KERNEL32.DLL
0x00007ff9ae040000 - 0x00007ff9ae3e6000 	C:\WINDOWS\System32\KERNELBASE.dll
0x00007ff9add90000 - 0x00007ff9adea1000 	C:\WINDOWS\System32\ucrtbase.dll
0x00007ff9a6eb0000 - 0x00007ff9a6ec7000 	c:\Users\sachi\.vscode\extensions\redhat.java-1.25.1-win32-x64\jre\17.0.9-win32-x86_64\bin\jli.dll
0x00007ff9b00f0000 - 0x00007ff9b029e000 	C:\WINDOWS\System32\USER32.dll
0x00007ff9ae3f0000 - 0x00007ff9ae416000 	C:\WINDOWS\System32\win32u.dll
0x00007ff9b02a0000 - 0x00007ff9b02c9000 	C:\WINDOWS\System32\GDI32.dll
0x00007ff9adeb0000 - 0x00007ff9adfc8000 	C:\WINDOWS\System32\gdi32full.dll
0x00007ff9ae420000 - 0x00007ff9ae4ba000 	C:\WINDOWS\System32\msvcp_win.dll
0x00007ff9a3940000 - 0x00007ff9a395b000 	c:\Users\sachi\.vscode\extensions\redhat.java-1.25.1-win32-x64\jre\17.0.9-win32-x86_64\bin\VCRUNTIME140.dll
0x00007ff98def0000 - 0x00007ff98e183000 	C:\WINDOWS\WinSxS\amd64_microsoft.windows.common-controls_6595b64144ccf1df_6.0.22621.2506_none_270c5ae97388e100\COMCTL32.dll
0x00007ff9aff40000 - 0x00007ff9affe7000 	C:\WINDOWS\System32\msvcrt.dll
0x00007ff9af380000 - 0x00007ff9af3b1000 	C:\WINDOWS\System32\IMM32.DLL
0x00007ff9a75b0000 - 0x00007ff9a75bc000 	c:\Users\sachi\.vscode\extensions\redhat.java-1.25.1-win32-x64\jre\17.0.9-win32-x86_64\bin\vcruntime140_1.dll
0x00007ff9643e0000 - 0x00007ff96446d000 	c:\Users\sachi\.vscode\extensions\redhat.java-1.25.1-win32-x64\jre\17.0.9-win32-x86_64\bin\msvcp140.dll
0x00007ff92b480000 - 0x00007ff92c0e1000 	c:\Users\sachi\.vscode\extensions\redhat.java-1.25.1-win32-x64\jre\17.0.9-win32-x86_64\bin\server\jvm.dll
0x00007ff9af590000 - 0x00007ff9af641000 	C:\WINDOWS\System32\ADVAPI32.dll
0x00007ff9ae760000 - 0x00007ff9ae805000 	C:\WINDOWS\System32\sechost.dll
0x00007ff9af860000 - 0x00007ff9af977000 	C:\WINDOWS\System32\RPCRT4.dll
0x00007ff9ac9f0000 - 0x00007ff9aca3d000 	C:\WINDOWS\SYSTEM32\POWRPROF.dll
0x00007ff98b650000 - 0x00007ff98b659000 	C:\WINDOWS\SYSTEM32\WSOCK32.dll
0x00007ff9af3c0000 - 0x00007ff9af431000 	C:\WINDOWS\System32\WS2_32.dll
0x00007ff9a7880000 - 0x00007ff9a78b4000 	C:\WINDOWS\SYSTEM32\WINMM.dll
0x00007ff9a7110000 - 0x00007ff9a711a000 	C:\WINDOWS\SYSTEM32\VERSION.dll
0x00007ff9ac9d0000 - 0x00007ff9ac9e3000 	C:\WINDOWS\SYSTEM32\UMPDC.dll
0x00007ff9acc90000 - 0x00007ff9acca8000 	C:\WINDOWS\SYSTEM32\kernel.appcore.dll
0x00007ff9a72d0000 - 0x00007ff9a72da000 	c:\Users\sachi\.vscode\extensions\redhat.java-1.25.1-win32-x64\jre\17.0.9-win32-x86_64\bin\jimage.dll
0x00007ff9ab380000 - 0x00007ff9ab5b3000 	C:\WINDOWS\SYSTEM32\DBGHELP.DLL
0x00007ff9afb30000 - 0x00007ff9afeb9000 	C:\WINDOWS\System32\combase.dll
0x00007ff9ae580000 - 0x00007ff9ae657000 	C:\WINDOWS\System32\OLEAUT32.dll
0x00007ff9a00c0000 - 0x00007ff9a00f2000 	C:\WINDOWS\SYSTEM32\dbgcore.DLL
0x00007ff9add10000 - 0x00007ff9add8a000 	C:\WINDOWS\System32\bcryptPrimitives.dll
0x00007ff9a1160000 - 0x00007ff9a116e000 	c:\Users\sachi\.vscode\extensions\redhat.java-1.25.1-win32-x64\jre\17.0.9-win32-x86_64\bin\instrument.dll
0x00007ff994de0000 - 0x00007ff994e05000 	c:\Users\sachi\.vscode\extensions\redhat.java-1.25.1-win32-x64\jre\17.0.9-win32-x86_64\bin\java.dll
0x00007ff99e0c0000 - 0x00007ff99e0d8000 	c:\Users\sachi\.vscode\extensions\redhat.java-1.25.1-win32-x64\jre\17.0.9-win32-x86_64\bin\zip.dll
0x00007ff9ae880000 - 0x00007ff9af0da000 	C:\WINDOWS\System32\SHELL32.dll
0x00007ff9aba80000 - 0x00007ff9ac376000 	C:\WINDOWS\SYSTEM32\windows.storage.dll
0x00007ff9ab940000 - 0x00007ff9aba7e000 	C:\WINDOWS\SYSTEM32\wintypes.dll
0x00007ff9af660000 - 0x00007ff9af753000 	C:\WINDOWS\System32\SHCORE.dll
0x00007ff9af0e0000 - 0x00007ff9af13e000 	C:\WINDOWS\System32\shlwapi.dll
0x00007ff9adad0000 - 0x00007ff9adaf6000 	C:\WINDOWS\SYSTEM32\profapi.dll
0x00007ff99afc0000 - 0x00007ff99afd9000 	C:\Users\sachi\.vscode\extensions\redhat.java-1.25.1-win32-x64\jre\17.0.9-win32-x86_64\bin\net.dll
0x00007ff9a8ae0000 - 0x00007ff9a8c17000 	C:\WINDOWS\SYSTEM32\WINHTTP.dll
0x00007ff9ad110000 - 0x00007ff9ad179000 	C:\WINDOWS\system32\mswsock.dll
0x00007ff99dfb0000 - 0x00007ff99dfc6000 	C:\Users\sachi\.vscode\extensions\redhat.java-1.25.1-win32-x64\jre\17.0.9-win32-x86_64\bin\nio.dll
0x00007ff994d70000 - 0x00007ff994d80000 	c:\Users\sachi\.vscode\extensions\redhat.java-1.25.1-win32-x64\jre\17.0.9-win32-x86_64\bin\verify.dll

dbghelp: loaded successfully - version: 4.0.5 - missing functions: none
symbol engine: initialized successfully - sym options: 0x614 - pdb path: .;c:\Users\sachi\.vscode\extensions\redhat.java-1.25.1-win32-x64\jre\17.0.9-win32-x86_64\bin;C:\WINDOWS\SYSTEM32;C:\WINDOWS\WinSxS\amd64_microsoft.windows.common-controls_6595b64144ccf1df_6.0.22621.2506_none_270c5ae97388e100;c:\Users\sachi\.vscode\extensions\redhat.java-1.25.1-win32-x64\jre\17.0.9-win32-x86_64\bin\server

VM Arguments:
jvm_args: --add-modules=ALL-SYSTEM --add-opens=java.base/java.util=ALL-UNNAMED --add-opens=java.base/java.lang=ALL-UNNAMED --add-opens=java.base/sun.nio.fs=ALL-UNNAMED -Declipse.application=org.eclipse.jdt.ls.core.id1 -Dosgi.bundles.defaultStartLevel=4 -Declipse.product=org.eclipse.jdt.ls.core.product -Djava.import.generatesMetadataFilesAtProjectRoot=false -DDetectVMInstallationsJob.disabled=true -Dfile.encoding=utf8 -XX:+UseParallelGC -XX:GCTimeRatio=4 -XX:AdaptiveSizePolicyWeight=90 -Dsun.zip.disableMemoryMapping=true -Xmx1G -Xms100m -Xlog:disable -javaagent:c:\Users\sachi\.vscode\extensions\redhat.java-1.25.1-win32-x64\lombok\lombok-1.18.30.jar -XX:+HeapDumpOnOutOfMemoryError -XX:HeapDumpPath=c:\Users\sachi\AppData\Roaming\Code\User\workspaceStorage\4d30ff6712c740fc710bc5a139a2b1a1\redhat.java -Daether.dependencyCollector.impl=bf 
java_command: c:\Users\sachi\.vscode\extensions\redhat.java-1.25.1-win32-x64\server\plugins\org.eclipse.equinox.launcher_1.6.600.v20231106-1826.jar -configuration c:\Users\sachi\AppData\Roaming\Code\User\globalStorage\redhat.java\1.25.1\config_win -data c:\Users\sachi\AppData\Roaming\Code\User\workspaceStorage\4d30ff6712c740fc710bc5a139a2b1a1\redhat.java\jdt_ws --stdio
java_class_path (initial): c:\Users\sachi\.vscode\extensions\redhat.java-1.25.1-win32-x64\server\plugins\org.eclipse.equinox.launcher_1.6.600.v20231106-1826.jar
Launcher Type: SUN_STANDARD

[Global flags]
    uintx AdaptiveSizePolicyWeight                 = 90                                        {product} {command line}
     intx CICompilerCount                          = 4                                         {product} {ergonomic}
    uintx GCTimeRatio                              = 4                                         {product} {command line}
     bool HeapDumpOnOutOfMemoryError               = true                                   {manageable} {command line}
    ccstr HeapDumpPath                             = c:\Users\sachi\AppData\Roaming\Code\User\workspaceStorage\4d30ff6712c740fc710bc5a139a2b1a1\redhat.java         {manageable} {command line}
   size_t InitialHeapSize                          = 104857600                                 {product} {command line}
   size_t MaxHeapSize                              = 1073741824                                {product} {command line}
   size_t MaxNewSize                               = 357564416                                 {product} {ergonomic}
   size_t MinHeapDeltaBytes                        = 524288                                    {product} {ergonomic}
   size_t MinHeapSize                              = 104857600                                 {product} {command line}
   size_t NewSize                                  = 34603008                                  {product} {ergonomic}
    uintx NonNMethodCodeHeapSize                   = 5839372                                {pd product} {ergonomic}
    uintx NonProfiledCodeHeapSize                  = 122909434                              {pd product} {ergonomic}
   size_t OldSize                                  = 70254592                                  {product} {ergonomic}
    uintx ProfiledCodeHeapSize                     = 122909434                              {pd product} {ergonomic}
    uintx ReservedCodeCacheSize                    = 251658240                              {pd product} {ergonomic}
     bool SegmentedCodeCache                       = true                                      {product} {ergonomic}
   size_t SoftMaxHeapSize                          = 1073741824                             {manageable} {ergonomic}
     bool UseCompressedClassPointers               = true                           {product lp64_product} {ergonomic}
     bool UseCompressedOops                        = true                           {product lp64_product} {ergonomic}
     bool UseLargePagesIndividualAllocation        = false                                  {pd product} {ergonomic}
     bool UseParallelGC                            = true                                      {product} {command line}

Logging:
Log output configuration:
 #0: stdout all=off uptime,level,tags
 #1: stderr all=off uptime,level,tags

Environment Variables:
PATH=C:\Program Files\Common Files\Oracle\Java\javapath;C:\Program Files\NVIDIA GPU Computing Toolkit\CUDA\v12.0\bin;C:\Program Files\NVIDIA GPU Computing Toolkit\CUDA\v12.0\libnvvp;C:\windows\system32;C:\windows;C:\windows\System32\Wbem;C:\windows\System32\WindowsPowerShell\v1.0\;C:\windows\System32\OpenSSH\;C:\Program Files (x86)\NVIDIA Corporation\PhysX\Common;C:\Program Files\NVIDIA Corporation\NVIDIA NvDLISR;C:\Program Files\Microsoft SQL Server\150\Tools\Binn\;C:\Program Files\nodejs\;C:\Program Files\Git\cmd;C:\WINDOWS\system32;C:\WINDOWS;C:\WINDOWS\System32\Wbem;C:\WINDOWS\System32\WindowsPowerShell\v1.0\;C:\WINDOWS\System32\OpenSSH\;C:\Program Files\JetBrains\IntelliJ IDEA Community Edition 2023.2.2\bin;C:\Program Files\MySQL\MySQL Server 8.0\bin;C:\Program Files\MongoDB\Server\7.0\bin;C:\Program Files\MongoDB\mongosh-2.0.1-win32-x64\bin;C:\Users\sachi\Downloads\apache-maven-3.9.5-bin\apache-maven-3.9.5\bin;C:\Program Files\MySQL\MySQL Shell 8.0\bin\;C:\Users\sachi\anaconda3;C:\Users\sachi\anaconda3\Library\mingw-w64\bin;C:\Users\sachi\anaconda3\Library\usr\bin;C:\Users\sachi\anaconda3\Library\bin;C:\Users\sachi\anaconda3\Scripts;C:\Users\sachi\AppData\Local\Programs\Python\Python311\Scripts\;C:\Users\sachi\AppData\Local\Programs\Python\Python311\;C:\Users\sachi\AppData\Local\Microsoft\WindowsApps;C:\Users\sachi\AppData\Local\Programs\Microsoft VS Code\bin;C:\Users\sachi\AppData\Roaming\npm;C:\platform-tools;C:\Program Files\JetBrains\IntelliJ IDEA 2023.2.2\bin;;C:\Program Files\JetBrains\IntelliJ IDEA Community Edition 2023.2.3\bin;;
USERNAME=sachi
OS=Windows_NT
PROCESSOR_IDENTIFIER=Intel64 Family 6 Model 140 Stepping 1, GenuineIntel
TMP=C:\Users\sachi\AppData\Local\Temp
TEMP=C:\Users\sachi\AppData\Local\Temp



Periodic native trim disabled


---------------  S Y S T E M  ---------------

OS:
 Windows 11 , 64 bit Build 22621 (10.0.22621.2506)
OS uptime: 0 days 3:02 hours
Hyper-V role detected

CPU: total 8 (initial active 8) (4 cores per cpu, 2 threads per core) family 6 model 140 stepping 1 microcode 0xb4, cx8, cmov, fxsr, ht, mmx, 3dnowpref, sse, sse2, sse3, ssse3, sse4.1, sse4.2, popcnt, lzcnt, tsc, tscinvbit, avx, avx2, aes, erms, clmul, bmi1, bmi2, adx, avx512f, avx512dq, avx512cd, avx512bw, avx512vl, sha, fma, vzeroupper, avx512_vpopcntdq, avx512_vpclmulqdq, avx512_vaes, avx512_vnni, clflush, clflushopt, clwb, avx512_vbmi2, avx512_vbmi, hv
Processor Information for all 8 processors :
  Max Mhz: 3110, Current Mhz: 3110, Mhz Limit: 3110

Memory: 4k page, system-wide physical 7937M (207M free)
TotalPageFile size 12016M (AvailPageFile size 15M)
current process WorkingSet (physical memory assigned to process): 56M, peak: 56M
current process commit charge ("private bytes"): 194M, peak: 194M

vm_info: OpenJDK 64-Bit Server VM (17.0.9+9) for windows-amd64 JRE (17.0.9+9), built on Oct 26 2023 14:01:42 by "admin" with MS VC++ 16.10 / 16.11 (VS2019)

END.
