#
# There is insufficient memory for the Java Runtime Environment to continue.
# Native memory allocation (malloc) failed to allocate 1048576 bytes for AllocateHeap
# Possible reasons:
#   The system is out of physical RAM or swap space
#   The process is running with CompressedOops enabled, and the Java Heap may be blocking the growth of the native heap
# Possible solutions:
#   Reduce memory load on the system
#   Increase physical memory or swap space
#   Check if swap backing store is full
#   Decrease Java heap size (-Xmx/-Xms)
#   Decrease number of Java threads
#   Decrease Java thread stack sizes (-Xss)
#   Set larger code cache with -XX:ReservedCodeCacheSize=
#   JVM is running with Unscaled Compressed Oops mode in which the Java heap is
#     placed in the first 4GB address space. The Java Heap base address is the
#     maximum limit for the native heap growth. Please use -XX:HeapBaseMinAddress
#     to set the Java Heap base and to place the Java Heap above 4GB virtual address.
# This output file may be truncated or incomplete.
#
#  Out of Memory Error (allocation.cpp:44), pid=10292, tid=6716
#
# JRE version:  (17.0.9+9) (build )
# Java VM: OpenJDK 64-Bit Server VM (17.0.9+9, mixed mode, tiered, compressed oops, compressed class ptrs, parallel gc, windows-amd64)
# No core dump will be written. Minidumps are not enabled by default on client versions of Windows
#

---------------  S U M M A R Y ------------

Command Line: --add-modules=ALL-SYSTEM --add-opens=java.base/java.util=ALL-UNNAMED --add-opens=java.base/java.lang=ALL-UNNAMED --add-opens=java.base/sun.nio.fs=ALL-UNNAMED -Declipse.application=org.eclipse.jdt.ls.core.id1 -Dosgi.bundles.defaultStartLevel=4 -Declipse.product=org.eclipse.jdt.ls.core.product -Djava.import.generatesMetadataFilesAtProjectRoot=false -DDetectVMInstallationsJob.disabled=true -Dfile.encoding=utf8 -XX:+UseParallelGC -XX:GCTimeRatio=4 -XX:AdaptiveSizePolicyWeight=90 -Dsun.zip.disableMemoryMapping=true -Xmx1G -Xms100m -Xlog:disable -javaagent:c:\Users\sachi\.vscode\extensions\redhat.java-1.25.1-win32-x64\lombok\lombok-1.18.30.jar -XX:+HeapDumpOnOutOfMemoryError -XX:HeapDumpPath=c:\Users\sachi\AppData\Roaming\Code\User\workspaceStorage\4d30ff6712c740fc710bc5a139a2b1a1\redhat.java -Daether.dependencyCollector.impl=bf c:\Users\sachi\.vscode\extensions\redhat.java-1.25.1-win32-x64\server\plugins\org.eclipse.equinox.launcher_1.6.600.v20231106-1826.jar -configuration c:\Users\sachi\AppData\Roaming\Code\User\globalStorage\redhat.java\1.25.1\config_win -data c:\Users\sachi\AppData\Roaming\Code\User\workspaceStorage\4d30ff6712c740fc710bc5a139a2b1a1\redhat.java\jdt_ws --stdio

Host: 11th Gen Intel(R) Core(TM) i5-11300H @ 3.10GHz, 8 cores, 7G,  Windows 11 , 64 bit Build 22621 (10.0.22621.2506)
Time: Thu Dec 14 14:41:31 2023 India Standard Time elapsed time: 0.102032 seconds (0d 0h 0m 0s)

---------------  T H R E A D  ---------------

Current thread (0x0000020f42dea980):  JavaThread "Unknown thread" [_thread_in_vm, id=6716, stack(0x0000005565e00000,0x0000005565f00000)]

Stack: [0x0000005565e00000,0x0000005565f00000]
Native frames: (J=compiled Java code, j=interpreted, Vv=VM code, C=native code)
V  [jvm.dll+0x67cf49]
V  [jvm.dll+0x83478a]
V  [jvm.dll+0x83624e]
V  [jvm.dll+0x8368b3]
V  [jvm.dll+0x247f1f]
V  [jvm.dll+0xa6b4b]
V  [jvm.dll+0x6afa7a]
V  [jvm.dll+0x6b076f]
V  [jvm.dll+0x689683]
V  [jvm.dll+0x80674b]
V  [jvm.dll+0x36cfb4]
V  [jvm.dll+0x7e4aac]
V  [jvm.dll+0x3f07af]
V  [jvm.dll+0x3f23e1]
C  [jli.dll+0x528f]
C  [ucrtbase.dll+0x29363]
C  [KERNEL32.DLL+0x1257d]
C  [ntdll.dll+0x5aa58]


---------------  P R O C E S S  ---------------

Threads class SMR info:
_java_thread_list=0x00007ff92bfaee98, length=0, elements={
}

Java Threads: ( => current thread )

Other Threads:
  0x0000020f42e01e20 GCTaskThread "GC Thread#0" [stack: 0x0000005566000000,0x0000005566100000] [id=12140]

=>0x0000020f42dea980 (exited) JavaThread "Unknown thread" [_thread_in_vm, id=6716, stack(0x0000005565e00000,0x0000005565f00000)]

Threads with active compile tasks:

VM state: not at safepoint (normal execution)

VM Mutex/Monitor currently owned by a thread: None

Heap address: 0x00000000c0000000, size: 1024 MB, Compressed Oops mode: 32-bit

CDS archive(s) not mapped
Compressed class space mapped at: 0x0000000100000000-0x0000000140000000, reserved size: 1073741824
Narrow klass base: 0x0000000000000000, Narrow klass shift: 3, Narrow klass range: 0x140000000

GC Precious Log:
 CPUs: 8 total, 8 available
 Memory: 7937M
 Large Page Support: Disabled
 NUMA Support: Disabled
 Compressed Oops: Enabled (32-bit)
 Alignments: Space 512K, Generation 512K, Heap 2M
 Heap Min Capacity: 100M
 Heap Initial Capacity: 100M
 Heap Max Capacity: 1G
 Pre-touch: Disabled
 Parallel Workers: 8

Heap:
 PSYoungGen      total 29696K, used 512K [0x00000000eab00000, 0x00000000ecc00000, 0x0000000100000000)
  eden space 25600K, 2% used [0x00000000eab00000,0x00000000eab80070,0x00000000ec400000)
  from space 4096K, 0% used [0x00000000ec800000,0x00000000ec800000,0x00000000ecc00000)
  to   space 4096K, 0% used [0x00000000ec400000,0x00000000ec400000,0x00000000ec800000)
 ParOldGen       total 68608K, used 0K [0x00000000c0000000, 0x00000000c4300000, 0x00000000eab00000)
  object space 68608K, 0% used [0x00000000c0000000,0x00000000c0000000,0x00000000c4300000)
 Metaspace       used 1149K, committed 1216K, reserved 1114112K
  class space    used 101K, committed 128K, reserved 1048576K

Card table byte_map: [0x0000020f42780000,0x0000020f42990000] _byte_map_base: 0x0000020f42180000

Marking Bits: (ParMarkBitMap*) 0x00007ff92c01d0b0
 Begin Bits: [0x0000020f54a80000, 0x0000020f55a80000)
 End Bits:   [0x0000020f55a80000, 0x0000020f56a80000)

Polling page: 0x0000020f40db0000

Metaspace:

Usage:
  Non-class:      1.02 MB used.
      Class:    101.05 KB used.
       Both:      1.12 MB used.

Virtual space:
  Non-class space:       64.00 MB reserved,       1.06 MB (  2%) committed,  1 nodes.
      Class space:        1.00 GB reserved,     128.00 KB ( <1%) committed,  1 nodes.
             Both:        1.06 GB reserved,       1.19 MB ( <1%) committed. 

Chunk freelists:
   Non-Class:  12.00 MB
       Class:  15.75 MB
        Both:  27.75 MB

MaxMetaspaceSize: unlimited
CompressedClassSpaceSize: 1.00 GB
Initial GC threshold: 21.00 MB
Current GC threshold: 17179869184.00 GB
CDS: off
MetaspaceReclaimPolicy: balanced
 - commit_granule_bytes: 65536.
 - commit_granule_words: 8192.
 - virtual_space_node_default_size: 8388608.
 - enlarge_chunks_in_place: 1.
 - new_chunks_are_fully_committed: 0.
 - uncommit_free_chunks: 1.
 - use_allocation_guard: 0.
 - handle_deallocations: 1.


Internal statistics:

num_allocs_failed_limit: 0.
num_arena_births: 2.
num_arena_deaths: 0.
num_vsnodes_births: 2.
num_vsnodes_deaths: 0.
num_space_committed: 19.
num_space_uncommitted: 0.
num_chunks_returned_to_freelist: 0.
num_chunks_taken_from_freelist: 3.
num_chunk_merges: 0.
num_chunk_splits: 2.
num_chunks_enlarged: 0.
num_inconsistent_stats: 0.

CodeHeap 'non-profiled nmethods': size=120000Kb used=0Kb max_used=0Kb free=120000Kb
 bounds [0x0000020f4d550000, 0x0000020f4d7c0000, 0x0000020f54a80000]
CodeHeap 'profiled nmethods': size=120000Kb used=0Kb max_used=0Kb free=120000Kb
 bounds [0x0000020f45a80000, 0x0000020f45cf0000, 0x0000020f4cfb0000]
CodeHeap 'non-nmethods': size=5760Kb used=208Kb max_used=360Kb free=5551Kb
 bounds [0x0000020f4cfb0000, 0x0000020f4d220000, 0x0000020f4d550000]
 total_blobs=66 nmethods=0 adapters=47
 compilation: enabled
              stopped_count=0, restarted_count=0
 full_count=0

Compilation events (0 events):
No events

GC Heap History (0 events):
No events

Dll operation events (1 events):
Event: 0.020 Loaded shared library c:\Users\sachi\.vscode\extensions\redhat.java-1.25.1-win32-x64\jre\17.0.9-win32-x86_64\bin\java.dll

Deoptimization events (0 events):
No events

Classes unloaded (0 events):
No events

Classes redefined (0 events):
No events

Internal exceptions (0 events):
No events

VM Operations (0 events):
No events

Events (20 events):
Event: 0.092 loading class java/lang/Long
Event: 0.093 loading class java/lang/Long done
Event: 0.093 loading class java/util/Iterator
Event: 0.093 loading class java/util/Iterator done
Event: 0.093 loading class java/lang/reflect/RecordComponent
Event: 0.093 loading class java/lang/reflect/RecordComponent done
Event: 0.093 loading class jdk/internal/vm/vector/VectorSupport
Event: 0.094 loading class jdk/internal/vm/vector/VectorSupport done
Event: 0.094 loading class jdk/internal/vm/vector/VectorSupport$VectorPayload
Event: 0.094 loading class jdk/internal/vm/vector/VectorSupport$VectorPayload done
Event: 0.094 loading class jdk/internal/vm/vector/VectorSupport$Vector
Event: 0.094 loading class jdk/internal/vm/vector/VectorSupport$Vector done
Event: 0.094 loading class jdk/internal/vm/vector/VectorSupport$VectorMask
Event: 0.094 loading class jdk/internal/vm/vector/VectorSupport$VectorMask done
Event: 0.094 loading class jdk/internal/vm/vector/VectorSupport$VectorShuffle
Event: 0.094 loading class jdk/internal/vm/vector/VectorSupport$VectorShuffle done
Event: 0.097 loading class java/lang/NullPointerException
Event: 0.097 loading class java/lang/NullPointerException done
Event: 0.097 loading class java/lang/ArithmeticException
Event: 0.097 loading class java/lang/ArithmeticException done


Dynamic libraries:
0x00007ff71d5b0000 - 0x00007ff71d5be000 	c:\Users\sachi\.vscode\extensions\redhat.java-1.25.1-win32-x64\jre\17.0.9-win32-x86_64\bin\java.exe
0x00007ff9b0830000 - 0x00007ff9b0a47000 	C:\WINDOWS\SYSTEM32\ntdll.dll
0x00007ff9af780000 - 0x00007ff9af844000 	C:\WINDOWS\System32\KERNEL32.DLL
0x00007ff9ae040000 - 0x00007ff9ae3e6000 	C:\WINDOWS\System32\KERNELBASE.dll
0x00007ff9add90000 - 0x00007ff9adea1000 	C:\WINDOWS\System32\ucrtbase.dll
0x00007ff9a6eb0000 - 0x00007ff9a6ec7000 	c:\Users\sachi\.vscode\extensions\redhat.java-1.25.1-win32-x64\jre\17.0.9-win32-x86_64\bin\jli.dll
0x00007ff9b00f0000 - 0x00007ff9b029e000 	C:\WINDOWS\System32\USER32.dll
0x00007ff9ae3f0000 - 0x00007ff9ae416000 	C:\WINDOWS\System32\win32u.dll
0x00007ff9b02a0000 - 0x00007ff9b02c9000 	C:\WINDOWS\System32\GDI32.dll
0x00007ff9adeb0000 - 0x00007ff9adfc8000 	C:\WINDOWS\System32\gdi32full.dll
0x00007ff9ae420000 - 0x00007ff9ae4ba000 	C:\WINDOWS\System32\msvcp_win.dll
0x00007ff9a3940000 - 0x00007ff9a395b000 	c:\Users\sachi\.vscode\extensions\redhat.java-1.25.1-win32-x64\jre\17.0.9-win32-x86_64\bin\VCRUNTIME140.dll
0x00007ff98def0000 - 0x00007ff98e183000 	C:\WINDOWS\WinSxS\amd64_microsoft.windows.common-controls_6595b64144ccf1df_6.0.22621.2506_none_270c5ae97388e100\COMCTL32.dll
0x00007ff9aff40000 - 0x00007ff9affe7000 	C:\WINDOWS\System32\msvcrt.dll
0x00007ff9af380000 - 0x00007ff9af3b1000 	C:\WINDOWS\System32\IMM32.DLL
0x00007ff9a75b0000 - 0x00007ff9a75bc000 	c:\Users\sachi\.vscode\extensions\redhat.java-1.25.1-win32-x64\jre\17.0.9-win32-x86_64\bin\vcruntime140_1.dll
0x00007ff9643e0000 - 0x00007ff96446d000 	c:\Users\sachi\.vscode\extensions\redhat.java-1.25.1-win32-x64\jre\17.0.9-win32-x86_64\bin\msvcp140.dll
0x00007ff92b480000 - 0x00007ff92c0e1000 	c:\Users\sachi\.vscode\extensions\redhat.java-1.25.1-win32-x64\jre\17.0.9-win32-x86_64\bin\server\jvm.dll
0x00007ff9af590000 - 0x00007ff9af641000 	C:\WINDOWS\System32\ADVAPI32.dll
0x00007ff9ae760000 - 0x00007ff9ae805000 	C:\WINDOWS\System32\sechost.dll
0x00007ff9af860000 - 0x00007ff9af977000 	C:\WINDOWS\System32\RPCRT4.dll
0x00007ff9ac9f0000 - 0x00007ff9aca3d000 	C:\WINDOWS\SYSTEM32\POWRPROF.dll
0x00007ff98b650000 - 0x00007ff98b659000 	C:\WINDOWS\SYSTEM32\WSOCK32.dll
0x00007ff9af3c0000 - 0x00007ff9af431000 	C:\WINDOWS\System32\WS2_32.dll
0x00007ff9a7880000 - 0x00007ff9a78b4000 	C:\WINDOWS\SYSTEM32\WINMM.dll
0x00007ff9a7110000 - 0x00007ff9a711a000 	C:\WINDOWS\SYSTEM32\VERSION.dll
0x00007ff9ac9d0000 - 0x00007ff9ac9e3000 	C:\WINDOWS\SYSTEM32\UMPDC.dll
0x00007ff9acc90000 - 0x00007ff9acca8000 	C:\WINDOWS\SYSTEM32\kernel.appcore.dll
0x00007ff9a72d0000 - 0x00007ff9a72da000 	c:\Users\sachi\.vscode\extensions\redhat.java-1.25.1-win32-x64\jre\17.0.9-win32-x86_64\bin\jimage.dll
0x00007ff9ab380000 - 0x00007ff9ab5b3000 	C:\WINDOWS\SYSTEM32\DBGHELP.DLL
0x00007ff9afb30000 - 0x00007ff9afeb9000 	C:\WINDOWS\System32\combase.dll
0x00007ff9ae580000 - 0x00007ff9ae657000 	C:\WINDOWS\System32\OLEAUT32.dll
0x00007ff9a00c0000 - 0x00007ff9a00f2000 	C:\WINDOWS\SYSTEM32\dbgcore.DLL
0x00007ff9add10000 - 0x00007ff9add8a000 	C:\WINDOWS\System32\bcryptPrimitives.dll
0x00007ff9a1160000 - 0x00007ff9a116e000 	c:\Users\sachi\.vscode\extensions\redhat.java-1.25.1-win32-x64\jre\17.0.9-win32-x86_64\bin\instrument.dll
0x00007ff994de0000 - 0x00007ff994e05000 	c:\Users\sachi\.vscode\extensions\redhat.java-1.25.1-win32-x64\jre\17.0.9-win32-x86_64\bin\java.dll
0x00007ff99e0c0000 - 0x00007ff99e0d8000 	c:\Users\sachi\.vscode\extensions\redhat.java-1.25.1-win32-x64\jre\17.0.9-win32-x86_64\bin\zip.dll

dbghelp: loaded successfully - version: 4.0.5 - missing functions: none
symbol engine: initialized successfully - sym options: 0x614 - pdb path: .;c:\Users\sachi\.vscode\extensions\redhat.java-1.25.1-win32-x64\jre\17.0.9-win32-x86_64\bin;C:\WINDOWS\SYSTEM32;C:\WINDOWS\WinSxS\amd64_microsoft.windows.common-controls_6595b64144ccf1df_6.0.22621.2506_none_270c5ae97388e100;c:\Users\sachi\.vscode\extensions\redhat.java-1.25.1-win32-x64\jre\17.0.9-win32-x86_64\bin\server

VM Arguments:
jvm_args: --add-modules=ALL-SYSTEM --add-opens=java.base/java.util=ALL-UNNAMED --add-opens=java.base/java.lang=ALL-UNNAMED --add-opens=java.base/sun.nio.fs=ALL-UNNAMED -Declipse.application=org.eclipse.jdt.ls.core.id1 -Dosgi.bundles.defaultStartLevel=4 -Declipse.product=org.eclipse.jdt.ls.core.product -Djava.import.generatesMetadataFilesAtProjectRoot=false -DDetectVMInstallationsJob.disabled=true -Dfile.encoding=utf8 -XX:+UseParallelGC -XX:GCTimeRatio=4 -XX:AdaptiveSizePolicyWeight=90 -Dsun.zip.disableMemoryMapping=true -Xmx1G -Xms100m -Xlog:disable -javaagent:c:\Users\sachi\.vscode\extensions\redhat.java-1.25.1-win32-x64\lombok\lombok-1.18.30.jar -XX:+HeapDumpOnOutOfMemoryError -XX:HeapDumpPath=c:\Users\sachi\AppData\Roaming\Code\User\workspaceStorage\4d30ff6712c740fc710bc5a139a2b1a1\redhat.java -Daether.dependencyCollector.impl=bf 
java_command: c:\Users\sachi\.vscode\extensions\redhat.java-1.25.1-win32-x64\server\plugins\org.eclipse.equinox.launcher_1.6.600.v20231106-1826.jar -configuration c:\Users\sachi\AppData\Roaming\Code\User\globalStorage\redhat.java\1.25.1\config_win -data c:\Users\sachi\AppData\Roaming\Code\User\workspaceStorage\4d30ff6712c740fc710bc5a139a2b1a1\redhat.java\jdt_ws --stdio
java_class_path (initial): c:\Users\sachi\.vscode\extensions\redhat.java-1.25.1-win32-x64\server\plugins\org.eclipse.equinox.launcher_1.6.600.v20231106-1826.jar
Launcher Type: SUN_STANDARD

[Global flags]
    uintx AdaptiveSizePolicyWeight                 = 90                                        {product} {command line}
     intx CICompilerCount                          = 4                                         {product} {ergonomic}
    uintx GCTimeRatio                              = 4                                         {product} {command line}
     bool HeapDumpOnOutOfMemoryError               = true                                   {manageable} {command line}
    ccstr HeapDumpPath                             = c:\Users\sachi\AppData\Roaming\Code\User\workspaceStorage\4d30ff6712c740fc710bc5a139a2b1a1\redhat.java         {manageable} {command line}
   size_t InitialHeapSize                          = 104857600                                 {product} {command line}
   size_t MaxHeapSize                              = 1073741824                                {product} {command line}
   size_t MaxNewSize                               = 357564416                                 {product} {ergonomic}
   size_t MinHeapDeltaBytes                        = 524288                                    {product} {ergonomic}
   size_t MinHeapSize                              = 104857600                                 {product} {command line}
   size_t NewSize                                  = 34603008                                  {product} {ergonomic}
    uintx NonNMethodCodeHeapSize                   = 5839372                                {pd product} {ergonomic}
    uintx NonProfiledCodeHeapSize                  = 122909434                              {pd product} {ergonomic}
   size_t OldSize                                  = 70254592                                  {product} {ergonomic}
    uintx ProfiledCodeHeapSize                     = 122909434                              {pd product} {ergonomic}
    uintx ReservedCodeCacheSize                    = 251658240                              {pd product} {ergonomic}
     bool SegmentedCodeCache                       = true                                      {product} {ergonomic}
   size_t SoftMaxHeapSize                          = 1073741824                             {manageable} {ergonomic}
     bool UseCompressedClassPointers               = true                           {product lp64_product} {ergonomic}
     bool UseCompressedOops                        = true                           {product lp64_product} {ergonomic}
     bool UseLargePagesIndividualAllocation        = false                                  {pd product} {ergonomic}
     bool UseParallelGC                            = true                                      {product} {command line}

Logging:
Log output configuration:
 #0: stdout all=off uptime,level,tags
 #1: stderr all=off uptime,level,tags

Environment Variables:
PATH=C:\Program Files\Common Files\Oracle\Java\javapath;C:\Program Files\NVIDIA GPU Computing Toolkit\CUDA\v12.0\bin;C:\Program Files\NVIDIA GPU Computing Toolkit\CUDA\v12.0\libnvvp;C:\windows\system32;C:\windows;C:\windows\System32\Wbem;C:\windows\System32\WindowsPowerShell\v1.0\;C:\windows\System32\OpenSSH\;C:\Program Files (x86)\NVIDIA Corporation\PhysX\Common;C:\Program Files\NVIDIA Corporation\NVIDIA NvDLISR;C:\Program Files\Microsoft SQL Server\150\Tools\Binn\;C:\Program Files\nodejs\;C:\Program Files\Git\cmd;C:\WINDOWS\system32;C:\WINDOWS;C:\WINDOWS\System32\Wbem;C:\WINDOWS\System32\WindowsPowerShell\v1.0\;C:\WINDOWS\System32\OpenSSH\;C:\Program Files\JetBrains\IntelliJ IDEA Community Edition 2023.2.2\bin;C:\Program Files\MySQL\MySQL Server 8.0\bin;C:\Program Files\MongoDB\Server\7.0\bin;C:\Program Files\MongoDB\mongosh-2.0.1-win32-x64\bin;C:\Users\sachi\Downloads\apache-maven-3.9.5-bin\apache-maven-3.9.5\bin;C:\Program Files\MySQL\MySQL Shell 8.0\bin\;C:\Users\sachi\anaconda3;C:\Users\sachi\anaconda3\Library\mingw-w64\bin;C:\Users\sachi\anaconda3\Library\usr\bin;C:\Users\sachi\anaconda3\Library\bin;C:\Users\sachi\anaconda3\Scripts;C:\Users\sachi\AppData\Local\Programs\Python\Python311\Scripts\;C:\Users\sachi\AppData\Local\Programs\Python\Python311\;C:\Users\sachi\AppData\Local\Microsoft\WindowsApps;C:\Users\sachi\AppData\Local\Programs\Microsoft VS Code\bin;C:\Users\sachi\AppData\Roaming\npm;C:\platform-tools;C:\Program Files\JetBrains\IntelliJ IDEA 2023.2.2\bin;;C:\Program Files\JetBrains\IntelliJ IDEA Community Edition 2023.2.3\bin;;
USERNAME=sachi
OS=Windows_NT
PROCESSOR_IDENTIFIER=Intel64 Family 6 Model 140 Stepping 1, GenuineIntel
TMP=C:\Users\sachi\AppData\Local\Temp
TEMP=C:\Users\sachi\AppData\Local\Temp



Periodic native trim disabled


---------------  S Y S T E M  ---------------

OS:
 Windows 11 , 64 bit Build 22621 (10.0.22621.2506)
OS uptime: 0 days 3:02 hours
Hyper-V role detected

CPU: total 8 (initial active 8) (4 cores per cpu, 2 threads per core) family 6 model 140 stepping 1 microcode 0xb4, cx8, cmov, fxsr, ht, mmx, 3dnowpref, sse, sse2, sse3, ssse3, sse4.1, sse4.2, popcnt, lzcnt, tsc, tscinvbit, avx, avx2, aes, erms, clmul, bmi1, bmi2, adx, avx512f, avx512dq, avx512cd, avx512bw, avx512vl, sha, fma, vzeroupper, avx512_vpopcntdq, avx512_vpclmulqdq, avx512_vaes, avx512_vnni, clflush, clflushopt, clwb, avx512_vbmi2, avx512_vbmi, hv
Processor Information for processor 0
  Max Mhz: 3110, Current Mhz: 3110, Mhz Limit: 3110
Processor Information for processor 1
  Max Mhz: 3110, Current Mhz: 3110, Mhz Limit: 3110
Processor Information for processor 2
  Max Mhz: 3110, Current Mhz: 1203, Mhz Limit: 3110
Processor Information for processor 3
  Max Mhz: 3110, Current Mhz: 1203, Mhz Limit: 3110
Processor Information for processor 4
  Max Mhz: 3110, Current Mhz: 3110, Mhz Limit: 3110
Processor Information for processor 5
  Max Mhz: 3110, Current Mhz: 3110, Mhz Limit: 3110
Processor Information for processor 6
  Max Mhz: 3110, Current Mhz: 3110, Mhz Limit: 3110
Processor Information for processor 7
  Max Mhz: 3110, Current Mhz: 3110, Mhz Limit: 3110

Memory: 4k page, system-wide physical 7937M (269M free)
TotalPageFile size 12016M (AvailPageFile size 72M)
current process WorkingSet (physical memory assigned to process): 16M, peak: 16M
current process commit charge ("private bytes"): 163M, peak: 164M

vm_info: OpenJDK 64-Bit Server VM (17.0.9+9) for windows-amd64 JRE (17.0.9+9), built on Oct 26 2023 14:01:42 by "admin" with MS VC++ 16.10 / 16.11 (VS2019)

END.
