#
# There is insufficient memory for the Java Runtime Environment to continue.
# Native memory allocation (malloc) failed to allocate 1017472 bytes for Chunk::new
# Possible reasons:
#   The system is out of physical RAM or swap space
#   The process is running with CompressedOops enabled, and the Java Heap may be blocking the growth of the native heap
# Possible solutions:
#   Reduce memory load on the system
#   Increase physical memory or swap space
#   Check if swap backing store is full
#   Decrease Java heap size (-Xmx/-Xms)
#   Decrease number of Java threads
#   Decrease Java thread stack sizes (-Xss)
#   Set larger code cache with -XX:ReservedCodeCacheSize=
#   JVM is running with Unscaled Compressed Oops mode in which the Java heap is
#     placed in the first 4GB address space. The Java Heap base address is the
#     maximum limit for the native heap growth. Please use -XX:HeapBaseMinAddress
#     to set the Java Heap base and to place the Java Heap above 4GB virtual address.
# This output file may be truncated or incomplete.
#
#  Out of Memory Error (arena.cpp:191), pid=7780, tid=17132
#
# JRE version: OpenJDK Runtime Environment Temurin-17.0.9+9 (17.0.9+9) (build 17.0.9+9)
# Java VM: OpenJDK 64-Bit Server VM Temurin-17.0.9+9 (17.0.9+9, mixed mode, tiered, compressed oops, compressed class ptrs, parallel gc, windows-amd64)
# No core dump will be written. Minidumps are not enabled by default on client versions of Windows
#

---------------  S U M M A R Y ------------

Command Line: --add-modules=ALL-SYSTEM --add-opens=java.base/java.util=ALL-UNNAMED --add-opens=java.base/java.lang=ALL-UNNAMED --add-opens=java.base/sun.nio.fs=ALL-UNNAMED -Declipse.application=org.eclipse.jdt.ls.core.id1 -Dosgi.bundles.defaultStartLevel=4 -Declipse.product=org.eclipse.jdt.ls.core.product -Djava.import.generatesMetadataFilesAtProjectRoot=false -DDetectVMInstallationsJob.disabled=true -Dfile.encoding=utf8 -XX:+UseParallelGC -XX:GCTimeRatio=4 -XX:AdaptiveSizePolicyWeight=90 -Dsun.zip.disableMemoryMapping=true -Xmx1G -Xms100m -Xlog:disable -javaagent:c:\Users\sachi\.vscode\extensions\redhat.java-1.25.1-win32-x64\lombok\lombok-1.18.30.jar -XX:+HeapDumpOnOutOfMemoryError -XX:HeapDumpPath=c:\Users\sachi\AppData\Roaming\Code\User\workspaceStorage\4d30ff6712c740fc710bc5a139a2b1a1\redhat.java -Daether.dependencyCollector.impl=bf c:\Users\sachi\.vscode\extensions\redhat.java-1.25.1-win32-x64\server\plugins\org.eclipse.equinox.launcher_1.6.600.v20231106-1826.jar -configuration c:\Users\sachi\AppData\Roaming\Code\User\globalStorage\redhat.java\1.25.1\config_win -data c:\Users\sachi\AppData\Roaming\Code\User\workspaceStorage\4d30ff6712c740fc710bc5a139a2b1a1\redhat.java\jdt_ws --stdio

Host: 11th Gen Intel(R) Core(TM) i5-11300H @ 3.10GHz, 8 cores, 7G,  Windows 11 , 64 bit Build 22621 (10.0.22621.2506)
Time: Fri Dec  8 17:23:58 2023 India Standard Time elapsed time: 11.622833 seconds (0d 0h 0m 11s)

---------------  T H R E A D  ---------------

Current thread (0x000002165d3cc390):  JavaThread "C2 CompilerThread1" daemon [_thread_in_native, id=17132, stack(0x0000004fc7400000,0x0000004fc7500000)]


Current CompileTask:
C2:  11622 6357       4       org.eclipse.jdt.internal.core.JavaElement::close (9 bytes)

Stack: [0x0000004fc7400000,0x0000004fc7500000]
Native frames: (J=compiled Java code, j=interpreted, Vv=VM code, C=native code)
V  [jvm.dll+0x67cf49]
V  [jvm.dll+0x83478a]
V  [jvm.dll+0x83624e]
V  [jvm.dll+0x8368b3]
V  [jvm.dll+0x247f1f]
V  [jvm.dll+0xac43c]
V  [jvm.dll+0xaca8c]
V  [jvm.dll+0x367067]
V  [jvm.dll+0x3313ba]
V  [jvm.dll+0x33085a]
V  [jvm.dll+0x21a5b1]
V  [jvm.dll+0x2199d1]
V  [jvm.dll+0x1a57cd]
V  [jvm.dll+0x2297ae]
V  [jvm.dll+0x22797c]
V  [jvm.dll+0x7e9877]
V  [jvm.dll+0x7e3c3a]
V  [jvm.dll+0x67be35]
C  [ucrtbase.dll+0x29363]
C  [KERNEL32.DLL+0x1257d]
C  [ntdll.dll+0x5aa58]


---------------  P R O C E S S  ---------------

Threads class SMR info:
_java_thread_list=0x000002165f686720, length=39, elements={
0x00000216402ddaf0, 0x00000216560c2030, 0x00000216560c51c0, 0x000002165b164b90,
0x000002164038a6a0, 0x000002164038b260, 0x000002164038be20, 0x000002165b18d020,
0x000002165b1eaab0, 0x00000216560ce3c0, 0x000002165b24e780, 0x000002165b4ea980,
0x000002165cc5ccb0, 0x000002165cfe8980, 0x000002165d32c5c0, 0x000002165d2a2690,
0x000002165d5d3020, 0x000002165d5d1be0, 0x000002165d5d20f0, 0x000002165d5d2600,
0x000002165d3cc390, 0x000002165d5d2b10, 0x000002165d5d3530, 0x000002165d5d0290,
0x000002165d5cfd80, 0x000002165d5d0cb0, 0x000002165ec08980, 0x000002165ec0e4a0,
0x000002165ec0b200, 0x000002165ec0acf0, 0x000002165ec07030, 0x000002165ec0d060,
0x000002165ec0c130, 0x000002165ec07a50, 0x000002165ec0cb50, 0x000002165ec08e90,
0x000002165ec093a0, 0x000002165ec098b0, 0x000002165ec09dc0
}

Java Threads: ( => current thread )
  0x00000216402ddaf0 JavaThread "main" [_thread_blocked, id=9788, stack(0x0000004fc5500000,0x0000004fc5600000)]
  0x00000216560c2030 JavaThread "Reference Handler" daemon [_thread_blocked, id=18620, stack(0x0000004fc5800000,0x0000004fc5900000)]
  0x00000216560c51c0 JavaThread "Finalizer" daemon [_thread_blocked, id=10896, stack(0x0000004fc5900000,0x0000004fc5a00000)]
  0x000002165b164b90 JavaThread "Signal Dispatcher" daemon [_thread_blocked, id=10432, stack(0x0000004fc5a00000,0x0000004fc5b00000)]
  0x000002164038a6a0 JavaThread "Attach Listener" daemon [_thread_blocked, id=2212, stack(0x0000004fc5b00000,0x0000004fc5c00000)]
  0x000002164038b260 JavaThread "Service Thread" daemon [_thread_blocked, id=8156, stack(0x0000004fc5c00000,0x0000004fc5d00000)]
  0x000002164038be20 JavaThread "Monitor Deflation Thread" daemon [_thread_blocked, id=5392, stack(0x0000004fc5d00000,0x0000004fc5e00000)]
  0x000002165b18d020 JavaThread "C2 CompilerThread0" daemon [_thread_in_native, id=19900, stack(0x0000004fc5e00000,0x0000004fc5f00000)]
  0x000002165b1eaab0 JavaThread "C1 CompilerThread0" daemon [_thread_in_native, id=15772, stack(0x0000004fc5f00000,0x0000004fc6000000)]
  0x00000216560ce3c0 JavaThread "Sweeper thread" daemon [_thread_blocked, id=2800, stack(0x0000004fc6000000,0x0000004fc6100000)]
  0x000002165b24e780 JavaThread "Common-Cleaner" daemon [_thread_blocked, id=5732, stack(0x0000004fc6100000,0x0000004fc6200000)]
  0x000002165b4ea980 JavaThread "Notification Thread" daemon [_thread_blocked, id=15296, stack(0x0000004fc6200000,0x0000004fc6300000)]
  0x000002165cc5ccb0 JavaThread "Active Thread: Equinox Container: c4e038f9-8323-47ae-a7cd-6f9aa4fb6bee" [_thread_blocked, id=10888, stack(0x0000004fc6b00000,0x0000004fc6c00000)]
  0x000002165cfe8980 JavaThread "Framework Event Dispatcher: Equinox Container: c4e038f9-8323-47ae-a7cd-6f9aa4fb6bee" daemon [_thread_blocked, id=7848, stack(0x0000004fc6c00000,0x0000004fc6d00000)]
  0x000002165d32c5c0 JavaThread "Start Level: Equinox Container: c4e038f9-8323-47ae-a7cd-6f9aa4fb6bee" daemon [_thread_blocked, id=19816, stack(0x0000004fc6d00000,0x0000004fc6e00000)]
  0x000002165d2a2690 JavaThread "Bundle File Closer" daemon [_thread_blocked, id=6092, stack(0x0000004fc6f00000,0x0000004fc7000000)]
  0x000002165d5d3020 JavaThread "SCR Component Actor" daemon [_thread_blocked, id=17456, stack(0x0000004fc7000000,0x0000004fc7100000)]
  0x000002165d5d1be0 JavaThread "Worker-JM" [_thread_blocked, id=6472, stack(0x0000004fc6400000,0x0000004fc6500000)]
  0x000002165d5d20f0 JavaThread "Worker-0" [_thread_blocked, id=11040, stack(0x0000004fc7200000,0x0000004fc7300000)]
  0x000002165d5d2600 JavaThread "Worker-1" [_thread_blocked, id=15884, stack(0x0000004fc7300000,0x0000004fc7400000)]
=>0x000002165d3cc390 JavaThread "C2 CompilerThread1" daemon [_thread_in_native, id=17132, stack(0x0000004fc7400000,0x0000004fc7500000)]
  0x000002165d5d2b10 JavaThread "Java indexing" daemon [_thread_blocked, id=19928, stack(0x0000004fc7500000,0x0000004fc7600000)]
  0x000002165d5d3530 JavaThread "JNA Cleaner" daemon [_thread_blocked, id=20304, stack(0x0000004fc7600000,0x0000004fc7700000)]
  0x000002165d5d0290 JavaThread "Worker-2" [_thread_blocked, id=17672, stack(0x0000004fc7700000,0x0000004fc7800000)]
  0x000002165d5cfd80 JavaThread "pool-2-thread-1" [_thread_blocked, id=4016, stack(0x0000004fc7800000,0x0000004fc7900000)]
  0x000002165d5d0cb0 JavaThread "Worker-3" [_thread_blocked, id=1856, stack(0x0000004fc7900000,0x0000004fc7a00000)]
  0x000002165ec08980 JavaThread "WorkspaceEventsHandler" [_thread_blocked, id=15136, stack(0x0000004fc7a00000,0x0000004fc7b00000)]
  0x000002165ec0e4a0 JavaThread "pool-1-thread-1" [_thread_in_native, id=7460, stack(0x0000004fc7b00000,0x0000004fc7c00000)]
  0x000002165ec0b200 JavaThread "Worker-4: Java indexing... " [_thread_blocked, id=16868, stack(0x0000004fc7c00000,0x0000004fc7d00000)]
  0x000002165ec0acf0 JavaThread "Worker-5" [_thread_blocked, id=15236, stack(0x0000004fc7d00000,0x0000004fc7e00000)]
  0x000002165ec07030 JavaThread "Worker-6: Shutdown..." [_thread_blocked, id=6576, stack(0x0000004fc7100000,0x0000004fc7200000)]
  0x000002165ec0d060 JavaThread "Worker-7" [_thread_blocked, id=19120, stack(0x0000004fc7e00000,0x0000004fc7f00000)]
  0x000002165ec0c130 JavaThread "ForkJoinPool.commonPool-worker-1" daemon [_thread_blocked, id=12956, stack(0x0000004fc7f00000,0x0000004fc8000000)]
  0x000002165ec07a50 JavaThread "ForkJoinPool.commonPool-worker-2" daemon [_thread_blocked, id=16728, stack(0x0000004fc8000000,0x0000004fc8100000)]
  0x000002165ec0cb50 JavaThread "ForkJoinPool.commonPool-worker-3" daemon [_thread_blocked, id=20076, stack(0x0000004fc8100000,0x0000004fc8200000)]
  0x000002165ec08e90 JavaThread "ForkJoinPool.commonPool-worker-4" daemon [_thread_blocked, id=6908, stack(0x0000004fc8200000,0x0000004fc8300000)]
  0x000002165ec093a0 JavaThread "ForkJoinPool.commonPool-worker-5" daemon [_thread_blocked, id=6720, stack(0x0000004fc8300000,0x0000004fc8400000)]
  0x000002165ec098b0 JavaThread "ForkJoinPool.commonPool-worker-6" daemon [_thread_blocked, id=13260, stack(0x0000004fc8400000,0x0000004fc8500000)]
  0x000002165ec09dc0 JavaThread "ForkJoinPool.commonPool-worker-7" daemon [_thread_in_vm, id=2356, stack(0x0000004fc8500000,0x0000004fc8600000)]

Other Threads:
  0x000002165b1514b0 VMThread "VM Thread" [stack: 0x0000004fc5700000,0x0000004fc5800000] [id=12260]
  0x000002165b4f3c80 WatcherThread [stack: 0x0000004fc6300000,0x0000004fc6400000] [id=15352]
  0x00000216402f4e80 GCTaskThread "GC Thread#0" [stack: 0x0000004fc5600000,0x0000004fc5700000] [id=19980]
  0x000002165c8e7280 GCTaskThread "GC Thread#1" [stack: 0x0000004fc6500000,0x0000004fc6600000] [id=16052]
  0x000002165c8e7540 GCTaskThread "GC Thread#2" [stack: 0x0000004fc6600000,0x0000004fc6700000] [id=12976]
  0x000002165c8e7800 GCTaskThread "GC Thread#3" [stack: 0x0000004fc6700000,0x0000004fc6800000] [id=20260]
  0x000002165c8e7ac0 GCTaskThread "GC Thread#4" [stack: 0x0000004fc6800000,0x0000004fc6900000] [id=16800]
  0x000002165c8e7d80 GCTaskThread "GC Thread#5" [stack: 0x0000004fc6900000,0x0000004fc6a00000] [id=8844]
  0x000002165c92a340 GCTaskThread "GC Thread#6" [stack: 0x0000004fc6a00000,0x0000004fc6b00000] [id=6220]
  0x000002165ce45820 GCTaskThread "GC Thread#7" [stack: 0x0000004fc6e00000,0x0000004fc6f00000] [id=17828]

Threads with active compile tasks:
C2 CompilerThread0    11657 6350       4       org.eclipse.jdt.internal.core.ClassFile::close (47 bytes)
C2 CompilerThread1    11657 6357       4       org.eclipse.jdt.internal.core.JavaElement::close (9 bytes)

VM state: not at safepoint (normal execution)

VM Mutex/Monitor currently owned by a thread:  ([mutex/lock_event])
[0x00000216402d9790] Heap_lock - owner thread: 0x000002165d5d2600

Heap address: 0x00000000c0000000, size: 1024 MB, Compressed Oops mode: 32-bit

CDS archive(s) not mapped
Compressed class space mapped at: 0x0000000100000000-0x0000000140000000, reserved size: 1073741824
Narrow klass base: 0x0000000000000000, Narrow klass shift: 3, Narrow klass range: 0x140000000

GC Precious Log:
 CPUs: 8 total, 8 available
 Memory: 7937M
 Large Page Support: Disabled
 NUMA Support: Disabled
 Compressed Oops: Enabled (32-bit)
 Alignments: Space 512K, Generation 512K, Heap 2M
 Heap Min Capacity: 100M
 Heap Initial Capacity: 100M
 Heap Max Capacity: 1G
 Pre-touch: Disabled
 Parallel Workers: 8

Heap:
 PSYoungGen      total 9728K, used 2287K [0x00000000eab00000, 0x00000000eb780000, 0x0000000100000000)
  eden space 7680K, 3% used [0x00000000eab00000,0x00000000eab41f48,0x00000000eb280000)
  from space 2048K, 98% used [0x00000000eb300000,0x00000000eb4f9f78,0x00000000eb500000)
  to   space 2560K, 0% used [0x00000000eb500000,0x00000000eb500000,0x00000000eb780000)
 ParOldGen       total 151040K, used 130249K [0x00000000c0000000, 0x00000000c9380000, 0x00000000eab00000)
  object space 151040K, 86% used [0x00000000c0000000,0x00000000c7f32580,0x00000000c9380000)
 Metaspace       used 66545K, committed 67776K, reserved 1114112K
  class space    used 7081K, committed 7616K, reserved 1048576K

Card table byte_map: [0x0000021653940000,0x0000021653b50000] _byte_map_base: 0x0000021653340000

Marking Bits: (ParMarkBitMap*) 0x00007ff82eb4d0b0
 Begin Bits: [0x0000021653cb0000, 0x0000021654cb0000)
 End Bits:   [0x0000021654cb0000, 0x0000021655cb0000)

Polling page: 0x0000021640390000

Metaspace:

Usage:
  Non-class:     58.07 MB used.
      Class:      6.92 MB used.
       Both:     64.99 MB used.

Virtual space:
  Non-class space:       64.00 MB reserved,      58.75 MB ( 92%) committed,  1 nodes.
      Class space:        1.00 GB reserved,       7.44 MB ( <1%) committed,  1 nodes.
             Both:        1.06 GB reserved,      66.19 MB (  6%) committed. 

Chunk freelists:
   Non-Class:  5.27 MB
       Class:  8.61 MB
        Both:  13.88 MB

MaxMetaspaceSize: unlimited
CompressedClassSpaceSize: 1.00 GB
Initial GC threshold: 21.00 MB
Current GC threshold: 106.19 MB
CDS: off
MetaspaceReclaimPolicy: balanced
 - commit_granule_bytes: 65536.
 - commit_granule_words: 8192.
 - virtual_space_node_default_size: 8388608.
 - enlarge_chunks_in_place: 1.
 - new_chunks_are_fully_committed: 0.
 - uncommit_free_chunks: 1.
 - use_allocation_guard: 0.
 - handle_deallocations: 1.


Internal statistics:

num_allocs_failed_limit: 10.
num_arena_births: 588.
num_arena_deaths: 14.
num_vsnodes_births: 2.
num_vsnodes_deaths: 0.
num_space_committed: 1059.
num_space_uncommitted: 0.
num_chunks_returned_to_freelist: 24.
num_chunks_taken_from_freelist: 3192.
num_chunk_merges: 14.
num_chunk_splits: 2054.
num_chunks_enlarged: 1272.
num_inconsistent_stats: 0.

CodeHeap 'non-profiled nmethods': size=120000Kb used=4180Kb max_used=4180Kb free=115819Kb
 bounds [0x000002164c230000, 0x000002164c670000, 0x0000021653760000]
CodeHeap 'profiled nmethods': size=120000Kb used=14544Kb max_used=15132Kb free=105455Kb
 bounds [0x0000021644760000, 0x0000021645630000, 0x000002164bc90000]
CodeHeap 'non-nmethods': size=5760Kb used=1353Kb max_used=1413Kb free=4406Kb
 bounds [0x000002164bc90000, 0x000002164bf00000, 0x000002164c230000]
 total_blobs=7767 nmethods=7084 adapters=595
 compilation: enabled
              stopped_count=0, restarted_count=0
 full_count=0

Compilation events (20 events):
Event: 11.567 Thread 0x000002165b1eaab0 8501       2       org.eclipse.jdt.ls.core.internal.filesystem.JLSFile::getFileStore (95 bytes)
Event: 11.568 Thread 0x000002165b1eaab0 nmethod 8501 0x00000216452da590 code [0x00000216452da840, 0x00000216452db188]
Event: 11.568 Thread 0x000002165b1eaab0 8502       2       org.eclipse.core.filesystem.EFS::getStore (8 bytes)
Event: 11.568 Thread 0x000002165b1eaab0 nmethod 8502 0x00000216452a1e90 code [0x00000216452a2020, 0x00000216452a2128]
Event: 11.568 Thread 0x000002165b1eaab0 8503       2       org.eclipse.core.internal.filesystem.InternalFileSystemCore::getStore (39 bytes)
Event: 11.568 Thread 0x000002165b1eaab0 nmethod 8503 0x00000216452d9f90 code [0x00000216452da160, 0x00000216452da3a8]
Event: 11.569 Thread 0x000002165b1eaab0 8504       2       org.eclipse.jdt.ls.core.internal.filesystem.JLSFileSystem::getStore (26 bytes)
Event: 11.569 Thread 0x000002165b1eaab0 nmethod 8504 0x00000216452d9810 code [0x00000216452d9a20, 0x00000216452d9d58]
Event: 11.576 Thread 0x000002165b1eaab0 8506       2       java.lang.invoke.LambdaFormEditor$TransformKey::of (79 bytes)
Event: 11.577 Thread 0x000002165b1eaab0 nmethod 8506 0x00000216452d9090 code [0x00000216452d9240, 0x00000216452d95e8]
Event: 11.577 Thread 0x000002165b1eaab0 8507       2       java.lang.invoke.LambdaFormEditor$TransformKey::packedBytes (75 bytes)
Event: 11.577 Thread 0x000002165b1eaab0 nmethod 8507 0x00000216452d8a10 code [0x00000216452d8be0, 0x00000216452d8e58]
Event: 11.588 Thread 0x000002165b1eaab0 8508 %     3       org.eclipse.jdt.internal.compiler.classfmt.MethodInfo::createMethod @ 41 (713 bytes)
Event: 11.591 Thread 0x000002165b1eaab0 nmethod 8508% 0x000002164530ab90 code [0x000002164530b060, 0x000002164530df58]
Event: 11.602 Thread 0x000002165b1eaab0 8509       2       org.eclipse.osgi.internal.log.ExtendedLogReaderServiceFactory::isLoggable (35 bytes)
Event: 11.603 Thread 0x000002165b1eaab0 nmethod 8509 0x0000021644804310 code [0x00000216448044e0, 0x0000021644804758]
Event: 11.603 Thread 0x000002165b1eaab0 8510   !   2       org.apache.aries.spifly.ConsumerBundleTrackerCustomizer::addingBundle (27 bytes)
Event: 11.603 Thread 0x000002165b1eaab0 nmethod 8510 0x0000021644803e10 code [0x0000021644803fc0, 0x00000216448041b8]
Event: 11.604 Thread 0x000002165b1eaab0 8512       2       org.apache.aries.spifly.BaseActivator::getAllHeaders (189 bytes)
Event: 11.605 Thread 0x000002165b1eaab0 nmethod 8512 0x0000021644802690 code [0x0000021644802960, 0x0000021644803478]

GC Heap History (20 events):
Event: 10.732 GC heap before
{Heap before GC invocations=107 (full 5):
 PSYoungGen      total 10240K, used 10154K [0x00000000eab00000, 0x00000000eb600000, 0x0000000100000000)
  eden space 9216K, 99% used [0x00000000eab00000,0x00000000eb3fbbd0,0x00000000eb400000)
  from space 1024K, 93% used [0x00000000eb500000,0x00000000eb5ef010,0x00000000eb600000)
  to   space 1024K, 0% used [0x00000000eb400000,0x00000000eb400000,0x00000000eb500000)
 ParOldGen       total 133120K, used 129652K [0x00000000c0000000, 0x00000000c8200000, 0x00000000eab00000)
  object space 133120K, 97% used [0x00000000c0000000,0x00000000c7e9d0b0,0x00000000c8200000)
 Metaspace       used 63415K, committed 64512K, reserved 1114112K
  class space    used 6769K, committed 7232K, reserved 1048576K
}
Event: 10.735 GC heap after
{Heap after GC invocations=107 (full 5):
 PSYoungGen      total 10240K, used 1017K [0x00000000eab00000, 0x00000000eb900000, 0x0000000100000000)
  eden space 9216K, 0% used [0x00000000eab00000,0x00000000eab00000,0x00000000eb400000)
  from space 1024K, 99% used [0x00000000eb400000,0x00000000eb4fe710,0x00000000eb500000)
  to   space 2560K, 0% used [0x00000000eb680000,0x00000000eb680000,0x00000000eb900000)
 ParOldGen       total 133120K, used 130615K [0x00000000c0000000, 0x00000000c8200000, 0x00000000eab00000)
  object space 133120K, 98% used [0x00000000c0000000,0x00000000c7f8dff0,0x00000000c8200000)
 Metaspace       used 63415K, committed 64512K, reserved 1114112K
  class space    used 6769K, committed 7232K, reserved 1048576K
}
Event: 10.776 GC heap before
{Heap before GC invocations=108 (full 5):
 PSYoungGen      total 10240K, used 10233K [0x00000000eab00000, 0x00000000eb900000, 0x0000000100000000)
  eden space 9216K, 100% used [0x00000000eab00000,0x00000000eb400000,0x00000000eb400000)
  from space 1024K, 99% used [0x00000000eb400000,0x00000000eb4fe710,0x00000000eb500000)
  to   space 2560K, 0% used [0x00000000eb680000,0x00000000eb680000,0x00000000eb900000)
 ParOldGen       total 133120K, used 130615K [0x00000000c0000000, 0x00000000c8200000, 0x00000000eab00000)
  object space 133120K, 98% used [0x00000000c0000000,0x00000000c7f8dff0,0x00000000c8200000)
 Metaspace       used 63920K, committed 65088K, reserved 1114112K
  class space    used 6807K, committed 7296K, reserved 1048576K
}
Event: 10.779 GC heap after
{Heap after GC invocations=108 (full 5):
 PSYoungGen      total 10752K, used 1382K [0x00000000eab00000, 0x00000000eb800000, 0x0000000100000000)
  eden space 9216K, 0% used [0x00000000eab00000,0x00000000eab00000,0x00000000eb400000)
  from space 1536K, 90% used [0x00000000eb680000,0x00000000eb7d9bc0,0x00000000eb800000)
  to   space 2048K, 0% used [0x00000000eb400000,0x00000000eb400000,0x00000000eb600000)
 ParOldGen       total 133120K, used 131613K [0x00000000c0000000, 0x00000000c8200000, 0x00000000eab00000)
  object space 133120K, 98% used [0x00000000c0000000,0x00000000c80875f0,0x00000000c8200000)
 Metaspace       used 63920K, committed 65088K, reserved 1114112K
  class space    used 6807K, committed 7296K, reserved 1048576K
}
Event: 10.818 GC heap before
{Heap before GC invocations=109 (full 5):
 PSYoungGen      total 10752K, used 10598K [0x00000000eab00000, 0x00000000eb800000, 0x0000000100000000)
  eden space 9216K, 100% used [0x00000000eab00000,0x00000000eb400000,0x00000000eb400000)
  from space 1536K, 90% used [0x00000000eb680000,0x00000000eb7d9bc0,0x00000000eb800000)
  to   space 2048K, 0% used [0x00000000eb400000,0x00000000eb400000,0x00000000eb600000)
 ParOldGen       total 133120K, used 131613K [0x00000000c0000000, 0x00000000c8200000, 0x00000000eab00000)
  object space 133120K, 98% used [0x00000000c0000000,0x00000000c80875f0,0x00000000c8200000)
 Metaspace       used 64049K, committed 65216K, reserved 1114112K
  class space    used 6826K, committed 7296K, reserved 1048576K
}
Event: 10.820 GC heap after
{Heap after GC invocations=109 (full 5):
 PSYoungGen      total 11264K, used 1529K [0x00000000eab00000, 0x00000000eb800000, 0x0000000100000000)
  eden space 9216K, 0% used [0x00000000eab00000,0x00000000eab00000,0x00000000eb400000)
  from space 2048K, 74% used [0x00000000eb400000,0x00000000eb57e4c0,0x00000000eb600000)
  to   space 2048K, 0% used [0x00000000eb600000,0x00000000eb600000,0x00000000eb800000)
 ParOldGen       total 133120K, used 132655K [0x00000000c0000000, 0x00000000c8200000, 0x00000000eab00000)
  object space 133120K, 99% used [0x00000000c0000000,0x00000000c818bef8,0x00000000c8200000)
 Metaspace       used 64049K, committed 65216K, reserved 1114112K
  class space    used 6826K, committed 7296K, reserved 1048576K
}
Event: 10.820 GC heap before
{Heap before GC invocations=110 (full 6):
 PSYoungGen      total 11264K, used 1529K [0x00000000eab00000, 0x00000000eb800000, 0x0000000100000000)
  eden space 9216K, 0% used [0x00000000eab00000,0x00000000eab00000,0x00000000eb400000)
  from space 2048K, 74% used [0x00000000eb400000,0x00000000eb57e4c0,0x00000000eb600000)
  to   space 2048K, 0% used [0x00000000eb600000,0x00000000eb600000,0x00000000eb800000)
 ParOldGen       total 133120K, used 132655K [0x00000000c0000000, 0x00000000c8200000, 0x00000000eab00000)
  object space 133120K, 99% used [0x00000000c0000000,0x00000000c818bef8,0x00000000c8200000)
 Metaspace       used 64049K, committed 65216K, reserved 1114112K
  class space    used 6826K, committed 7296K, reserved 1048576K
}
Event: 10.881 GC heap after
{Heap after GC invocations=110 (full 6):
 PSYoungGen      total 11264K, used 0K [0x00000000eab00000, 0x00000000eb800000, 0x0000000100000000)
  eden space 9216K, 0% used [0x00000000eab00000,0x00000000eab00000,0x00000000eb400000)
  from space 2048K, 0% used [0x00000000eb600000,0x00000000eb600000,0x00000000eb800000)
  to   space 2048K, 0% used [0x00000000eb400000,0x00000000eb400000,0x00000000eb600000)
 ParOldGen       total 151040K, used 126055K [0x00000000c0000000, 0x00000000c9380000, 0x00000000eab00000)
  object space 151040K, 83% used [0x00000000c0000000,0x00000000c7b19e18,0x00000000c9380000)
 Metaspace       used 64049K, committed 65216K, reserved 1114112K
  class space    used 6826K, committed 7296K, reserved 1048576K
}
Event: 10.961 GC heap before
{Heap before GC invocations=111 (full 6):
 PSYoungGen      total 11264K, used 9212K [0x00000000eab00000, 0x00000000eb800000, 0x0000000100000000)
  eden space 9216K, 99% used [0x00000000eab00000,0x00000000eb3ff1b8,0x00000000eb400000)
  from space 2048K, 0% used [0x00000000eb600000,0x00000000eb600000,0x00000000eb800000)
  to   space 2048K, 0% used [0x00000000eb400000,0x00000000eb400000,0x00000000eb600000)
 ParOldGen       total 151040K, used 126055K [0x00000000c0000000, 0x00000000c9380000, 0x00000000eab00000)
  object space 151040K, 83% used [0x00000000c0000000,0x00000000c7b19e18,0x00000000c9380000)
 Metaspace       used 64088K, committed 65216K, reserved 1114112K
  class space    used 6831K, committed 7296K, reserved 1048576K
}
Event: 10.963 GC heap after
{Heap after GC invocations=111 (full 6):
 PSYoungGen      total 10752K, used 1438K [0x00000000eab00000, 0x00000000eb700000, 0x0000000100000000)
  eden space 9216K, 0% used [0x00000000eab00000,0x00000000eab00000,0x00000000eb400000)
  from space 1536K, 93% used [0x00000000eb400000,0x00000000eb567a70,0x00000000eb580000)
  to   space 1536K, 0% used [0x00000000eb580000,0x00000000eb580000,0x00000000eb700000)
 ParOldGen       total 151040K, used 126063K [0x00000000c0000000, 0x00000000c9380000, 0x00000000eab00000)
  object space 151040K, 83% used [0x00000000c0000000,0x00000000c7b1be18,0x00000000c9380000)
 Metaspace       used 64088K, committed 65216K, reserved 1114112K
  class space    used 6831K, committed 7296K, reserved 1048576K
}
Event: 11.032 GC heap before
{Heap before GC invocations=112 (full 6):
 PSYoungGen      total 10752K, used 10654K [0x00000000eab00000, 0x00000000eb700000, 0x0000000100000000)
  eden space 9216K, 100% used [0x00000000eab00000,0x00000000eb400000,0x00000000eb400000)
  from space 1536K, 93% used [0x00000000eb400000,0x00000000eb567a70,0x00000000eb580000)
  to   space 1536K, 0% used [0x00000000eb580000,0x00000000eb580000,0x00000000eb700000)
 ParOldGen       total 151040K, used 126063K [0x00000000c0000000, 0x00000000c9380000, 0x00000000eab00000)
  object space 151040K, 83% used [0x00000000c0000000,0x00000000c7b1be18,0x00000000c9380000)
 Metaspace       used 64436K, committed 65536K, reserved 1114112K
  class space    used 6877K, committed 7360K, reserved 1048576K
}
Event: 11.034 GC heap after
{Heap after GC invocations=112 (full 6):
 PSYoungGen      total 9216K, used 1504K [0x00000000eab00000, 0x00000000eba00000, 0x0000000100000000)
  eden space 7680K, 0% used [0x00000000eab00000,0x00000000eab00000,0x00000000eb280000)
  from space 1536K, 97% used [0x00000000eb580000,0x00000000eb6f83c8,0x00000000eb700000)
  to   space 3072K, 0% used [0x00000000eb280000,0x00000000eb280000,0x00000000eb580000)
 ParOldGen       total 151040K, used 126970K [0x00000000c0000000, 0x00000000c9380000, 0x00000000eab00000)
  object space 151040K, 84% used [0x00000000c0000000,0x00000000c7bfea20,0x00000000c9380000)
 Metaspace       used 64436K, committed 65536K, reserved 1114112K
  class space    used 6877K, committed 7360K, reserved 1048576K
}
Event: 11.082 GC heap before
{Heap before GC invocations=113 (full 6):
 PSYoungGen      total 9216K, used 9184K [0x00000000eab00000, 0x00000000eba00000, 0x0000000100000000)
  eden space 7680K, 100% used [0x00000000eab00000,0x00000000eb280000,0x00000000eb280000)
  from space 1536K, 97% used [0x00000000eb580000,0x00000000eb6f83c8,0x00000000eb700000)
  to   space 3072K, 0% used [0x00000000eb280000,0x00000000eb280000,0x00000000eb580000)
 ParOldGen       total 151040K, used 126970K [0x00000000c0000000, 0x00000000c9380000, 0x00000000eab00000)
  object space 151040K, 84% used [0x00000000c0000000,0x00000000c7bfea20,0x00000000c9380000)
 Metaspace       used 64811K, committed 65920K, reserved 1114112K
  class space    used 6904K, committed 7360K, reserved 1048576K
}
Event: 11.085 GC heap after
{Heap after GC invocations=113 (full 6):
 PSYoungGen      total 9216K, used 1117K [0x00000000eab00000, 0x00000000eb680000, 0x0000000100000000)
  eden space 7680K, 0% used [0x00000000eab00000,0x00000000eab00000,0x00000000eb280000)
  from space 1536K, 72% used [0x00000000eb280000,0x00000000eb397500,0x00000000eb400000)
  to   space 2048K, 0% used [0x00000000eb480000,0x00000000eb480000,0x00000000eb680000)
 ParOldGen       total 151040K, used 128449K [0x00000000c0000000, 0x00000000c9380000, 0x00000000eab00000)
  object space 151040K, 85% used [0x00000000c0000000,0x00000000c7d70620,0x00000000c9380000)
 Metaspace       used 64811K, committed 65920K, reserved 1114112K
  class space    used 6904K, committed 7360K, reserved 1048576K
}
Event: 11.145 GC heap before
{Heap before GC invocations=114 (full 6):
 PSYoungGen      total 9216K, used 8797K [0x00000000eab00000, 0x00000000eb680000, 0x0000000100000000)
  eden space 7680K, 100% used [0x00000000eab00000,0x00000000eb280000,0x00000000eb280000)
  from space 1536K, 72% used [0x00000000eb280000,0x00000000eb397500,0x00000000eb400000)
  to   space 2048K, 0% used [0x00000000eb480000,0x00000000eb480000,0x00000000eb680000)
 ParOldGen       total 151040K, used 128449K [0x00000000c0000000, 0x00000000c9380000, 0x00000000eab00000)
  object space 151040K, 85% used [0x00000000c0000000,0x00000000c7d70620,0x00000000c9380000)
 Metaspace       used 65309K, committed 66432K, reserved 1114112K
  class space    used 6956K, committed 7424K, reserved 1048576K
}
Event: 11.147 GC heap after
{Heap after GC invocations=114 (full 6):
 PSYoungGen      total 9728K, used 1765K [0x00000000eab00000, 0x00000000eb680000, 0x0000000100000000)
  eden space 7680K, 0% used [0x00000000eab00000,0x00000000eab00000,0x00000000eb280000)
  from space 2048K, 86% used [0x00000000eb480000,0x00000000eb639490,0x00000000eb680000)
  to   space 2048K, 0% used [0x00000000eb280000,0x00000000eb280000,0x00000000eb480000)
 ParOldGen       total 151040K, used 128449K [0x00000000c0000000, 0x00000000c9380000, 0x00000000eab00000)
  object space 151040K, 85% used [0x00000000c0000000,0x00000000c7d70620,0x00000000c9380000)
 Metaspace       used 65309K, committed 66432K, reserved 1114112K
  class space    used 6956K, committed 7424K, reserved 1048576K
}
Event: 11.394 GC heap before
{Heap before GC invocations=115 (full 6):
 PSYoungGen      total 9728K, used 9445K [0x00000000eab00000, 0x00000000eb680000, 0x0000000100000000)
  eden space 7680K, 100% used [0x00000000eab00000,0x00000000eb280000,0x00000000eb280000)
  from space 2048K, 86% used [0x00000000eb480000,0x00000000eb639490,0x00000000eb680000)
  to   space 2048K, 0% used [0x00000000eb280000,0x00000000eb280000,0x00000000eb480000)
 ParOldGen       total 151040K, used 128449K [0x00000000c0000000, 0x00000000c9380000, 0x00000000eab00000)
  object space 151040K, 85% used [0x00000000c0000000,0x00000000c7d70620,0x00000000c9380000)
 Metaspace       used 65543K, committed 66688K, reserved 1114112K
  class space    used 6987K, committed 7488K, reserved 1048576K
}
Event: 11.397 GC heap after
{Heap after GC invocations=115 (full 6):
 PSYoungGen      total 9728K, used 2025K [0x00000000eab00000, 0x00000000eb880000, 0x0000000100000000)
  eden space 7680K, 0% used [0x00000000eab00000,0x00000000eab00000,0x00000000eb280000)
  from space 2048K, 98% used [0x00000000eb280000,0x00000000eb47a7b0,0x00000000eb480000)
  to   space 3072K, 0% used [0x00000000eb580000,0x00000000eb580000,0x00000000eb880000)
 ParOldGen       total 151040K, used 128953K [0x00000000c0000000, 0x00000000c9380000, 0x00000000eab00000)
  object space 151040K, 85% used [0x00000000c0000000,0x00000000c7dee4e0,0x00000000c9380000)
 Metaspace       used 65543K, committed 66688K, reserved 1114112K
  class space    used 6987K, committed 7488K, reserved 1048576K
}
Event: 11.482 GC heap before
{Heap before GC invocations=116 (full 6):
 PSYoungGen      total 9728K, used 9705K [0x00000000eab00000, 0x00000000eb880000, 0x0000000100000000)
  eden space 7680K, 100% used [0x00000000eab00000,0x00000000eb280000,0x00000000eb280000)
  from space 2048K, 98% used [0x00000000eb280000,0x00000000eb47a7b0,0x00000000eb480000)
  to   space 3072K, 0% used [0x00000000eb580000,0x00000000eb580000,0x00000000eb880000)
 ParOldGen       total 151040K, used 128953K [0x00000000c0000000, 0x00000000c9380000, 0x00000000eab00000)
  object space 151040K, 85% used [0x00000000c0000000,0x00000000c7dee4e0,0x00000000c9380000)
 Metaspace       used 65876K, committed 67008K, reserved 1114112K
  class space    used 7017K, committed 7488K, reserved 1048576K
}
Event: 11.484 GC heap after
{Heap after GC invocations=116 (full 6):
 PSYoungGen      total 9216K, used 1229K [0x00000000eab00000, 0x00000000eb700000, 0x0000000100000000)
  eden space 7680K, 0% used [0x00000000eab00000,0x00000000eab00000,0x00000000eb280000)
  from space 1536K, 80% used [0x00000000eb580000,0x00000000eb6b34f8,0x00000000eb700000)
  to   space 2048K, 0% used [0x00000000eb300000,0x00000000eb300000,0x00000000eb500000)
 ParOldGen       total 151040K, used 130177K [0x00000000c0000000, 0x00000000c9380000, 0x00000000eab00000)
  object space 151040K, 86% used [0x00000000c0000000,0x00000000c7f20580,0x00000000c9380000)
 Metaspace       used 65876K, committed 67008K, reserved 1114112K
  class space    used 7017K, committed 7488K, reserved 1048576K
}

Dll operation events (10 events):
Event: 0.012 Loaded shared library c:\Users\sachi\.vscode\extensions\redhat.java-1.25.1-win32-x64\jre\17.0.9-win32-x86_64\bin\java.dll
Event: 0.272 Loaded shared library c:\Users\sachi\.vscode\extensions\redhat.java-1.25.1-win32-x64\jre\17.0.9-win32-x86_64\bin\zip.dll
Event: 0.276 Loaded shared library C:\Users\sachi\.vscode\extensions\redhat.java-1.25.1-win32-x64\jre\17.0.9-win32-x86_64\bin\instrument.dll
Event: 0.290 Loaded shared library C:\Users\sachi\.vscode\extensions\redhat.java-1.25.1-win32-x64\jre\17.0.9-win32-x86_64\bin\net.dll
Event: 0.297 Loaded shared library C:\Users\sachi\.vscode\extensions\redhat.java-1.25.1-win32-x64\jre\17.0.9-win32-x86_64\bin\nio.dll
Event: 0.309 Loaded shared library C:\Users\sachi\.vscode\extensions\redhat.java-1.25.1-win32-x64\jre\17.0.9-win32-x86_64\bin\zip.dll
Event: 0.329 Loaded shared library C:\Users\sachi\.vscode\extensions\redhat.java-1.25.1-win32-x64\jre\17.0.9-win32-x86_64\bin\jimage.dll
Event: 0.407 Loaded shared library c:\Users\sachi\.vscode\extensions\redhat.java-1.25.1-win32-x64\jre\17.0.9-win32-x86_64\bin\verify.dll
Event: 1.305 Loaded shared library C:\Users\sachi\AppData\Roaming\Code\User\globalStorage\redhat.java\1.25.1\config_win\org.eclipse.equinox.launcher\org.eclipse.equinox.launcher.win32.win32.x86_64_1.2.800.v20231003-1442\eclipse_11802.dll
Event: 3.778 Loaded shared library C:\Users\sachi\AppData\Local\Temp\jna-109193110\jna18059826064569143977.dll

Deoptimization events (20 events):
Event: 11.581 Thread 0x000002165ec09dc0 Uncommon trap: trap_request=0xffffff45 fr.pc=0x000002164c6324c4 relative=0x00000000000013c4
Event: 11.581 Thread 0x000002165ec09dc0 Uncommon trap: reason=unstable_if action=reinterpret pc=0x000002164c6324c4 method=org.eclipse.jdt.internal.compiler.classfmt.MethodInfo.decodeCodeAttribute(I)V @ 111 c2
Event: 11.581 Thread 0x000002165ec09dc0 DEOPT PACKING pc=0x000002164c6324c4 sp=0x0000004fc85fe010
Event: 11.581 Thread 0x000002165ec09dc0 DEOPT UNPACKING pc=0x000002164bce9ea3 sp=0x0000004fc85fdf40 mode 2
Event: 11.582 Thread 0x000002165ec09dc0 Uncommon trap: trap_request=0xffffff45 fr.pc=0x000002164c2b1e64 relative=0x0000000000000924
Event: 11.582 Thread 0x000002165ec09dc0 Uncommon trap: reason=unstable_if action=reinterpret pc=0x000002164c2b1e64 method=org.eclipse.jdt.internal.compiler.classfmt.MethodInfo.decodeCodeAttribute(I)V @ 111 c2
Event: 11.582 Thread 0x000002165ec09dc0 DEOPT PACKING pc=0x000002164c2b1e64 sp=0x0000004fc85fdf90
Event: 11.582 Thread 0x000002165ec09dc0 DEOPT UNPACKING pc=0x000002164bce9ea3 sp=0x0000004fc85fdf38 mode 2
Event: 11.582 Thread 0x000002165ec09dc0 Uncommon trap: trap_request=0xffffff45 fr.pc=0x000002164c540268 relative=0x0000000000000c28
Event: 11.582 Thread 0x000002165ec09dc0 Uncommon trap: reason=unstable_if action=reinterpret pc=0x000002164c540268 method=org.eclipse.jdt.internal.core.JavaModelCache.peekAtInfo(Lorg/eclipse/jdt/core/IJavaElement;)Ljava/lang/Object; @ 6 c2
Event: 11.582 Thread 0x000002165ec09dc0 DEOPT PACKING pc=0x000002164c540268 sp=0x0000004fc85fe3f0
Event: 11.582 Thread 0x000002165ec09dc0 DEOPT UNPACKING pc=0x000002164bce9ea3 sp=0x0000004fc85fe3a8 mode 2
Event: 11.597 Thread 0x000002165ec09dc0 Uncommon trap: trap_request=0xffffff45 fr.pc=0x000002164c3b9118 relative=0x00000000000003f8
Event: 11.597 Thread 0x000002165ec09dc0 Uncommon trap: reason=unstable_if action=reinterpret pc=0x000002164c3b9118 method=org.eclipse.jdt.internal.compiler.classfmt.MethodInfo.getMethodDescriptor()[C @ 4 c2
Event: 11.597 Thread 0x000002165ec09dc0 DEOPT PACKING pc=0x000002164c3b9118 sp=0x0000004fc85fe600
Event: 11.597 Thread 0x000002165ec09dc0 DEOPT UNPACKING pc=0x000002164bce9ea3 sp=0x0000004fc85fe5c8 mode 2
Event: 11.603 Thread 0x000002165ec09dc0 Uncommon trap: trap_request=0xffffff45 fr.pc=0x000002164c387604 relative=0x0000000000000364
Event: 11.603 Thread 0x000002165ec09dc0 Uncommon trap: reason=unstable_if action=reinterpret pc=0x000002164c387604 method=org.eclipse.jdt.internal.compiler.classfmt.MethodInfo.getGenericSignature()[C @ 12 c2
Event: 11.603 Thread 0x000002165ec09dc0 DEOPT PACKING pc=0x000002164c387604 sp=0x0000004fc85fe600
Event: 11.603 Thread 0x000002165ec09dc0 DEOPT UNPACKING pc=0x000002164bce9ea3 sp=0x0000004fc85fe5d0 mode 2

Classes unloaded (7 events):
Event: 3.820 Thread 0x000002165b1514b0 Unloading class 0x0000000100250000 'java/lang/invoke/LambdaForm$MH+0x0000000100250000'
Event: 3.820 Thread 0x000002165b1514b0 Unloading class 0x000000010024fc00 'java/lang/invoke/LambdaForm$MH+0x000000010024fc00'
Event: 3.820 Thread 0x000002165b1514b0 Unloading class 0x000000010024f800 'java/lang/invoke/LambdaForm$MH+0x000000010024f800'
Event: 3.820 Thread 0x000002165b1514b0 Unloading class 0x000000010024f400 'java/lang/invoke/LambdaForm$MH+0x000000010024f400'
Event: 3.820 Thread 0x000002165b1514b0 Unloading class 0x000000010024f000 'java/lang/invoke/LambdaForm$BMH+0x000000010024f000'
Event: 3.820 Thread 0x000002165b1514b0 Unloading class 0x000000010024ec00 'java/lang/invoke/LambdaForm$DMH+0x000000010024ec00'
Event: 3.820 Thread 0x000002165b1514b0 Unloading class 0x000000010024c000 'java/lang/invoke/LambdaForm$DMH+0x000000010024c000'

Classes redefined (0 events):
No events

Internal exceptions (20 events):
Event: 9.439 Thread 0x000002165ec0e4a0 Exception <a 'sun/nio/fs/WindowsException'{0x00000000eab02938}> (0x00000000eab02938) 
thrown [s\src\hotspot\share\prims\jni.cpp, line 516]
Event: 9.466 Thread 0x000002165ec0e4a0 Exception <a 'sun/nio/fs/WindowsException'{0x00000000eb0b3060}> (0x00000000eb0b3060) 
thrown [s\src\hotspot\share\prims\jni.cpp, line 516]
Event: 9.476 Thread 0x000002165ec0e4a0 Exception <a 'sun/nio/fs/WindowsException'{0x00000000eb2c8bd0}> (0x00000000eb2c8bd0) 
thrown [s\src\hotspot\share\prims\jni.cpp, line 516]
Event: 10.306 Thread 0x000002165ec0c130 Exception <a 'java/lang/NoSuchMethodError'{0x00000000eae9ee00}: 'int java.lang.invoke.DirectMethodHandle$Holder.invokeStatic(java.lang.Object)'> (0x00000000eae9ee00) 
thrown [s\src\hotspot\share\interpreter\linkResolver.cpp, line 759]
Event: 10.316 Thread 0x000002165d5d0cb0 Exception <a 'sun/nio/fs/WindowsException'{0x00000000eb3a7298}> (0x00000000eb3a7298) 
thrown [s\src\hotspot\share\prims\jni.cpp, line 516]
Event: 10.316 Thread 0x000002165d5d0cb0 Exception <a 'sun/nio/fs/WindowsException'{0x00000000eb3bab48}> (0x00000000eb3bab48) 
thrown [s\src\hotspot\share\prims\jni.cpp, line 516]
Event: 10.328 Thread 0x000002165ec0c130 Exception <a 'java/io/FileNotFoundException'{0x00000000eae52988}> (0x00000000eae52988) 
thrown [s\src\hotspot\share\prims\jni.cpp, line 516]
Event: 10.329 Thread 0x000002165ec0c130 Exception <a 'java/io/FileNotFoundException'{0x00000000eaf04cd0}> (0x00000000eaf04cd0) 
thrown [s\src\hotspot\share\prims\jni.cpp, line 516]
Event: 10.329 Thread 0x000002165ec0c130 Exception <a 'java/io/FileNotFoundException'{0x00000000eaf05fa8}> (0x00000000eaf05fa8) 
thrown [s\src\hotspot\share\prims\jni.cpp, line 516]
Event: 10.738 Thread 0x000002165ec0e4a0 Exception <a 'java/lang/ArrayIndexOutOfBoundsException'{0x00000000eaba0c20}: Index 16 out of bounds for length 16> (0x00000000eaba0c20) 
thrown [s\src\hotspot\share\interpreter\interpreterRuntime.cpp, line 428]
Event: 10.739 Thread 0x000002165ec0e4a0 Exception <a 'java/lang/ArrayIndexOutOfBoundsException'{0x00000000eaba1980}: Index 16 out of bounds for length 16> (0x00000000eaba1980) 
thrown [s\src\hotspot\share\interpreter\interpreterRuntime.cpp, line 428]
Event: 10.739 Thread 0x000002165ec0e4a0 Exception <a 'java/lang/ArrayIndexOutOfBoundsException'{0x00000000eaba1e08}: Index 16 out of bounds for length 16> (0x00000000eaba1e08) 
thrown [s\src\hotspot\share\interpreter\interpreterRuntime.cpp, line 428]
Event: 10.810 Thread 0x000002165ec0e4a0 Exception <a 'java/lang/NoSuchMethodError'{0x00000000eb1d3b20}: 'void java.lang.invoke.DirectMethodHandle$Holder.invokeSpecial(java.lang.Object, java.lang.Object, java.lang.Object, java.lang.Object, java.lang.Object)'> (0x00000000eb1d3b20) 
thrown [s\src\hotspot\share\interpreter\linkResolver.cpp, line 759]
Event: 10.884 Thread 0x000002165d5d2600 Exception <a 'java/lang/NoSuchMethodError'{0x00000000eab50b30}: 'java.lang.Object java.lang.invoke.DirectMethodHandle$Holder.newInvokeSpecial(java.lang.Object, java.lang.Object, java.lang.Object, java.lang.Object, java.lang.Object, java.lang.Object)'> (0x00000000eab50b30) 
thrown [s\src\hotspot\share\interpreter\linkResolver.cpp, line 759]
Event: 11.128 Thread 0x000002165d5d0290 Exception <a 'java/io/FileNotFoundException'{0x00000000eaf03d18}> (0x00000000eaf03d18) 
thrown [s\src\hotspot\share\prims\jni.cpp, line 516]
Event: 11.151 Thread 0x000002165ec07a50 Exception <a 'java/lang/ArrayIndexOutOfBoundsException'{0x00000000eab23f10}> (0x00000000eab23f10) 
thrown [s\src\hotspot\share\runtime\sharedRuntime.cpp, line 631]
Event: 11.258 Thread 0x000002165ec0e4a0 Exception <a 'java/lang/ArrayIndexOutOfBoundsException'{0x00000000eafc3720}: Index 16 out of bounds for length 16> (0x00000000eafc3720) 
thrown [s\src\hotspot\share\interpreter\interpreterRuntime.cpp, line 428]
Event: 11.258 Thread 0x000002165ec0e4a0 Exception <a 'java/lang/ArrayIndexOutOfBoundsException'{0x00000000eafc3e38}: Index 16 out of bounds for length 16> (0x00000000eafc3e38) 
thrown [s\src\hotspot\share\interpreter\interpreterRuntime.cpp, line 428]
Event: 11.258 Thread 0x000002165ec0e4a0 Exception <a 'java/lang/ArrayIndexOutOfBoundsException'{0x00000000eafc42c0}: Index 16 out of bounds for length 16> (0x00000000eafc42c0) 
thrown [s\src\hotspot\share\interpreter\interpreterRuntime.cpp, line 428]
Event: 11.497 Thread 0x000002165ec098b0 Exception <a 'java/lang/ArrayIndexOutOfBoundsException'{0x00000000eac1ebf8}> (0x00000000eac1ebf8) 
thrown [s\src\hotspot\share\runtime\sharedRuntime.cpp, line 631]

VM Operations (20 events):
Event: 10.818 Executing VM operation: ParallelGCFailedAllocation
Event: 10.881 Executing VM operation: ParallelGCFailedAllocation done
Event: 10.961 Executing VM operation: ParallelGCFailedAllocation
Event: 10.965 Executing VM operation: ParallelGCFailedAllocation done
Event: 11.032 Executing VM operation: ParallelGCFailedAllocation
Event: 11.034 Executing VM operation: ParallelGCFailedAllocation done
Event: 11.082 Executing VM operation: ParallelGCFailedAllocation
Event: 11.086 Executing VM operation: ParallelGCFailedAllocation done
Event: 11.145 Executing VM operation: ParallelGCFailedAllocation
Event: 11.170 Executing VM operation: ParallelGCFailedAllocation done
Event: 11.216 Executing VM operation: HandshakeAllThreads
Event: 11.219 Executing VM operation: HandshakeAllThreads done
Event: 11.387 Executing VM operation: ParallelGCFailedAllocation
Event: 11.400 Executing VM operation: ParallelGCFailedAllocation done
Event: 11.400 Executing VM operation: HandshakeAllThreads
Event: 11.401 Executing VM operation: HandshakeAllThreads done
Event: 11.482 Executing VM operation: ParallelGCFailedAllocation
Event: 11.485 Executing VM operation: ParallelGCFailedAllocation done
Event: 11.503 Executing VM operation: HandshakeAllThreads
Event: 11.503 Executing VM operation: HandshakeAllThreads done

Events (20 events):
Event: 11.023 loading class java/util/regex/Pattern$1 done
Event: 11.076 loading class java/util/Hashtable$KeySet
Event: 11.076 loading class java/util/Hashtable$KeySet done
Event: 11.148 Thread 0x000002165ec093a0 Thread added: 0x000002165ec093a0
Event: 11.188 loading class java/util/stream/DistinctOps
Event: 11.188 loading class java/util/stream/DistinctOps done
Event: 11.188 loading class java/util/stream/DistinctOps$1
Event: 11.188 loading class java/util/stream/DistinctOps$1 done
Event: 11.220 loading class java/util/stream/DistinctOps$1$2
Event: 11.220 loading class java/util/stream/DistinctOps$1$2 done
Event: 11.223 loading class java/util/concurrent/CompletionException
Event: 11.224 loading class java/util/concurrent/CompletionException done
Event: 11.227 loading class java/util/HashMap$ValueSpliterator
Event: 11.227 loading class java/util/HashMap$ValueSpliterator done
Event: 11.236 Thread 0x000002165ec098b0 Thread added: 0x000002165ec098b0
Event: 11.239 Thread 0x000002165ec09dc0 Thread added: 0x000002165ec09dc0
Event: 11.554 loading class java/util/stream/ReduceOps$2
Event: 11.554 loading class java/util/stream/ReduceOps$2 done
Event: 11.554 loading class java/util/stream/ReduceOps$2ReducingSink
Event: 11.554 loading class java/util/stream/ReduceOps$2ReducingSink done


Dynamic libraries:
0x00007ff7f16b0000 - 0x00007ff7f16be000 	c:\Users\sachi\.vscode\extensions\redhat.java-1.25.1-win32-x64\jre\17.0.9-win32-x86_64\bin\java.exe
0x00007ff87f550000 - 0x00007ff87f767000 	C:\WINDOWS\SYSTEM32\ntdll.dll
0x00007ff87e500000 - 0x00007ff87e5c4000 	C:\WINDOWS\System32\KERNEL32.DLL
0x00007ff87c8c0000 - 0x00007ff87cc65000 	C:\WINDOWS\System32\KERNELBASE.dll
0x00007ff87cdc0000 - 0x00007ff87ced1000 	C:\WINDOWS\System32\ucrtbase.dll
0x00007ff86cd60000 - 0x00007ff86cd7b000 	c:\Users\sachi\.vscode\extensions\redhat.java-1.25.1-win32-x64\jre\17.0.9-win32-x86_64\bin\VCRUNTIME140.dll
0x00007ff873830000 - 0x00007ff873847000 	c:\Users\sachi\.vscode\extensions\redhat.java-1.25.1-win32-x64\jre\17.0.9-win32-x86_64\bin\jli.dll
0x00007ff87d2a0000 - 0x00007ff87d44e000 	C:\WINDOWS\System32\USER32.dll
0x00007ff87cd90000 - 0x00007ff87cdb6000 	C:\WINDOWS\System32\win32u.dll
0x00007ff87e5d0000 - 0x00007ff87e5f9000 	C:\WINDOWS\System32\GDI32.dll
0x00007ff85d970000 - 0x00007ff85dc03000 	C:\WINDOWS\WinSxS\amd64_microsoft.windows.common-controls_6595b64144ccf1df_6.0.22621.2506_none_270c5ae97388e100\COMCTL32.dll
0x00007ff87cc70000 - 0x00007ff87cd89000 	C:\WINDOWS\System32\gdi32full.dll
0x00007ff87e450000 - 0x00007ff87e4f7000 	C:\WINDOWS\System32\msvcrt.dll
0x00007ff87cee0000 - 0x00007ff87cf7a000 	C:\WINDOWS\System32\msvcp_win.dll
0x00007ff87de40000 - 0x00007ff87de71000 	C:\WINDOWS\System32\IMM32.DLL
0x00007ff877960000 - 0x00007ff87796c000 	c:\Users\sachi\.vscode\extensions\redhat.java-1.25.1-win32-x64\jre\17.0.9-win32-x86_64\bin\vcruntime140_1.dll
0x00007ff8432c0000 - 0x00007ff84334d000 	c:\Users\sachi\.vscode\extensions\redhat.java-1.25.1-win32-x64\jre\17.0.9-win32-x86_64\bin\msvcp140.dll
0x00007ff82dfb0000 - 0x00007ff82ec11000 	c:\Users\sachi\.vscode\extensions\redhat.java-1.25.1-win32-x64\jre\17.0.9-win32-x86_64\bin\server\jvm.dll
0x00007ff87f370000 - 0x00007ff87f421000 	C:\WINDOWS\System32\ADVAPI32.dll
0x00007ff87dc40000 - 0x00007ff87dce6000 	C:\WINDOWS\System32\sechost.dll
0x00007ff87d650000 - 0x00007ff87d767000 	C:\WINDOWS\System32\RPCRT4.dll
0x00007ff87b6e0000 - 0x00007ff87b72d000 	C:\WINDOWS\SYSTEM32\POWRPROF.dll
0x00007ff85ffb0000 - 0x00007ff85ffb9000 	C:\WINDOWS\SYSTEM32\WSOCK32.dll
0x00007ff87e3c0000 - 0x00007ff87e431000 	C:\WINDOWS\System32\WS2_32.dll
0x00007ff8739b0000 - 0x00007ff8739e4000 	C:\WINDOWS\SYSTEM32\WINMM.dll
0x00007ff872f30000 - 0x00007ff872f3a000 	C:\WINDOWS\SYSTEM32\VERSION.dll
0x00007ff87b6c0000 - 0x00007ff87b6d3000 	C:\WINDOWS\SYSTEM32\UMPDC.dll
0x00007ff87b990000 - 0x00007ff87b9a8000 	C:\WINDOWS\SYSTEM32\kernel.appcore.dll
0x00007ff876a20000 - 0x00007ff876a2a000 	c:\Users\sachi\.vscode\extensions\redhat.java-1.25.1-win32-x64\jre\17.0.9-win32-x86_64\bin\jimage.dll
0x00007ff87a100000 - 0x00007ff87a333000 	C:\WINDOWS\SYSTEM32\DBGHELP.DLL
0x00007ff87e600000 - 0x00007ff87e989000 	C:\WINDOWS\System32\combase.dll
0x00007ff87f430000 - 0x00007ff87f507000 	C:\WINDOWS\System32\OLEAUT32.dll
0x00007ff86ce20000 - 0x00007ff86ce52000 	C:\WINDOWS\SYSTEM32\dbgcore.DLL
0x00007ff87d220000 - 0x00007ff87d29a000 	C:\WINDOWS\System32\bcryptPrimitives.dll
0x00007ff874fa0000 - 0x00007ff874fae000 	c:\Users\sachi\.vscode\extensions\redhat.java-1.25.1-win32-x64\jre\17.0.9-win32-x86_64\bin\instrument.dll
0x00007ff853500000 - 0x00007ff853525000 	c:\Users\sachi\.vscode\extensions\redhat.java-1.25.1-win32-x64\jre\17.0.9-win32-x86_64\bin\java.dll
0x00007ff861250000 - 0x00007ff861268000 	c:\Users\sachi\.vscode\extensions\redhat.java-1.25.1-win32-x64\jre\17.0.9-win32-x86_64\bin\zip.dll
0x00007ff87e9f0000 - 0x00007ff87f249000 	C:\WINDOWS\System32\SHELL32.dll
0x00007ff87a7a0000 - 0x00007ff87b094000 	C:\WINDOWS\SYSTEM32\windows.storage.dll
0x00007ff87a660000 - 0x00007ff87a79e000 	C:\WINDOWS\SYSTEM32\wintypes.dll
0x00007ff87f270000 - 0x00007ff87f363000 	C:\WINDOWS\System32\SHCORE.dll
0x00007ff87e990000 - 0x00007ff87e9ee000 	C:\WINDOWS\System32\shlwapi.dll
0x00007ff87c7f0000 - 0x00007ff87c816000 	C:\WINDOWS\SYSTEM32\profapi.dll
0x00007ff8532e0000 - 0x00007ff8532f9000 	C:\Users\sachi\.vscode\extensions\redhat.java-1.25.1-win32-x64\jre\17.0.9-win32-x86_64\bin\net.dll
0x00007ff875fe0000 - 0x00007ff876117000 	C:\WINDOWS\SYSTEM32\WINHTTP.dll
0x00007ff87be30000 - 0x00007ff87be99000 	C:\WINDOWS\system32\mswsock.dll
0x00007ff852930000 - 0x00007ff852946000 	C:\Users\sachi\.vscode\extensions\redhat.java-1.25.1-win32-x64\jre\17.0.9-win32-x86_64\bin\nio.dll
0x00007ff874810000 - 0x00007ff874820000 	c:\Users\sachi\.vscode\extensions\redhat.java-1.25.1-win32-x64\jre\17.0.9-win32-x86_64\bin\verify.dll
0x00007ff852c70000 - 0x00007ff852cae000 	C:\Users\sachi\AppData\Roaming\Code\User\globalStorage\redhat.java\1.25.1\config_win\org.eclipse.equinox.launcher\org.eclipse.equinox.launcher.win32.win32.x86_64_1.2.800.v20231003-1442\eclipse_11802.dll
0x00007ff87d450000 - 0x00007ff87d5f0000 	C:\WINDOWS\System32\ole32.dll
0x00007ff87c080000 - 0x00007ff87c09b000 	C:\WINDOWS\SYSTEM32\CRYPTSP.dll
0x00007ff87b8f0000 - 0x00007ff87b925000 	C:\WINDOWS\system32\rsaenh.dll
0x00007ff87bf20000 - 0x00007ff87bf4c000 	C:\WINDOWS\SYSTEM32\USERENV.dll
0x00007ff87c250000 - 0x00007ff87c278000 	C:\WINDOWS\SYSTEM32\bcrypt.dll
0x00007ff87c0a0000 - 0x00007ff87c0ac000 	C:\WINDOWS\SYSTEM32\CRYPTBASE.dll
0x00007ff87b370000 - 0x00007ff87b39d000 	C:\WINDOWS\SYSTEM32\IPHLPAPI.DLL
0x00007ff87e160000 - 0x00007ff87e169000 	C:\WINDOWS\System32\NSI.dll
0x00007ff876910000 - 0x00007ff876929000 	C:\WINDOWS\SYSTEM32\dhcpcsvc6.DLL
0x00007ff8755f0000 - 0x00007ff87560f000 	C:\WINDOWS\SYSTEM32\dhcpcsvc.DLL
0x00007ff87b3a0000 - 0x00007ff87b499000 	C:\WINDOWS\SYSTEM32\DNSAPI.dll
0x00007ff83e620000 - 0x00007ff83e665000 	C:\Users\sachi\AppData\Local\Temp\jna-109193110\jna18059826064569143977.dll
0x00007ff87e440000 - 0x00007ff87e448000 	C:\WINDOWS\System32\PSAPI.DLL

dbghelp: loaded successfully - version: 4.0.5 - missing functions: none
symbol engine: initialized successfully - sym options: 0x614 - pdb path: .;c:\Users\sachi\.vscode\extensions\redhat.java-1.25.1-win32-x64\jre\17.0.9-win32-x86_64\bin;C:\WINDOWS\SYSTEM32;C:\WINDOWS\WinSxS\amd64_microsoft.windows.common-controls_6595b64144ccf1df_6.0.22621.2506_none_270c5ae97388e100;c:\Users\sachi\.vscode\extensions\redhat.java-1.25.1-win32-x64\jre\17.0.9-win32-x86_64\bin\server;C:\Users\sachi\AppData\Roaming\Code\User\globalStorage\redhat.java\1.25.1\config_win\org.eclipse.equinox.launcher\org.eclipse.equinox.launcher.win32.win32.x86_64_1.2.800.v20231003-1442;C:\Users\sachi\AppData\Local\Temp\jna-109193110

VM Arguments:
jvm_args: --add-modules=ALL-SYSTEM --add-opens=java.base/java.util=ALL-UNNAMED --add-opens=java.base/java.lang=ALL-UNNAMED --add-opens=java.base/sun.nio.fs=ALL-UNNAMED -Declipse.application=org.eclipse.jdt.ls.core.id1 -Dosgi.bundles.defaultStartLevel=4 -Declipse.product=org.eclipse.jdt.ls.core.product -Djava.import.generatesMetadataFilesAtProjectRoot=false -DDetectVMInstallationsJob.disabled=true -Dfile.encoding=utf8 -XX:+UseParallelGC -XX:GCTimeRatio=4 -XX:AdaptiveSizePolicyWeight=90 -Dsun.zip.disableMemoryMapping=true -Xmx1G -Xms100m -Xlog:disable -javaagent:c:\Users\sachi\.vscode\extensions\redhat.java-1.25.1-win32-x64\lombok\lombok-1.18.30.jar -XX:+HeapDumpOnOutOfMemoryError -XX:HeapDumpPath=c:\Users\sachi\AppData\Roaming\Code\User\workspaceStorage\4d30ff6712c740fc710bc5a139a2b1a1\redhat.java -Daether.dependencyCollector.impl=bf 
java_command: c:\Users\sachi\.vscode\extensions\redhat.java-1.25.1-win32-x64\server\plugins\org.eclipse.equinox.launcher_1.6.600.v20231106-1826.jar -configuration c:\Users\sachi\AppData\Roaming\Code\User\globalStorage\redhat.java\1.25.1\config_win -data c:\Users\sachi\AppData\Roaming\Code\User\workspaceStorage\4d30ff6712c740fc710bc5a139a2b1a1\redhat.java\jdt_ws --stdio
java_class_path (initial): c:\Users\sachi\.vscode\extensions\redhat.java-1.25.1-win32-x64\server\plugins\org.eclipse.equinox.launcher_1.6.600.v20231106-1826.jar
Launcher Type: SUN_STANDARD

[Global flags]
    uintx AdaptiveSizePolicyWeight                 = 90                                        {product} {command line}
     intx CICompilerCount                          = 4                                         {product} {ergonomic}
    uintx GCTimeRatio                              = 4                                         {product} {command line}
     bool HeapDumpOnOutOfMemoryError               = true                                   {manageable} {command line}
    ccstr HeapDumpPath                             = c:\Users\sachi\AppData\Roaming\Code\User\workspaceStorage\4d30ff6712c740fc710bc5a139a2b1a1\redhat.java         {manageable} {command line}
   size_t InitialHeapSize                          = 104857600                                 {product} {command line}
   size_t MaxHeapSize                              = 1073741824                                {product} {command line}
   size_t MaxNewSize                               = 357564416                                 {product} {ergonomic}
   size_t MinHeapDeltaBytes                        = 524288                                    {product} {ergonomic}
   size_t MinHeapSize                              = 104857600                                 {product} {command line}
   size_t NewSize                                  = 34603008                                  {product} {ergonomic}
    uintx NonNMethodCodeHeapSize                   = 5839372                                {pd product} {ergonomic}
    uintx NonProfiledCodeHeapSize                  = 122909434                              {pd product} {ergonomic}
   size_t OldSize                                  = 70254592                                  {product} {ergonomic}
    uintx ProfiledCodeHeapSize                     = 122909434                              {pd product} {ergonomic}
    uintx ReservedCodeCacheSize                    = 251658240                              {pd product} {ergonomic}
     bool SegmentedCodeCache                       = true                                      {product} {ergonomic}
   size_t SoftMaxHeapSize                          = 1073741824                             {manageable} {ergonomic}
     bool UseCompressedClassPointers               = true                           {product lp64_product} {ergonomic}
     bool UseCompressedOops                        = true                           {product lp64_product} {ergonomic}
     bool UseLargePagesIndividualAllocation        = false                                  {pd product} {ergonomic}
     bool UseParallelGC                            = true                                      {product} {command line}

Logging:
Log output configuration:
 #0: stdout all=off uptime,level,tags
 #1: stderr all=off uptime,level,tags

Environment Variables:
PATH=C:\Program Files\Common Files\Oracle\Java\javapath;C:\Program Files\NVIDIA GPU Computing Toolkit\CUDA\v12.0\bin;C:\Program Files\NVIDIA GPU Computing Toolkit\CUDA\v12.0\libnvvp;C:\windows\system32;C:\windows;C:\windows\System32\Wbem;C:\windows\System32\WindowsPowerShell\v1.0\;C:\windows\System32\OpenSSH\;C:\Program Files (x86)\NVIDIA Corporation\PhysX\Common;C:\Program Files\NVIDIA Corporation\NVIDIA NvDLISR;C:\Program Files\Microsoft SQL Server\150\Tools\Binn\;C:\Program Files\nodejs\;C:\Program Files\Git\cmd;C:\Program Files\NVIDIA Corporation\Nsight Compute 2022.2.0\;C:\WINDOWS\system32;C:\WINDOWS;C:\WINDOWS\System32\Wbem;C:\WINDOWS\System32\WindowsPowerShell\v1.0\;C:\WINDOWS\System32\OpenSSH\;C:\Program Files\JetBrains\IntelliJ IDEA Community Edition 2023.2.2\bin;C:\Program Files\MySQL\MySQL Server 8.0\bin;C:\Program Files\MongoDB\Server\7.0\bin;C:\Program Files\MongoDB\mongosh-2.0.1-win32-x64\bin;C:\Users\sachi\Downloads\apache-maven-3.9.5-bin\apache-maven-3.9.5\bin;C:\Program Files\MySQL\MySQL Shell 8.0\bin\;C:\Users\sachi\anaconda3;C:\Users\sachi\anaconda3\Library\mingw-w64\bin;C:\Users\sachi\anaconda3\Library\usr\bin;C:\Users\sachi\anaconda3\Library\bin;C:\Users\sachi\anaconda3\Scripts;C:\Users\sachi\AppData\Local\Programs\Python\Python311\Scripts\;C:\Users\sachi\AppData\Local\Programs\Python\Python311\;C:\Users\sachi\AppData\Local\Microsoft\WindowsApps;C:\Users\sachi\AppData\Local\Programs\Microsoft VS Code\bin;C:\Users\sachi\AppData\Roaming\npm;C:\platform-tools;C:\Program Files\JetBrains\IntelliJ IDEA 2023.2.2\bin;;C:\Program Files\JetBrains\IntelliJ IDEA Community Edition 2023.2.3\bin;;
USERNAME=sachi
OS=Windows_NT
PROCESSOR_IDENTIFIER=Intel64 Family 6 Model 140 Stepping 1, GenuineIntel
TMP=C:\Users\sachi\AppData\Local\Temp
TEMP=C:\Users\sachi\AppData\Local\Temp



Periodic native trim disabled


---------------  S Y S T E M  ---------------

OS:
 Windows 11 , 64 bit Build 22621 (10.0.22621.2506)
OS uptime: 0 days 1:14 hours
Hyper-V role detected

CPU: total 8 (initial active 8) (4 cores per cpu, 2 threads per core) family 6 model 140 stepping 1 microcode 0xb4, cx8, cmov, fxsr, ht, mmx, 3dnowpref, sse, sse2, sse3, ssse3, sse4.1, sse4.2, popcnt, lzcnt, tsc, tscinvbit, avx, avx2, aes, erms, clmul, bmi1, bmi2, adx, avx512f, avx512dq, avx512cd, avx512bw, avx512vl, sha, fma, vzeroupper, avx512_vpopcntdq, avx512_vpclmulqdq, avx512_vaes, avx512_vnni, clflush, clflushopt, clwb, avx512_vbmi2, avx512_vbmi, hv
Processor Information for all 8 processors :
  Max Mhz: 3110, Current Mhz: 3110, Mhz Limit: 3110

Memory: 4k page, system-wide physical 7937M (367M free)
TotalPageFile size 12016M (AvailPageFile size 3M)
current process WorkingSet (physical memory assigned to process): 354M, peak: 354M
current process commit charge ("private bytes"): 391M, peak: 391M

vm_info: OpenJDK 64-Bit Server VM (17.0.9+9) for windows-amd64 JRE (17.0.9+9), built on Oct 26 2023 14:01:42 by "admin" with MS VC++ 16.10 / 16.11 (VS2019)

END.
