#
# There is insufficient memory for the Java Runtime Environment to continue.
# Native memory allocation (mmap) failed to map 9437184 bytes for G1 virtual space
# Possible reasons:
#   The system is out of physical RAM or swap space
#   The process is running with CompressedOops enabled, and the Java Heap may be blocking the growth of the native heap
# Possible solutions:
#   Reduce memory load on the system
#   Increase physical memory or swap space
#   Check if swap backing store is full
#   Decrease Java heap size (-Xmx/-Xms)
#   Decrease number of Java threads
#   Decrease Java thread stack sizes (-Xss)
#   Set larger code cache with -XX:ReservedCodeCacheSize=
#   JVM is running with Unscaled Compressed Oops mode in which the Java heap is
#     placed in the first 4GB address space. The Java Heap base address is the
#     maximum limit for the native heap growth. Please use -XX:HeapBaseMinAddress
#     to set the Java Heap base and to place the Java Heap above 4GB virtual address.
# This output file may be truncated or incomplete.
#
#  Out of Memory Error (os_windows.cpp:3600), pid=20736, tid=20132
#
# JRE version: Java(TM) SE Runtime Environment (21.0.1+12) (build 21.0.1+12-LTS-29)
# Java VM: Java HotSpot(TM) 64-Bit Server VM (21.0.1+12-LTS-29, mixed mode, sharing, tiered, compressed oops, compressed class ptrs, g1 gc, windows-amd64)
# No core dump will be written. Minidumps are not enabled by default on client versions of Windows
#

---------------  S U M M A R Y ------------

Command Line: -javaagent:C:\Program Files\JetBrains\IntelliJ IDEA Community Edition 2023.2.3\lib\idea_rt.jar=56820:C:\Program Files\JetBrains\IntelliJ IDEA Community Edition 2023.2.3\bin -Dfile.encoding=UTF-8 -Dsun.stdout.encoding=UTF-8 -Dsun.stderr.encoding=UTF-8 com.example.Springboot.trustrace.SpringBootTrustraceApplication

Host: 11th Gen Intel(R) Core(TM) i5-11300H @ 3.10GHz, 8 cores, 7G,  Windows 11 , 64 bit Build 22621 (10.0.22621.2506)
Time: Tue Dec 12 14:02:08 2023 India Standard Time elapsed time: 3646.064446 seconds (0d 1h 0m 46s)

---------------  T H R E A D  ---------------

Current thread (0x00000249f67dae80):  VMThread "VM Thread"          [id=20132, stack(0x000000e2a7900000,0x000000e2a7a00000) (1024K)]

Stack: [0x000000e2a7900000,0x000000e2a7a00000]
Native frames: (J=compiled Java code, j=interpreted, Vv=VM code, C=native code)
V  [jvm.dll+0x6c9029]
V  [jvm.dll+0x854b81]
V  [jvm.dll+0x856e5e]
V  [jvm.dll+0x857543]
V  [jvm.dll+0x280c06]
V  [jvm.dll+0x6c5715]
V  [jvm.dll+0x6ba10a]
V  [jvm.dll+0x3557ea]
V  [jvm.dll+0x35d436]
V  [jvm.dll+0x3ae1be]
V  [jvm.dll+0x3ae468]
V  [jvm.dll+0x3291fc]
V  [jvm.dll+0x329287]
V  [jvm.dll+0x36db3c]
V  [jvm.dll+0x36c33d]
V  [jvm.dll+0x328971]
V  [jvm.dll+0x36ba4a]
V  [jvm.dll+0x85d048]
V  [jvm.dll+0x85e144]
V  [jvm.dll+0x85e680]
V  [jvm.dll+0x85e923]
V  [jvm.dll+0x7fd728]
V  [jvm.dll+0x6c777d]
C  [ucrtbase.dll+0x29363]
C  [KERNEL32.DLL+0x1257d]
C  [ntdll.dll+0x5aa58]

VM_Operation (0x000000e2a99fd8b0): G1CollectForAllocation, mode: safepoint, requested by thread 0x00000249fd7597b0


---------------  P R O C E S S  ---------------

Threads class SMR info:
_java_thread_list=0x00000249fcff0da0, length=33, elements={
0x00000249f67fa9e0, 0x00000249f67fbab0, 0x00000249f67fdd80, 0x00000249f6801a20,
0x00000249f6803240, 0x00000249f6803d90, 0x00000249f6817d40, 0x00000249f68399b0,
0x00000249f6a045a0, 0x00000249f6b05d80, 0x00000249f6b063f0, 0x00000249fcaf2c50,
0x00000249fcaf4000, 0x00000249fcaf32e0, 0x00000249fcaf3970, 0x00000249fd759e40,
0x00000249fd758400, 0x00000249fd759120, 0x00000249fd757d70, 0x00000249fd7597b0,
0x00000249fd7569c0, 0x00000249fd757050, 0x00000249fd7576e0, 0x00000249fddf0ba0,
0x00000249fddefe80, 0x00000249fddf6e10, 0x00000249fddf18c0, 0x00000249fddf4020,
0x00000249fddf1f50, 0x00000249fddf3990, 0x00000249fddf1230, 0x00000249fddf25e0,
0x00000249fddf74a0
}

Java Threads: ( => current thread )
  0x00000249f67fa9e0 JavaThread "Reference Handler"          daemon [_thread_blocked, id=12972, stack(0x000000e2a7a00000,0x000000e2a7b00000) (1024K)]
  0x00000249f67fbab0 JavaThread "Finalizer"                  daemon [_thread_blocked, id=5908, stack(0x000000e2a7b00000,0x000000e2a7c00000) (1024K)]
  0x00000249f67fdd80 JavaThread "Signal Dispatcher"          daemon [_thread_blocked, id=17964, stack(0x000000e2a7c00000,0x000000e2a7d00000) (1024K)]
  0x00000249f6801a20 JavaThread "Attach Listener"            daemon [_thread_blocked, id=2356, stack(0x000000e2a7d00000,0x000000e2a7e00000) (1024K)]
  0x00000249f6803240 JavaThread "Service Thread"             daemon [_thread_blocked, id=16860, stack(0x000000e2a7e00000,0x000000e2a7f00000) (1024K)]
  0x00000249f6803d90 JavaThread "Monitor Deflation Thread"   daemon [_thread_blocked, id=18592, stack(0x000000e2a7f00000,0x000000e2a8000000) (1024K)]
  0x00000249f6817d40 JavaThread "C2 CompilerThread0"         daemon [_thread_blocked, id=1012, stack(0x000000e2a8000000,0x000000e2a8100000) (1024K)]
  0x00000249f68399b0 JavaThread "C1 CompilerThread0"         daemon [_thread_blocked, id=13116, stack(0x000000e2a8100000,0x000000e2a8200000) (1024K)]
  0x00000249f6a045a0 JavaThread "Common-Cleaner"             daemon [_thread_blocked, id=22136, stack(0x000000e2a8200000,0x000000e2a8300000) (1024K)]
  0x00000249f6b05d80 JavaThread "Monitor Ctrl-Break"         daemon [_thread_in_native, id=3504, stack(0x000000e2a8400000,0x000000e2a8500000) (1024K)]
  0x00000249f6b063f0 JavaThread "Notification Thread"        daemon [_thread_blocked, id=10748, stack(0x000000e2a8500000,0x000000e2a8600000) (1024K)]
  0x00000249fcaf2c50 JavaThread "Catalina-utility-1"                [_thread_blocked, id=3332, stack(0x000000e2a9100000,0x000000e2a9200000) (1024K)]
  0x00000249fcaf4000 JavaThread "Catalina-utility-2"                [_thread_blocked, id=20732, stack(0x000000e2a9200000,0x000000e2a9300000) (1024K)]
  0x00000249fcaf32e0 JavaThread "container-0"                       [_thread_blocked, id=19472, stack(0x000000e2a9300000,0x000000e2a9400000) (1024K)]
  0x00000249fcaf3970 JavaThread "BufferPoolPruner-1-thread-1" daemon [_thread_blocked, id=8516, stack(0x000000e2a9400000,0x000000e2a9500000) (1024K)]
  0x00000249fd759e40 JavaThread "cluster-ClusterId{value='65780c4d0ea5465317ab124e', description='null'}-localhost:27017" daemon [_thread_blocked, id=13712, stack(0x000000e2a9500000,0x000000e2a9600000) (1024K)]
  0x00000249fd758400 JavaThread "cluster-rtt-ClusterId{value='65780c4d0ea5465317ab124e', description='null'}-localhost:27017" daemon [_thread_blocked, id=11528, stack(0x000000e2a9600000,0x000000e2a9700000) (1024K)]
  0x00000249fd759120 JavaThread "MaintenanceTimer-2-thread-1" daemon [_thread_blocked, id=17884, stack(0x000000e2a9800000,0x000000e2a9900000) (1024K)]
  0x00000249fd757d70 JavaThread "Live Reload Server"         daemon [_thread_in_native, id=6560, stack(0x000000e2a9a00000,0x000000e2a9b00000) (1024K)]
  0x00000249fd7597b0 JavaThread "File Watcher"               daemon [_thread_blocked, id=6656, stack(0x000000e2a9900000,0x000000e2a9a00000) (1024K)]
  0x00000249fd7569c0 JavaThread "http-nio-8080-exec-1"       daemon [_thread_blocked, id=4476, stack(0x000000e2a9b00000,0x000000e2a9c00000) (1024K)]
  0x00000249fd757050 JavaThread "http-nio-8080-exec-2"       daemon [_thread_blocked, id=13412, stack(0x000000e2a9c00000,0x000000e2a9d00000) (1024K)]
  0x00000249fd7576e0 JavaThread "http-nio-8080-exec-3"       daemon [_thread_blocked, id=16440, stack(0x000000e2a9d00000,0x000000e2a9e00000) (1024K)]
  0x00000249fddf0ba0 JavaThread "http-nio-8080-exec-4"       daemon [_thread_blocked, id=2944, stack(0x000000e2a9e00000,0x000000e2a9f00000) (1024K)]
  0x00000249fddefe80 JavaThread "http-nio-8080-exec-5"       daemon [_thread_blocked, id=20068, stack(0x000000e2a9f00000,0x000000e2aa000000) (1024K)]
  0x00000249fddf6e10 JavaThread "http-nio-8080-exec-6"       daemon [_thread_blocked, id=11432, stack(0x000000e2aa000000,0x000000e2aa100000) (1024K)]
  0x00000249fddf18c0 JavaThread "http-nio-8080-exec-7"       daemon [_thread_blocked, id=8472, stack(0x000000e2aa100000,0x000000e2aa200000) (1024K)]
  0x00000249fddf4020 JavaThread "http-nio-8080-exec-8"       daemon [_thread_blocked, id=21564, stack(0x000000e2aa200000,0x000000e2aa300000) (1024K)]
  0x00000249fddf1f50 JavaThread "http-nio-8080-exec-9"       daemon [_thread_blocked, id=1164, stack(0x000000e2aa300000,0x000000e2aa400000) (1024K)]
  0x00000249fddf3990 JavaThread "http-nio-8080-exec-10"      daemon [_thread_blocked, id=20452, stack(0x000000e2aa400000,0x000000e2aa500000) (1024K)]
  0x00000249fddf1230 JavaThread "http-nio-8080-Poller"       daemon [_thread_in_native, id=1440, stack(0x000000e2aa500000,0x000000e2aa600000) (1024K)]
  0x00000249fddf25e0 JavaThread "http-nio-8080-Acceptor"     daemon [_thread_in_native, id=21016, stack(0x000000e2aa600000,0x000000e2aa700000) (1024K)]
  0x00000249fddf74a0 JavaThread "DestroyJavaVM"                     [_thread_blocked, id=9972, stack(0x000000e2a7200000,0x000000e2a7300000) (1024K)]
Total: 33

Other Threads:
=>0x00000249f67dae80 VMThread "VM Thread"                           [id=20132, stack(0x000000e2a7900000,0x000000e2a7a00000) (1024K)]
  0x00000249f67c33d0 WatcherThread "VM Periodic Task Thread"        [id=4952, stack(0x000000e2a7800000,0x000000e2a7900000) (1024K)]
  0x00000249d9fbd8d0 WorkerThread "GC Thread#0"                     [id=14868, stack(0x000000e2a7300000,0x000000e2a7400000) (1024K)]
  0x00000249fb7bafd0 WorkerThread "GC Thread#1"                     [id=14104, stack(0x000000e2a8800000,0x000000e2a8900000) (1024K)]
  0x00000249fb7bb370 WorkerThread "GC Thread#2"                     [id=10948, stack(0x000000e2a8900000,0x000000e2a8a00000) (1024K)]
  0x00000249fb7bb710 WorkerThread "GC Thread#3"                     [id=13564, stack(0x000000e2a8a00000,0x000000e2a8b00000) (1024K)]
  0x00000249fb7bbab0 WorkerThread "GC Thread#4"                     [id=1284, stack(0x000000e2a8b00000,0x000000e2a8c00000) (1024K)]
  0x00000249fb7bbe50 WorkerThread "GC Thread#5"                     [id=15516, stack(0x000000e2a8c00000,0x000000e2a8d00000) (1024K)]
  0x00000249fbd74020 WorkerThread "GC Thread#6"                     [id=16124, stack(0x000000e2a8e00000,0x000000e2a8f00000) (1024K)]
  0x00000249fbd73c80 WorkerThread "GC Thread#7"                     [id=12528, stack(0x000000e2a8f00000,0x000000e2a9000000) (1024K)]
  0x00000249d9fceab0 ConcurrentGCThread "G1 Main Marker"            [id=15096, stack(0x000000e2a7400000,0x000000e2a7500000) (1024K)]
  0x00000249d9fcfd50 WorkerThread "G1 Conc#0"                       [id=13408, stack(0x000000e2a7500000,0x000000e2a7600000) (1024K)]
  0x00000249fc62b400 WorkerThread "G1 Conc#1"                       [id=21784, stack(0x000000e2a9000000,0x000000e2a9100000) (1024K)]
  0x00000249da02d720 ConcurrentGCThread "G1 Refine#0"               [id=3020, stack(0x000000e2a7600000,0x000000e2a7700000) (1024K)]
  0x00000249da02e290 ConcurrentGCThread "G1 Service"                [id=9760, stack(0x000000e2a7700000,0x000000e2a7800000) (1024K)]
Total: 15

Threads with active compile tasks:
Total: 0

VM state: at safepoint (normal execution)

VM Mutex/Monitor currently owned by a thread:  ([mutex/lock_event])
[0x00007fffb3bda5f8] Threads_lock - owner thread: 0x00000249f67dae80
[0x00007fffb3bda6f8] Heap_lock - owner thread: 0x00000249fd7597b0

Heap address: 0x0000000083e00000, size: 1986 MB, Compressed Oops mode: 32-bit

CDS archive(s) mapped at: [0x0000024980000000-0x0000024980c90000-0x0000024980c90000), size 13172736, SharedBaseAddress: 0x0000024980000000, ArchiveRelocationMode: 1.
Compressed class space mapped at: 0x0000024981000000-0x00000249c1000000, reserved size: 1073741824
Narrow klass base: 0x0000024980000000, Narrow klass shift: 0, Narrow klass range: 0x100000000

GC Precious Log:
 CardTable entry size: 512
 Card Set container configuration: InlinePtr #cards 5 size 8 Array Of Cards #cards 12 size 40 Howl #buckets 4 coarsen threshold 1843 Howl Bitmap #cards 512 size 80 coarsen threshold 460 Card regions per heap region 1 cards per card region 2048
 CPUs: 8 total, 8 available
 Memory: 7937M
 Large Page Support: Disabled
 NUMA Support: Disabled
 Compressed Oops: Enabled (32-bit)
 Heap Region Size: 1M
 Heap Min Capacity: 8M
 Heap Initial Capacity: 126M
 Heap Max Capacity: 1986M
 Pre-touch: Disabled
 Parallel Workers: 8
 Concurrent Workers: 2
 Concurrent Refinement Workers: 8
 Periodic GC: Disabled

Heap:
 garbage-first heap   total 45056K, used 20057K [0x0000000083e00000, 0x0000000100000000)
  region size 1024K, 1 young (1024K), 1 survivors (1024K)
 Metaspace       used 38929K, committed 39872K, reserved 1114112K
  class space    used 4965K, committed 5376K, reserved 1048576K

Heap Regions: E=young(eden), S=young(survivor), O=old, HS=humongous(starts), HC=humongous(continues), CS=collection set, F=free, TAMS=top-at-mark-start, PB=parsable bottom
|   0|0x0000000083e00000, 0x0000000083f00000, 0x0000000083f00000|100%| O|  |TAMS 0x0000000083e00000| PB 0x0000000083e00000| Untracked 
|   1|0x0000000083f00000, 0x0000000084000000, 0x0000000084000000|100%| O|  |TAMS 0x0000000083f00000| PB 0x0000000083f00000| Untracked 
|   2|0x0000000084000000, 0x0000000084100000, 0x0000000084100000|100%| O|  |TAMS 0x0000000084000000| PB 0x0000000084000000| Untracked 
|   3|0x0000000084100000, 0x0000000084200000, 0x0000000084200000|100%| O|  |TAMS 0x0000000084100000| PB 0x0000000084100000| Untracked 
|   4|0x0000000084200000, 0x0000000084300000, 0x0000000084300000|100%| O|  |TAMS 0x0000000084200000| PB 0x0000000084200000| Untracked 
|   5|0x0000000084300000, 0x0000000084400000, 0x0000000084400000|100%| O|  |TAMS 0x0000000084300000| PB 0x0000000084300000| Untracked 
|   6|0x0000000084400000, 0x0000000084500000, 0x0000000084500000|100%| O|  |TAMS 0x0000000084400000| PB 0x0000000084400000| Untracked 
|   7|0x0000000084500000, 0x0000000084600000, 0x0000000084600000|100%| O|  |TAMS 0x0000000084500000| PB 0x0000000084500000| Untracked 
|   8|0x0000000084600000, 0x0000000084700000, 0x0000000084700000|100%| O|  |TAMS 0x0000000084600000| PB 0x0000000084600000| Untracked 
|   9|0x0000000084700000, 0x0000000084800000, 0x0000000084800000|100%| O|  |TAMS 0x0000000084700000| PB 0x0000000084700000| Untracked 
|  10|0x0000000084800000, 0x0000000084800000, 0x0000000084900000|  0%| F|  |TAMS 0x0000000084800000| PB 0x0000000084800000| Untracked 
|  11|0x0000000084900000, 0x0000000084a00000, 0x0000000084a00000|100%| O|  |TAMS 0x0000000084900000| PB 0x0000000084900000| Untracked 
|  12|0x0000000084a00000, 0x0000000084b00000, 0x0000000084b00000|100%| O|Cm|TAMS 0x0000000084a00000| PB 0x0000000084a00000| Complete 
|  13|0x0000000084b00000, 0x0000000084c00000, 0x0000000084c00000|100%| O|  |TAMS 0x0000000084b00000| PB 0x0000000084b00000| Untracked 
|  14|0x0000000084c00000, 0x0000000084d00000, 0x0000000084d00000|100%| O|Cm|TAMS 0x0000000084c00000| PB 0x0000000084c00000| Complete 
|  15|0x0000000084d00000, 0x0000000084e00000, 0x0000000084e00000|100%| O|  |TAMS 0x0000000084d00000| PB 0x0000000084d00000| Untracked 
|  16|0x0000000084e00000, 0x0000000084f00000, 0x0000000084f00000|100%| O|Cm|TAMS 0x0000000084e00000| PB 0x0000000084e00000| Complete 
|  17|0x0000000084f00000, 0x0000000085000000, 0x0000000085000000|100%| O|Cm|TAMS 0x0000000084f00000| PB 0x0000000084f00000| Complete 
|  18|0x0000000085000000, 0x0000000085100000, 0x0000000085100000|100%| O|Cm|TAMS 0x0000000085000000| PB 0x0000000085000000| Complete 
|  19|0x0000000085100000, 0x0000000085200000, 0x0000000085200000|100%| O|Cm|TAMS 0x0000000085100000| PB 0x0000000085100000| Complete 
|  20|0x0000000085200000, 0x0000000085287c80, 0x0000000085300000| 53%| O|  |TAMS 0x0000000085200000| PB 0x0000000085200000| Untracked 
|  21|0x0000000085300000, 0x0000000085300000, 0x0000000085400000|  0%| F|  |TAMS 0x0000000085300000| PB 0x0000000085300000| Untracked 
|  22|0x0000000085400000, 0x0000000085400000, 0x0000000085500000|  0%| F|  |TAMS 0x0000000085400000| PB 0x0000000085400000| Untracked 
|  23|0x0000000085500000, 0x0000000085500000, 0x0000000085600000|  0%| F|  |TAMS 0x0000000085500000| PB 0x0000000085500000| Untracked 
|  24|0x0000000085600000, 0x0000000085600000, 0x0000000085700000|  0%| F|  |TAMS 0x0000000085600000| PB 0x0000000085600000| Untracked 
|  25|0x0000000085700000, 0x000000008570e808, 0x0000000085800000|  5%| S|CS|TAMS 0x0000000085700000| PB 0x0000000085700000| Complete 
|  26|0x0000000085800000, 0x0000000085800000, 0x0000000085900000|  0%| F|  |TAMS 0x0000000085800000| PB 0x0000000085800000| Untracked 
|  27|0x0000000085900000, 0x0000000085900000, 0x0000000085a00000|  0%| F|  |TAMS 0x0000000085900000| PB 0x0000000085900000| Untracked 
|  28|0x0000000085a00000, 0x0000000085a00000, 0x0000000085b00000|  0%| F|  |TAMS 0x0000000085a00000| PB 0x0000000085a00000| Untracked 
|  29|0x0000000085b00000, 0x0000000085b00000, 0x0000000085c00000|  0%| F|  |TAMS 0x0000000085b00000| PB 0x0000000085b00000| Untracked 
|  30|0x0000000085c00000, 0x0000000085c00000, 0x0000000085d00000|  0%| F|  |TAMS 0x0000000085c00000| PB 0x0000000085c00000| Untracked 
|  31|0x0000000085d00000, 0x0000000085d00000, 0x0000000085e00000|  0%| F|  |TAMS 0x0000000085d00000| PB 0x0000000085d00000| Untracked 
|  32|0x0000000085e00000, 0x0000000085e00000, 0x0000000085f00000|  0%| F|  |TAMS 0x0000000085e00000| PB 0x0000000085e00000| Untracked 
|  33|0x0000000085f00000, 0x0000000085f00000, 0x0000000086000000|  0%| F|  |TAMS 0x0000000085f00000| PB 0x0000000085f00000| Untracked 
|  34|0x0000000086000000, 0x0000000086000000, 0x0000000086100000|  0%| F|  |TAMS 0x0000000086000000| PB 0x0000000086000000| Untracked 
|  35|0x0000000086100000, 0x0000000086100000, 0x0000000086200000|  0%| F|  |TAMS 0x0000000086100000| PB 0x0000000086100000| Untracked 
|  75|0x0000000088900000, 0x0000000088900000, 0x0000000088a00000|  0%| F|  |TAMS 0x0000000088900000| PB 0x0000000088900000| Untracked 
|  76|0x0000000088a00000, 0x0000000088a00000, 0x0000000088b00000|  0%| F|  |TAMS 0x0000000088a00000| PB 0x0000000088a00000| Untracked 
|  77|0x0000000088b00000, 0x0000000088b00000, 0x0000000088c00000|  0%| F|  |TAMS 0x0000000088b00000| PB 0x0000000088b00000| Untracked 
|  78|0x0000000088c00000, 0x0000000088c00000, 0x0000000088d00000|  0%| F|  |TAMS 0x0000000088c00000| PB 0x0000000088c00000| Untracked 
|  79|0x0000000088d00000, 0x0000000088d00000, 0x0000000088e00000|  0%| F|  |TAMS 0x0000000088d00000| PB 0x0000000088d00000| Untracked 
|  80|0x0000000088e00000, 0x0000000088e00000, 0x0000000088f00000|  0%| F|  |TAMS 0x0000000088e00000| PB 0x0000000088e00000| Untracked 
|  81|0x0000000088f00000, 0x0000000088f00000, 0x0000000089000000|  0%| F|  |TAMS 0x0000000088f00000| PB 0x0000000088f00000| Untracked 
| 125|0x000000008bb00000, 0x000000008bb00000, 0x000000008bc00000|  0%| F|  |TAMS 0x000000008bb00000| PB 0x000000008bb00000| Untracked 

Card table byte_map: [0x00000249f1ae0000,0x00000249f1ed0000] _byte_map_base: 0x00000249f16c1000

Marking Bits: (CMBitMap*) 0x00000249d9fbe7e0
 Bits: [0x00000249f1ed0000, 0x00000249f3dd8000)

Polling page: 0x00000249d7ee0000

Metaspace:

Usage:
  Non-class:     33.17 MB used.
      Class:      4.85 MB used.
       Both:     38.02 MB used.

Virtual space:
  Non-class space:       64.00 MB reserved,      33.69 MB ( 53%) committed,  1 nodes.
      Class space:        1.00 GB reserved,       5.25 MB ( <1%) committed,  1 nodes.
             Both:        1.06 GB reserved,      38.94 MB (  4%) committed. 

Chunk freelists:
   Non-Class:  14.43 MB
       Class:  10.90 MB
        Both:  25.33 MB

MaxMetaspaceSize: unlimited
CompressedClassSpaceSize: 1.00 GB
Initial GC threshold: 21.00 MB
Current GC threshold: 64.94 MB
CDS: on
 - commit_granule_bytes: 65536.
 - commit_granule_words: 8192.
 - virtual_space_node_default_size: 8388608.
 - enlarge_chunks_in_place: 1.
 - use_allocation_guard: 0.


Internal statistics:

num_allocs_failed_limit: 6.
num_arena_births: 838.
num_arena_deaths: 320.
num_vsnodes_births: 2.
num_vsnodes_deaths: 0.
num_space_committed: 623.
num_space_uncommitted: 0.
num_chunks_returned_to_freelist: 386.
num_chunks_taken_from_freelist: 2305.
num_chunk_merges: 92.
num_chunk_splits: 1546.
num_chunks_enlarged: 1063.
num_inconsistent_stats: 0.

CodeHeap 'non-profiled nmethods': size=120000Kb used=2774Kb max_used=2992Kb free=117225Kb
 bounds [0x00000249e9e90000, 0x00000249ea180000, 0x00000249f13c0000]
CodeHeap 'profiled nmethods': size=120000Kb used=9338Kb max_used=10252Kb free=110661Kb
 bounds [0x00000249e23c0000, 0x00000249e2dd0000, 0x00000249e98f0000]
CodeHeap 'non-nmethods': size=5760Kb used=1677Kb max_used=1708Kb free=4083Kb
 bounds [0x00000249e98f0000, 0x00000249e9b60000, 0x00000249e9e90000]
 total_blobs=5460 nmethods=4878 adapters=486
 compilation: enabled
              stopped_count=0, restarted_count=0
 full_count=0

Compilation events (20 events):
Event: 3566.774 Thread 0x00000249f68399b0 5630       3       org.bson.codecs.BsonDocumentCodec::encode (109 bytes)
Event: 3566.775 Thread 0x00000249f68399b0 nmethod 5630 0x00000249e243c890 code [0x00000249e243cb80, 0x00000249e243dca8]
Event: 3566.775 Thread 0x00000249f68399b0 5631       3       org.bson.AbstractBsonWriter::writeStartDocument (132 bytes)
Event: 3566.776 Thread 0x00000249f68399b0 nmethod 5631 0x00000249e2b90f90 code [0x00000249e2b91300, 0x00000249e2b93150]
Event: 3566.776 Thread 0x00000249f68399b0 5632       3       org.bson.codecs.BsonDocumentCodec::beforeFields (37 bytes)
Event: 3566.776 Thread 0x00000249f68399b0 nmethod 5632 0x00000249e2ba5e90 code [0x00000249e2ba60a0, 0x00000249e2ba67f8]
Event: 3586.058 Thread 0x00000249f6817d40 5633       4       org.bson.BsonDocument::put (40 bytes)
Event: 3586.075 Thread 0x00000249f6817d40 nmethod 5633 0x00000249ea00e210 code [0x00000249ea00e460, 0x00000249ea00f940]
Event: 3593.510 Thread 0x00000249f6817d40 5634       4       java.util.concurrent.locks.ReentrantLock$NonfairSync::tryAcquire (27 bytes)
Event: 3593.513 Thread 0x00000249f6817d40 nmethod 5634 0x00000249e9f6ef90 code [0x00000249e9f6f120, 0x00000249e9f6f2a0]
Event: 3596.799 Thread 0x00000249f68399b0 5635       3       org.bson.BsonBinaryWriter::doWriteStartDocument (68 bytes)
Event: 3596.801 Thread 0x00000249f68399b0 nmethod 5635 0x00000249e2af7c90 code [0x00000249e2af7f40, 0x00000249e2af90c8]
Event: 3596.801 Thread 0x00000249f68399b0 5636       3       org.bson.BsonBinaryWriter$Context::<init> (19 bytes)
Event: 3596.801 Thread 0x00000249f68399b0 nmethod 5636 0x00000249e249f890 code [0x00000249e249fa40, 0x00000249e249fd78]
Event: 3596.801 Thread 0x00000249f68399b0 5637       3       org.bson.BsonBinaryWriter::doWriteEndDocument (61 bytes)
Event: 3596.802 Thread 0x00000249f68399b0 nmethod 5637 0x00000249e2528b10 code [0x00000249e2528d60, 0x00000249e2529aa8]
Event: 3602.187 Thread 0x00000249f6817d40 5638       4       org.springframework.boot.devtools.filewatch.DirectorySnapshot::filter (72 bytes)
Event: 3602.187 Thread 0x00000249f6817d40 nmethod 5638 0x00000249e9f2ec10 code [0x00000249e9f2eda0, 0x00000249e9f2ee48]
Event: 3616.062 Thread 0x00000249f68399b0 5639       3       java.util.concurrent.atomic.AtomicReference::getAndSet (9 bytes)
Event: 3616.063 Thread 0x00000249f68399b0 nmethod 5639 0x00000249e23e7e90 code [0x00000249e23e8120, 0x00000249e23e8e08]

GC Heap History (20 events):
Event: 0.669 GC heap after
{Heap after GC invocations=1 (full 0):
 garbage-first heap   total 129024K, used 4981K [0x0000000083e00000, 0x0000000100000000)
  region size 1024K, 3 young (3072K), 3 survivors (3072K)
 Metaspace       used 6776K, committed 7040K, reserved 1114112K
  class space    used 780K, committed 896K, reserved 1048576K
}
Event: 1.073 GC heap before
{Heap before GC invocations=1 (full 0):
 garbage-first heap   total 129024K, used 35701K [0x0000000083e00000, 0x0000000100000000)
  region size 1024K, 34 young (34816K), 3 survivors (3072K)
 Metaspace       used 15044K, committed 15296K, reserved 1114112K
  class space    used 1806K, committed 1920K, reserved 1048576K
}
Event: 1.079 GC heap after
{Heap after GC invocations=2 (full 0):
 garbage-first heap   total 129024K, used 8036K [0x0000000083e00000, 0x0000000100000000)
  region size 1024K, 3 young (3072K), 3 survivors (3072K)
 Metaspace       used 15044K, committed 15296K, reserved 1114112K
  class space    used 1806K, committed 1920K, reserved 1048576K
}
Event: 1.844 GC heap before
{Heap before GC invocations=2 (full 0):
 garbage-first heap   total 129024K, used 47972K [0x0000000083e00000, 0x0000000100000000)
  region size 1024K, 44 young (45056K), 3 survivors (3072K)
 Metaspace       used 21207K, committed 21504K, reserved 1114112K
  class space    used 2590K, committed 2688K, reserved 1048576K
}
Event: 1.851 GC heap after
{Heap after GC invocations=3 (full 0):
 garbage-first heap   total 129024K, used 11537K [0x0000000083e00000, 0x0000000100000000)
  region size 1024K, 7 young (7168K), 7 survivors (7168K)
 Metaspace       used 21207K, committed 21504K, reserved 1114112K
  class space    used 2590K, committed 2688K, reserved 1048576K
}
Event: 2.271 GC heap before
{Heap before GC invocations=4 (full 0):
 garbage-first heap   total 45056K, used 30993K [0x0000000083e00000, 0x0000000100000000)
  region size 1024K, 26 young (26624K), 7 survivors (7168K)
 Metaspace       used 25659K, committed 26176K, reserved 1114112K
  class space    used 3223K, committed 3456K, reserved 1048576K
}
Event: 2.277 GC heap after
{Heap after GC invocations=5 (full 0):
 garbage-first heap   total 45056K, used 14070K [0x0000000083e00000, 0x0000000100000000)
  region size 1024K, 3 young (3072K), 3 survivors (3072K)
 Metaspace       used 25659K, committed 26176K, reserved 1114112K
  class space    used 3223K, committed 3456K, reserved 1048576K
}
Event: 2.707 GC heap before
{Heap before GC invocations=5 (full 0):
 garbage-first heap   total 45056K, used 35574K [0x0000000083e00000, 0x0000000100000000)
  region size 1024K, 24 young (24576K), 3 survivors (3072K)
 Metaspace       used 31022K, committed 31488K, reserved 1114112K
  class space    used 3970K, committed 4160K, reserved 1048576K
}
Event: 2.712 GC heap after
{Heap after GC invocations=6 (full 0):
 garbage-first heap   total 45056K, used 15577K [0x0000000083e00000, 0x0000000100000000)
  region size 1024K, 2 young (2048K), 2 survivors (2048K)
 Metaspace       used 31022K, committed 31488K, reserved 1114112K
  class space    used 3970K, committed 4160K, reserved 1048576K
}
Event: 3.072 GC heap before
{Heap before GC invocations=6 (full 0):
 garbage-first heap   total 45056K, used 36057K [0x0000000083e00000, 0x0000000100000000)
  region size 1024K, 22 young (22528K), 2 survivors (2048K)
 Metaspace       used 34351K, committed 34944K, reserved 1114112K
  class space    used 4449K, committed 4736K, reserved 1048576K
}
Event: 3.076 GC heap after
{Heap after GC invocations=7 (full 0):
 garbage-first heap   total 45056K, used 17912K [0x0000000083e00000, 0x0000000100000000)
  region size 1024K, 3 young (3072K), 3 survivors (3072K)
 Metaspace       used 34351K, committed 34944K, reserved 1114112K
  class space    used 4449K, committed 4736K, reserved 1048576K
}
Event: 3.265 GC heap before
{Heap before GC invocations=7 (full 0):
 garbage-first heap   total 45056K, used 24056K [0x0000000083e00000, 0x0000000100000000)
  region size 1024K, 10 young (10240K), 3 survivors (3072K)
 Metaspace       used 35404K, committed 35968K, reserved 1114112K
  class space    used 4586K, committed 4864K, reserved 1048576K
}
Event: 3.269 GC heap after
{Heap after GC invocations=8 (full 0):
 garbage-first heap   total 45056K, used 18924K [0x0000000083e00000, 0x0000000100000000)
  region size 1024K, 2 young (2048K), 2 survivors (2048K)
 Metaspace       used 35404K, committed 35968K, reserved 1114112K
  class space    used 4586K, committed 4864K, reserved 1048576K
}
Event: 46.100 GC heap before
{Heap before GC invocations=9 (full 0):
 garbage-first heap   total 45056K, used 36332K [0x0000000083e00000, 0x0000000100000000)
  region size 1024K, 20 young (20480K), 2 survivors (2048K)
 Metaspace       used 38780K, committed 39488K, reserved 1114112K
  class space    used 5038K, committed 5376K, reserved 1048576K
}
Event: 46.116 GC heap after
{Heap after GC invocations=10 (full 0):
 garbage-first heap   total 45056K, used 20317K [0x0000000083e00000, 0x0000000100000000)
  region size 1024K, 3 young (3072K), 3 survivors (3072K)
 Metaspace       used 38780K, committed 39488K, reserved 1114112K
  class space    used 5038K, committed 5376K, reserved 1048576K
}
Event: 2627.622 GC heap before
{Heap before GC invocations=10 (full 0):
 garbage-first heap   total 45056K, used 37725K [0x0000000083e00000, 0x0000000100000000)
  region size 1024K, 20 young (20480K), 3 survivors (3072K)
 Metaspace       used 39104K, committed 39808K, reserved 1114112K
  class space    used 5044K, committed 5376K, reserved 1048576K
}
Event: 2627.627 GC heap after
{Heap after GC invocations=11 (full 0):
 garbage-first heap   total 45056K, used 20356K [0x0000000083e00000, 0x0000000100000000)
  region size 1024K, 1 young (1024K), 1 survivors (1024K)
 Metaspace       used 39104K, committed 39808K, reserved 1114112K
  class space    used 5044K, committed 5376K, reserved 1048576K
}
Event: 3136.014 GC heap before
{Heap before GC invocations=11 (full 0):
 garbage-first heap   total 45056K, used 38788K [0x0000000083e00000, 0x0000000100000000)
  region size 1024K, 19 young (19456K), 1 survivors (1024K)
 Metaspace       used 39192K, committed 39872K, reserved 1114112K
  class space    used 5044K, committed 5376K, reserved 1048576K
}
Event: 3136.018 GC heap after
{Heap after GC invocations=12 (full 0):
 garbage-first heap   total 45056K, used 20105K [0x0000000083e00000, 0x0000000100000000)
  region size 1024K, 1 young (1024K), 1 survivors (1024K)
 Metaspace       used 39192K, committed 39872K, reserved 1114112K
  class space    used 5044K, committed 5376K, reserved 1048576K
}
Event: 3646.057 GC heap before
{Heap before GC invocations=13 (full 0):
 garbage-first heap   total 45056K, used 38537K [0x0000000083e00000, 0x0000000100000000)
  region size 1024K, 19 young (19456K), 1 survivors (1024K)
 Metaspace       used 38929K, committed 39872K, reserved 1114112K
  class space    used 4965K, committed 5376K, reserved 1048576K
}

Dll operation events (13 events):
Event: 0.012 Loaded shared library C:\Program Files\Java\jdk-21\bin\java.dll
Event: 0.054 Loaded shared library C:\Program Files\Java\jdk-21\bin\jsvml.dll
Event: 0.113 Loaded shared library C:\Program Files\Java\jdk-21\bin\zip.dll
Event: 0.116 Loaded shared library C:\Program Files\Java\jdk-21\bin\instrument.dll
Event: 0.121 Loaded shared library C:\Program Files\Java\jdk-21\bin\net.dll
Event: 0.124 Loaded shared library C:\Program Files\Java\jdk-21\bin\nio.dll
Event: 0.127 Loaded shared library C:\Program Files\Java\jdk-21\bin\zip.dll
Event: 0.190 Loaded shared library C:\Program Files\JetBrains\IntelliJ IDEA Community Edition 2023.2.3\bin\breakgen64.dll
Event: 0.199 Loaded shared library C:\Program Files\Java\jdk-21\bin\extnet.dll
Event: 0.229 Loaded shared library C:\Program Files\Java\jdk-21\bin\jimage.dll
Event: 0.496 Loaded shared library C:\Program Files\Java\jdk-21\bin\management.dll
Event: 0.498 Loaded shared library C:\Program Files\Java\jdk-21\bin\management_ext.dll
Event: 1.187 Loaded shared library C:\Program Files\Java\jdk-21\bin\sunmscapi.dll

Deoptimization events (20 events):
Event: 18.081 Thread 0x00000249fd7569c0 Uncommon trap: trap_request=0xfffffff4 fr.pc=0x00000249ea0f3a94 relative=0x0000000000000074
Event: 18.081 Thread 0x00000249fd7569c0 Uncommon trap: reason=null_check action=make_not_entrant pc=0x00000249ea0f3a94 method=java.lang.Class.isAnnotation()Z @ 1 c2
Event: 18.081 Thread 0x00000249fd7569c0 DEOPT PACKING pc=0x00000249ea0f3a94 sp=0x000000e2a9bfca80
Event: 18.081 Thread 0x00000249fd7569c0 DEOPT UNPACKING pc=0x00000249e9947da2 sp=0x000000e2a9bfca10 mode 2
Event: 18.088 Thread 0x00000249fd7569c0 Uncommon trap: trap_request=0xffffff45 fr.pc=0x00000249ea021bac relative=0x000000000000056c
Event: 18.089 Thread 0x00000249fd7569c0 Uncommon trap: reason=unstable_if action=reinterpret pc=0x00000249ea021bac method=java.util.Properties.load0(Ljava/util/Properties$LineReader;)V @ 79 c2
Event: 18.089 Thread 0x00000249fd7569c0 DEOPT PACKING pc=0x00000249ea021bac sp=0x000000e2a9bfc980
Event: 18.089 Thread 0x00000249fd7569c0 DEOPT UNPACKING pc=0x00000249e9947da2 sp=0x000000e2a9bfc928 mode 2
Event: 18.099 Thread 0x00000249fddf1230 Uncommon trap: trap_request=0xffffffde fr.pc=0x00000249ea04b0f8 relative=0x00000000000007d8
Event: 18.099 Thread 0x00000249fddf1230 Uncommon trap: reason=class_check action=maybe_recompile pc=0x00000249ea04b0f8 method=java.util.HashMap.putVal(ILjava/lang/Object;Ljava/lang/Object;ZZ)Ljava/lang/Object; @ 91 c2
Event: 18.099 Thread 0x00000249fddf1230 DEOPT PACKING pc=0x00000249ea04b0f8 sp=0x000000e2aa5ff1c0
Event: 18.099 Thread 0x00000249fddf1230 DEOPT UNPACKING pc=0x00000249e9947da2 sp=0x000000e2aa5ff150 mode 2
Event: 162.362 Thread 0x00000249fddf6e10 Uncommon trap: trap_request=0xffffff45 fr.pc=0x00000249e9f05768 relative=0x0000000000000188
Event: 162.362 Thread 0x00000249fddf6e10 Uncommon trap: reason=unstable_if action=reinterpret pc=0x00000249e9f05768 method=java.util.concurrent.ConcurrentHashMap.addCount(JI)V @ 34 c2
Event: 162.362 Thread 0x00000249fddf6e10 DEOPT PACKING pc=0x00000249e9f05768 sp=0x000000e2aa0fef80
Event: 162.362 Thread 0x00000249fddf6e10 DEOPT UNPACKING pc=0x00000249e9947da2 sp=0x000000e2aa0feec0 mode 2
Event: 163.716 Thread 0x00000249fddf25e0 Uncommon trap: trap_request=0xffffff45 fr.pc=0x00000249e9f027d0 relative=0x0000000000000c50
Event: 163.716 Thread 0x00000249fddf25e0 Uncommon trap: reason=unstable_if action=reinterpret pc=0x00000249e9f027d0 method=java.util.concurrent.ConcurrentHashMap.addCount(JI)V @ 7 c2
Event: 163.716 Thread 0x00000249fddf25e0 DEOPT PACKING pc=0x00000249e9f027d0 sp=0x000000e2aa6ff2a0
Event: 163.716 Thread 0x00000249fddf25e0 DEOPT UNPACKING pc=0x00000249e9947da2 sp=0x000000e2aa6ff170 mode 2

Classes loaded (20 events):
Event: 17.891 Loading class sun/nio/cs/ThreadLocalCoders$1
Event: 17.891 Loading class sun/nio/cs/ThreadLocalCoders$Cache
Event: 17.891 Loading class sun/nio/cs/ThreadLocalCoders$Cache done
Event: 17.891 Loading class sun/nio/cs/ThreadLocalCoders$1 done
Event: 17.892 Loading class sun/nio/cs/ThreadLocalCoders$2
Event: 17.892 Loading class sun/nio/cs/ThreadLocalCoders$2 done
Event: 18.006 Loading class java/time/format/DateTimeFormatterBuilder$ZoneTextPrinterParser
Event: 18.006 Loading class java/time/format/DateTimeFormatterBuilder$ZoneTextPrinterParser done
Event: 18.006 Loading class java/time/format/DateTimeFormatterBuilder$ReducedPrinterParser
Event: 18.006 Loading class java/time/format/DateTimeFormatterBuilder$ReducedPrinterParser done
Event: 18.049 Loading class java/io/PrintWriter$1
Event: 18.049 Loading class jdk/internal/access/JavaIOPrintWriterAccess
Event: 18.049 Loading class jdk/internal/access/JavaIOPrintWriterAccess done
Event: 18.049 Loading class java/io/PrintWriter$1 done
Event: 18.049 Loading class java/lang/Throwable$WrappedPrintWriter
Event: 18.049 Loading class java/lang/Throwable$PrintStreamOrWriter
Event: 18.049 Loading class java/lang/Throwable$PrintStreamOrWriter done
Event: 18.049 Loading class java/lang/Throwable$WrappedPrintWriter done
Event: 37.672 Loading class java/util/ArrayList$SubList$2
Event: 37.673 Loading class java/util/ArrayList$SubList$2 done

Classes unloaded (20 events):
Event: 3136.034 Thread 0x00000249f67dae80 Unloading class 0x0000024981038400 'java/lang/invoke/LambdaForm$MH+0x0000024981038400'
Event: 3136.034 Thread 0x00000249f67dae80 Unloading class 0x000002498101b800 'java/lang/invoke/LambdaForm$MH+0x000002498101b800'
Event: 3136.034 Thread 0x00000249f67dae80 Unloading class 0x000002498101b000 'java/lang/invoke/LambdaForm$MH+0x000002498101b000'
Event: 3136.034 Thread 0x00000249f67dae80 Unloading class 0x000002498101a800 'java/lang/invoke/LambdaForm$MH+0x000002498101a800'
Event: 3136.034 Thread 0x00000249f67dae80 Unloading class 0x000002498101a400 'java/lang/invoke/LambdaForm$MH+0x000002498101a400'
Event: 3136.034 Thread 0x00000249f67dae80 Unloading class 0x000002498101a000 'java/lang/invoke/LambdaForm$MH+0x000002498101a000'
Event: 3136.034 Thread 0x00000249f67dae80 Unloading class 0x0000024981019000 'java/lang/invoke/LambdaForm$MH+0x0000024981019000'
Event: 3136.034 Thread 0x00000249f67dae80 Unloading class 0x0000024981018400 'java/lang/invoke/LambdaForm$MH+0x0000024981018400'
Event: 3136.034 Thread 0x00000249f67dae80 Unloading class 0x0000024981018000 'java/lang/invoke/LambdaForm$MH+0x0000024981018000'
Event: 3136.034 Thread 0x00000249f67dae80 Unloading class 0x0000024981017800 'java/lang/invoke/LambdaForm$MH+0x0000024981017800'
Event: 3136.034 Thread 0x00000249f67dae80 Unloading class 0x0000024981017400 'java/lang/invoke/LambdaForm$MH+0x0000024981017400'
Event: 3136.034 Thread 0x00000249f67dae80 Unloading class 0x0000024981017000 'java/lang/invoke/LambdaForm$MH+0x0000024981017000'
Event: 3136.034 Thread 0x00000249f67dae80 Unloading class 0x0000024981016400 'java/lang/invoke/LambdaForm$MH+0x0000024981016400'
Event: 3136.034 Thread 0x00000249f67dae80 Unloading class 0x0000024981015400 'java/lang/invoke/LambdaForm$MH+0x0000024981015400'
Event: 3136.034 Thread 0x00000249f67dae80 Unloading class 0x0000024981014800 'java/lang/invoke/LambdaForm$MH+0x0000024981014800'
Event: 3136.034 Thread 0x00000249f67dae80 Unloading class 0x0000024981014000 'java/lang/invoke/LambdaForm$MH+0x0000024981014000'
Event: 3136.034 Thread 0x00000249f67dae80 Unloading class 0x0000024981002400 'java/lang/invoke/LambdaForm$MH+0x0000024981002400'
Event: 3136.034 Thread 0x00000249f67dae80 Unloading class 0x0000024981002000 'java/lang/invoke/LambdaForm$MH+0x0000024981002000'
Event: 3136.034 Thread 0x00000249f67dae80 Unloading class 0x0000024981001c00 'java/lang/invoke/LambdaForm$MH+0x0000024981001c00'
Event: 3136.034 Thread 0x00000249f67dae80 Unloading class 0x0000024981001400 'java/lang/invoke/LambdaForm$MH+0x0000024981001400'

Classes redefined (0 events):
No events

Internal exceptions (20 events):
Event: 2.879 Thread 0x00000249fb652ba0 Exception <a 'java/lang/NoSuchMethodError'{0x000000008610aca0}: 'long java.lang.invoke.DirectMethodHandle$Holder.invokeVirtual(java.lang.Object, java.lang.Object, java.lang.Object, java.lang.Object, java.lang.Object, java.lang.Object)'> (0x000000008610aca0) 
thrown [s\open\src\hotspot\share\interpreter\linkResolver.cpp, line 773]
Event: 2.904 Thread 0x00000249fb652ba0 Implicit null exception at 0x00000249ea0c4ef7 to 0x00000249ea0c5168
Event: 2.931 Thread 0x00000249fb652ba0 Exception <a 'java/lang/IncompatibleClassChangeError'{0x0000000085e54930}: Found class java.lang.Object, but interface was expected> (0x0000000085e54930) 
thrown [s\open\src\hotspot\share\interpreter\linkResolver.cpp, line 840]
Event: 2.935 Thread 0x00000249fb652ba0 Exception <a 'java/lang/NoSuchMethodError'{0x0000000085e99c90}: 'java.lang.Object java.lang.invoke.DirectMethodHandle$Holder.newInvokeSpecial(java.lang.Object, java.lang.Object, java.lang.Object, java.lang.Object, java.lang.Object, java.lang.Object)'> (0x0000000085e99c90) 
thrown [s\open\src\hotspot\share\interpreter\linkResolver.cpp, line 773]
Event: 3.004 Thread 0x00000249fb652ba0 Exception <a 'java/lang/NoSuchMethodError'{0x000000008581c4b0}: 'java.lang.Object java.lang.invoke.DirectMethodHandle$Holder.invokeStatic(java.lang.Object, java.lang.Object, int, java.lang.Object)'> (0x000000008581c4b0) 
thrown [s\open\src\hotspot\share\interpreter\linkResolver.cpp, line 773]
Event: 3.004 Thread 0x00000249fb652ba0 Exception <a 'java/lang/NoSuchMethodError'{0x0000000085822a10}: 'java.lang.Object java.lang.invoke.DirectMethodHandle$Holder.newInvokeSpecial(java.lang.Object, java.lang.Object, int)'> (0x0000000085822a10) 
thrown [s\open\src\hotspot\share\interpreter\linkResolver.cpp, line 773]
Event: 3.007 Thread 0x00000249fb652ba0 Exception <a 'java/lang/NoSuchMethodError'{0x0000000085840370}: 'java.lang.Object java.lang.invoke.Invokers$Holder.invoke_MT(java.lang.Object, java.lang.Object, java.lang.Object, java.lang.Object, java.lang.Object, java.lang.Object, java.lang.Object, java.lang.Object, java.lang.Object)'> (0x0000000085840370) 
thrown [s\open\src\hotspot\share\interpreter\linkResolver.cpp, line 773]
Event: 3.100 Thread 0x00000249fb652ba0 Exception <a 'java/lang/NoSuchMethodError'{0x0000000088f09df8}: 'java.lang.Object java.lang.invoke.DirectMethodHandle$Holder.newInvokeSpecial(java.lang.Object, java.lang.Object, java.lang.Object, java.lang.Object, java.lang.Object, java.lang.Object, java.lang.Object, java.lang.Object)'> (0x0000000088f09df8) 
thrown [s\open\src\hotspot\share\interpreter\linkResolver.cpp, line 773]
Event: 3.309 Thread 0x00000249fb652ba0 Exception <a 'java/lang/IncompatibleClassChangeError'{0x0000000088f96230}: Found class java.lang.Object, but interface was expected> (0x0000000088f96230) 
thrown [s\open\src\hotspot\share\interpreter\linkResolver.cpp, line 840]
Event: 3.336 Thread 0x00000249fb652ba0 Exception <a 'java/lang/NoSuchMethodError'{0x0000000088eda508}: 'void java.lang.invoke.DirectMethodHandle$Holder.invokeVirtual(java.lang.Object, java.lang.Object, long)'> (0x0000000088eda508) 
thrown [s\open\src\hotspot\share\interpreter\linkResolver.cpp, line 773]
Event: 3.393 Thread 0x00000249fb652ba0 Exception <a 'java/lang/NoSuchMethodError'{0x0000000088ba7758}: 'int java.lang.invoke.DirectMethodHandle$Holder.invokeStaticInit(java.lang.Object, java.lang.Object, java.lang.Object, java.lang.Object)'> (0x0000000088ba7758) 
thrown [s\open\src\hotspot\share\interpreter\linkResolver.cpp, line 773]
Event: 3.474 Thread 0x00000249fb652ba0 Exception <a 'java/lang/NoSuchMethodError'{0x0000000085f66ce8}: 'java.lang.Object java.lang.invoke.DirectMethodHandle$Holder.newInvokeSpecial(java.lang.Object, java.lang.Object, int, java.lang.Object, java.lang.Object)'> (0x0000000085f66ce8) 
thrown [s\open\src\hotspot\share\interpreter\linkResolver.cpp, line 773]
Event: 3.475 Thread 0x00000249fb652ba0 Exception <a 'java/lang/NoSuchMethodError'{0x0000000085f71b98}: 'java.lang.Object java.lang.invoke.DirectMethodHandle$Holder.invokeSpecial(java.lang.Object, java.lang.Object, int, java.lang.Object, int, java.lang.Object)'> (0x0000000085f71b98) 
thrown [s\open\src\hotspot\share\interpreter\linkResolver.cpp, line 773]
Event: 3.475 Thread 0x00000249fb652ba0 Exception <a 'java/lang/NoSuchMethodError'{0x0000000085f78ff8}: 'java.lang.Object java.lang.invoke.DirectMethodHandle$Holder.newInvokeSpecial(java.lang.Object, java.lang.Object, int, java.lang.Object, int)'> (0x0000000085f78ff8) 
thrown [s\open\src\hotspot\share\interpreter\linkResolver.cpp, line 773]
Event: 3.476 Thread 0x00000249fb652ba0 Exception <a 'java/lang/NoSuchMethodError'{0x0000000085f7ce68}: 'java.lang.Object java.lang.invoke.DirectMethodHandle$Holder.invokeSpecial(java.lang.Object, java.lang.Object, java.lang.Object, int, java.lang.Object, int)'> (0x0000000085f7ce68) 
thrown [s\open\src\hotspot\share\interpreter\linkResolver.cpp, line 773]
Event: 17.882 Thread 0x00000249fd7569c0 Exception <a 'java/lang/NoSuchMethodError'{0x0000000085bdc170}: 'java.lang.Object java.lang.invoke.DirectMethodHandle$Holder.invokeSpecial(java.lang.Object, java.lang.Object, java.lang.Object, java.lang.Object, java.lang.Object, long)'> (0x0000000085bdc170) 
thrown [s\open\src\hotspot\share\interpreter\linkResolver.cpp, line 773]
Event: 17.882 Thread 0x00000249fd7569c0 Exception <a 'java/lang/NoSuchMethodError'{0x0000000085bdf930}: 'java.lang.Object java.lang.invoke.Invokers$Holder.linkToTargetMethod(java.lang.Object, java.lang.Object, java.lang.Object, long, java.lang.Object)'> (0x0000000085bdf930) 
thrown [s\open\src\hotspot\share\interpreter\linkResolver.cpp, line 773]
Event: 37.672 Thread 0x00000249fddf0ba0 Exception <a 'java/lang/NoSuchMethodError'{0x000000008562a6c0}: 'java.lang.Object java.lang.invoke.DirectMethodHandle$Holder.invokeStatic(java.lang.Object, int, int)'> (0x000000008562a6c0) 
thrown [s\open\src\hotspot\share\interpreter\linkResolver.cpp, line 773]
Event: 62.576 Thread 0x00000249fcaf3970 Exception <a 'java/lang/NoSuchMethodError'{0x0000000088f733e0}: 'java.lang.Object java.lang.invoke.DirectMethodHandle$Holder.newInvokeSpecial(java.lang.Object, java.lang.Object, long)'> (0x0000000088f733e0) 
thrown [s\open\src\hotspot\share\interpreter\linkResolver.cpp, line 773]
Event: 62.577 Thread 0x00000249fcaf3970 Exception <a 'java/lang/NoSuchMethodError'{0x0000000088f76c80}: 'java.lang.Object java.lang.invoke.Invokers$Holder.linkToTargetMethod(java.lang.Object, long, java.lang.Object)'> (0x0000000088f76c80) 
thrown [s\open\src\hotspot\share\interpreter\linkResolver.cpp, line 773]

ZGC Phase Switch (0 events):
No events

VM Operations (20 events):
Event: 3137.062 Executing VM operation: Cleanup done
Event: 3206.772 Executing VM operation: Cleanup
Event: 3206.772 Executing VM operation: Cleanup done
Event: 3287.499 Executing VM operation: Cleanup
Event: 3287.499 Executing VM operation: Cleanup done
Event: 3332.960 Executing VM operation: Cleanup
Event: 3332.960 Executing VM operation: Cleanup done
Event: 3337.004 Executing VM operation: Cleanup
Event: 3337.005 Executing VM operation: Cleanup done
Event: 3446.968 Executing VM operation: Cleanup
Event: 3446.968 Executing VM operation: Cleanup done
Event: 3485.306 Executing VM operation: Cleanup
Event: 3485.306 Executing VM operation: Cleanup done
Event: 3577.088 Executing VM operation: Cleanup
Event: 3577.088 Executing VM operation: Cleanup done
Event: 3595.248 Executing VM operation: Cleanup
Event: 3595.248 Executing VM operation: Cleanup done
Event: 3607.337 Executing VM operation: Cleanup
Event: 3607.337 Executing VM operation: Cleanup done
Event: 3646.057 Executing VM operation: G1CollectForAllocation (G1 Evacuation Pause)

Events (20 events):
Event: 3136.041 Thread 0x00000249f67dae80 flushing nmethod 0x00000249e9f6ef90
Event: 3136.041 Thread 0x00000249f67dae80 flushing nmethod 0x00000249e9f24d10
Event: 3136.041 Thread 0x00000249f67dae80 flushing nmethod 0x00000249e9f24710
Event: 3136.041 Thread 0x00000249f67dae80 flushing nmethod 0x00000249e9f54f10
Event: 3136.041 Thread 0x00000249f67dae80 flushing nmethod 0x00000249e9f39f10
Event: 3136.041 Thread 0x00000249f67dae80 flushing nmethod 0x00000249e9f4f390
Event: 3136.041 Thread 0x00000249f67dae80 flushing nmethod 0x00000249e9f31710
Event: 3136.041 Thread 0x00000249f67dae80 flushing nmethod 0x00000249e9f2ec10
Event: 3136.041 Thread 0x00000249f67dae80 flushing nmethod 0x00000249e9f16110
Event: 3136.041 Thread 0x00000249f67dae80 flushing nmethod 0x00000249e9f04e10
Event: 3136.041 Thread 0x00000249f67dae80 flushing nmethod 0x00000249e9f06710
Event: 3136.041 Thread 0x00000249f67dae80 flushing nmethod 0x00000249e9ef5310
Event: 3136.041 Thread 0x00000249f67dae80 flushing nmethod 0x00000249e9ef7f90
Event: 3136.041 Thread 0x00000249f67dae80 flushing nmethod 0x00000249e9ee5990
Event: 3136.041 Thread 0x00000249f67dae80 flushing nmethod 0x00000249e9ee9d10
Event: 3136.041 Thread 0x00000249f67dae80 flushing nmethod 0x00000249e9ee9690
Event: 3136.041 Thread 0x00000249f67dae80 flushing nmethod 0x00000249e9ed2610
Event: 3136.041 Thread 0x00000249f67dae80 flushing nmethod 0x00000249e9ed1890
Event: 3136.041 Thread 0x00000249f67dae80 flushing nmethod 0x00000249e9ec4f10
Event: 3136.041 Thread 0x00000249f67dae80 flushing nmethod 0x00000249e9ea0f90


Dynamic libraries:
0x00007ff69d4f0000 - 0x00007ff69d500000 	C:\Program Files\Java\jdk-21\bin\java.exe
0x00007ff810c70000 - 0x00007ff810e87000 	C:\WINDOWS\SYSTEM32\ntdll.dll
0x00007ff80eae0000 - 0x00007ff80eba4000 	C:\WINDOWS\System32\KERNEL32.DLL
0x00007ff80e400000 - 0x00007ff80e7a5000 	C:\WINDOWS\System32\KERNELBASE.dll
0x00007ff80e080000 - 0x00007ff80e191000 	C:\WINDOWS\System32\ucrtbase.dll
0x00007ff807e40000 - 0x00007ff807e5b000 	C:\Program Files\Java\jdk-21\bin\VCRUNTIME140.dll
0x00007ff8075e0000 - 0x00007ff8075f9000 	C:\Program Files\Java\jdk-21\bin\jli.dll
0x00007ff8104b0000 - 0x00007ff810561000 	C:\WINDOWS\System32\ADVAPI32.dll
0x00007ff80ebb0000 - 0x00007ff80ec57000 	C:\WINDOWS\System32\msvcrt.dll
0x00007ff810020000 - 0x00007ff8100c6000 	C:\WINDOWS\System32\sechost.dll
0x00007ff80fb70000 - 0x00007ff80fc87000 	C:\WINDOWS\System32\RPCRT4.dll
0x00007ff8100d0000 - 0x00007ff81027e000 	C:\WINDOWS\System32\USER32.dll
0x00007ff80e260000 - 0x00007ff80e286000 	C:\WINDOWS\System32\win32u.dll
0x00007ff810280000 - 0x00007ff8102a9000 	C:\WINDOWS\System32\GDI32.dll
0x00007ff80d190000 - 0x00007ff80d423000 	C:\WINDOWS\WinSxS\amd64_microsoft.windows.common-controls_6595b64144ccf1df_6.0.22621.2506_none_270c5ae97388e100\COMCTL32.dll
0x00007ff80e830000 - 0x00007ff80e949000 	C:\WINDOWS\System32\gdi32full.dll
0x00007ff80dfe0000 - 0x00007ff80e07a000 	C:\WINDOWS\System32\msvcp_win.dll
0x00007ff802a20000 - 0x00007ff802a2a000 	C:\WINDOWS\SYSTEM32\VERSION.dll
0x00007ff80fa10000 - 0x00007ff80fa41000 	C:\WINDOWS\System32\IMM32.DLL
0x00007ff80d8a0000 - 0x00007ff80d8ac000 	C:\Program Files\Java\jdk-21\bin\vcruntime140_1.dll
0x00007ffff3210000 - 0x00007ffff329e000 	C:\Program Files\Java\jdk-21\bin\msvcp140.dll
0x00007fffb2fa0000 - 0x00007fffb3cb5000 	C:\Program Files\Java\jdk-21\bin\server\jvm.dll
0x00007ff80ec60000 - 0x00007ff80ecd1000 	C:\WINDOWS\System32\WS2_32.dll
0x00007ff80d900000 - 0x00007ff80d94d000 	C:\WINDOWS\SYSTEM32\POWRPROF.dll
0x00007ff804cc0000 - 0x00007ff804cf4000 	C:\WINDOWS\SYSTEM32\WINMM.dll
0x00007ff80d5a0000 - 0x00007ff80d5b3000 	C:\WINDOWS\SYSTEM32\UMPDC.dll
0x00007ff80c7a0000 - 0x00007ff80c7b8000 	C:\WINDOWS\SYSTEM32\kernel.appcore.dll
0x00007ff808980000 - 0x00007ff80898a000 	C:\Program Files\Java\jdk-21\bin\jimage.dll
0x00007ff80d950000 - 0x00007ff80db83000 	C:\WINDOWS\SYSTEM32\DBGHELP.DLL
0x00007ff80fc90000 - 0x00007ff810019000 	C:\WINDOWS\System32\combase.dll
0x00007ff8105d0000 - 0x00007ff8106a7000 	C:\WINDOWS\System32\OLEAUT32.dll
0x00007ff80d7a0000 - 0x00007ff80d7d2000 	C:\WINDOWS\SYSTEM32\dbgcore.DLL
0x00007ff80e7b0000 - 0x00007ff80e82a000 	C:\WINDOWS\System32\bcryptPrimitives.dll
0x00007ff807de0000 - 0x00007ff807def000 	C:\Program Files\Java\jdk-21\bin\instrument.dll
0x00007ff803020000 - 0x00007ff80303f000 	C:\Program Files\Java\jdk-21\bin\java.dll
0x00007ff80f1a0000 - 0x00007ff80f9f9000 	C:\WINDOWS\System32\SHELL32.dll
0x00007ff80b4e0000 - 0x00007ff80bdd4000 	C:\WINDOWS\SYSTEM32\windows.storage.dll
0x00007ff80b3a0000 - 0x00007ff80b4de000 	C:\WINDOWS\SYSTEM32\wintypes.dll
0x00007ff80ef00000 - 0x00007ff80eff3000 	C:\WINDOWS\System32\SHCORE.dll
0x00007ff80fa50000 - 0x00007ff80faae000 	C:\WINDOWS\System32\shlwapi.dll
0x00007ff80df10000 - 0x00007ff80df36000 	C:\WINDOWS\SYSTEM32\profapi.dll
0x00007ffff0990000 - 0x00007ffff0a67000 	C:\Program Files\Java\jdk-21\bin\jsvml.dll
0x00007ffff7370000 - 0x00007ffff7388000 	C:\Program Files\Java\jdk-21\bin\zip.dll
0x00007ff805930000 - 0x00007ff805940000 	C:\Program Files\Java\jdk-21\bin\net.dll
0x00007ff806b50000 - 0x00007ff806c87000 	C:\WINDOWS\SYSTEM32\WINHTTP.dll
0x00007ff80cc10000 - 0x00007ff80cc79000 	C:\WINDOWS\system32\mswsock.dll
0x00007ff802b50000 - 0x00007ff802b66000 	C:\Program Files\Java\jdk-21\bin\nio.dll
0x00007ffff7350000 - 0x00007ffff736a000 	C:\Program Files\JetBrains\IntelliJ IDEA Community Edition 2023.2.3\bin\breakgen64.dll
0x00007ff805510000 - 0x00007ff805517000 	C:\Program Files\Java\jdk-21\bin\extnet.dll
0x00007ff803130000 - 0x00007ff80313a000 	C:\Program Files\Java\jdk-21\bin\management.dll
0x00007ffff6cd0000 - 0x00007ffff6cdb000 	C:\Program Files\Java\jdk-21\bin\management_ext.dll
0x00007ff8105c0000 - 0x00007ff8105c8000 	C:\WINDOWS\System32\PSAPI.DLL
0x00007ffff6580000 - 0x00007ffff658e000 	C:\Program Files\Java\jdk-21\bin\sunmscapi.dll
0x00007ff80e290000 - 0x00007ff80e3f6000 	C:\WINDOWS\System32\CRYPT32.dll
0x00007ff80d470000 - 0x00007ff80d49d000 	C:\WINDOWS\SYSTEM32\ncrypt.dll
0x00007ff80d430000 - 0x00007ff80d467000 	C:\WINDOWS\SYSTEM32\NTASN1.dll
0x00007ff80dc80000 - 0x00007ff80dc9b000 	C:\WINDOWS\SYSTEM32\CRYPTSP.dll
0x00007ff80cbd0000 - 0x00007ff80cc05000 	C:\WINDOWS\system32\rsaenh.dll
0x00007ff80cd20000 - 0x00007ff80cd4c000 	C:\WINDOWS\SYSTEM32\USERENV.dll
0x00007ff80d7e0000 - 0x00007ff80d808000 	C:\WINDOWS\SYSTEM32\bcrypt.dll
0x00007ff80d040000 - 0x00007ff80d04c000 	C:\WINDOWS\SYSTEM32\CRYPTBASE.dll
0x00007ff80c220000 - 0x00007ff80c24d000 	C:\WINDOWS\SYSTEM32\IPHLPAPI.DLL
0x00007ff80fb40000 - 0x00007ff80fb49000 	C:\WINDOWS\System32\NSI.dll
0x00007ff80c250000 - 0x00007ff80c349000 	C:\WINDOWS\SYSTEM32\DNSAPI.dll
0x00007ff8031d0000 - 0x00007ff8031da000 	C:\Windows\System32\rasadhlp.dll
0x00007ff804a70000 - 0x00007ff804af3000 	C:\WINDOWS\System32\fwpuclnt.dll
0x00007fffea770000 - 0x00007fffea778000 	C:\WINDOWS\system32\wshunix.dll

dbghelp: loaded successfully - version: 4.0.5 - missing functions: none
symbol engine: initialized successfully - sym options: 0x614 - pdb path: .;C:\Program Files\Java\jdk-21\bin;C:\WINDOWS\SYSTEM32;C:\WINDOWS\WinSxS\amd64_microsoft.windows.common-controls_6595b64144ccf1df_6.0.22621.2506_none_270c5ae97388e100;C:\Program Files\Java\jdk-21\bin\server;C:\Program Files\JetBrains\IntelliJ IDEA Community Edition 2023.2.3\bin

VM Arguments:
jvm_args: -javaagent:C:\Program Files\JetBrains\IntelliJ IDEA Community Edition 2023.2.3\lib\idea_rt.jar=56820:C:\Program Files\JetBrains\IntelliJ IDEA Community Edition 2023.2.3\bin -Dfile.encoding=UTF-8 -Dsun.stdout.encoding=UTF-8 -Dsun.stderr.encoding=UTF-8 
java_command: com.example.Springboot.trustrace.SpringBootTrustraceApplication
java_class_path (initial): C:\Users\sachi\OneDrive\Desktop\Trustrace\SpringBoot\Spring-boot-trustrace\target\classes;C:\Users\sachi\.m2\repository\org\springframework\boot\spring-boot-starter-data-mongodb\3.2.0\spring-boot-starter-data-mongodb-3.2.0.jar;C:\Users\sachi\.m2\repository\org\springframework\boot\spring-boot-starter\3.2.0\spring-boot-starter-3.2.0.jar;C:\Users\sachi\.m2\repository\org\springframework\boot\spring-boot-starter-logging\3.2.0\spring-boot-starter-logging-3.2.0.jar;C:\Users\sachi\.m2\repository\ch\qos\logback\logback-classic\1.4.11\logback-classic-1.4.11.jar;C:\Users\sachi\.m2\repository\ch\qos\logback\logback-core\1.4.11\logback-core-1.4.11.jar;C:\Users\sachi\.m2\repository\org\apache\logging\log4j\log4j-to-slf4j\2.21.1\log4j-to-slf4j-2.21.1.jar;C:\Users\sachi\.m2\repository\org\apache\logging\log4j\log4j-api\2.21.1\log4j-api-2.21.1.jar;C:\Users\sachi\.m2\repository\org\slf4j\jul-to-slf4j\2.0.9\jul-to-slf4j-2.0.9.jar;C:\Users\sachi\.m2\repository\jakarta\annotation\jakarta.annotation-api\2.1.1\jakarta.annotation-api-2.1.1.jar;C:\Users\sachi\.m2\repository\org\yaml\snakeyaml\2.2\snakeyaml-2.2.jar;C:\Users\sachi\.m2\repository\org\mongodb\mongodb-driver-sync\4.11.1\mongodb-driver-sync-4.11.1.jar;C:\Users\sachi\.m2\repository\org\mongodb\bson\4.11.1\bson-4.11.1.jar;C:\Users\sachi\.m2\repository\org\mongodb\mongodb-driver-core\4.11.1\mongodb-driver-core-4.11.1.jar;C:\Users\sachi\.m2\repository\org\mongodb\bson-record-codec\4.11.1\bson-record-codec-4.11.1.jar;C:\Users\sachi\.m2\repository\org\springframework\data\spring-data-mongodb\4.2.0\spring-data-mongodb-4.2.0.jar;C:\Users\sachi\.m2\repository\org\springframework\spring-tx\6.1.1\spring-tx-6.1.1.jar;C:\Users\sachi\.m2\repository\org\springframework\spring-context\6.1.1\spring-context-6.1.1.jar;C:\Users\sachi\.m2\repository\org\springframework\spring-beans\6.1.1\spring-beans-6.1.1.jar;C:\Users\sachi\.m2\repository\org\springframework\spring-expression\6.1.1\spring-expression-6.1.1.jar;C:\Users\sachi\.m2\repository\org\springframework\data\spring-data-commons\3.2.0\spring-data-commons-3.2.0.jar;C:\Users\sachi\.m2\repository\org\slf4j\slf4j-api\2.0.9\slf4j-api-2.0.9.jar;C:\Users\sachi\.m2\repository\org\springframework\boot\spring-boot-starter-web\3.2.0\spring-boot-starter-web-3.2.0.jar;C:\Users\sachi\.m2\repository\org\springframework\boot\spring-boot-starter-json\3.2.0\spring-boot-starter-json-3.2.0.jar;C:\Users\sachi\.m2\repository\com\fasterxml\jackson\core\jackson-databind\2.15.3\jackson-databind-2.15.3.jar;C:\Users\sachi\.m2\repository\com\fasterxml\jackson\core\jackson-annotations\2.15.3\jackson-annotations-2.15.3.jar;C:\Users\sachi\.m2\repository\com\fasterxml\jackson\core\jackson-core\2.15.3\jackson-core-2.15.3.jar;C:\Users\sachi\.m2\repository\com\fasterxml\jackson\datatype\jackson-datatype-jdk8\2.15.3\jackson-datatype-jdk8-2.15.3.jar;C:\Users\sachi\.m2\repository\com\fasterxml\jackson\datatype\jackson-datatype-jsr310\2.15.3\jackson-datatype-jsr310-2.15.3.jar;C:\Users\sachi\.m2\repository\com\fasterxml\jackson\module\jackson-module-parameter-names\2.15.3\jackson-module-parameter-names-2.15.3.jar;C:\Users\sachi\.m2\repository\org\springframework\boot\spring-boot-starter-tomcat\3.2.0\spring-boot-starter-tomcat-3.2.0.jar;C:\Users\sachi\.m2\repository\org\apache\tomcat\embed\tomcat-embed-core\10.1.16\tomcat-embed-core-10.1.16.jar;C:\Users\sachi\.m2\repository\org\apache\tomcat\embed\tomcat-embed-el\10.1.16\tomcat-embed-el-10.1.16.jar;C:\Users\sachi\.m2\repository\org\apache\tomcat\embed\tomcat-embed-websocket\10.1.16\tomcat-embed-websocket-10.1.16.jar;C:\Users\sachi\.m2\repository\org\springframework\spring-web\6.1.1\spring-web-6.1.1.jar;C:\Users\sachi\.m2\repository\io\micrometer\micrometer-observation\1.12.0\micrometer-observation-1.12.0.jar;C:\Users\sachi\.m2\repository\io\micrometer\micrometer-commons\1.12.0\micrometer-commons-1.12.0.jar;C:\Users\sachi\.m2\repository\org\springframework\spring-webmvc\6.1.1\spring-webmvc-6.1.1.jar;C:\Users\sachi\.m2\repository\org\springframework\spring-aop\6.1.1\spring-aop-6.1.1.jar;C:\Users\sachi\.m2\repository\org\springframework\boot\spring-boot-devtools\3.2.0\spring-boot-devtools-3.2.0.jar;C:\Users\sachi\.m2\repository\org\springframework\boot\spring-boot\3.2.0\spring-boot-3.2.0.jar;C:\Users\sachi\.m2\repository\org\springframework\boot\spring-boot-autoconfigure\3.2.0\spring-boot-autoconfigure-3.2.0.jar;C:\Users\sachi\.m2\repository\org\projectlombok\lombok\1.18.30\lombok-1.18.30.jar;C:\Users\sachi\.m2\repository\org\springframework\spring-core\6.1.1\spring-core-6.1.1.jar;C:\Users\sachi\.m2\repository\org\springframework\spring-jcl\6.1.1\spring-jcl-6.1.1.jar
Launcher Type: SUN_STANDARD

[Global flags]
     intx CICompilerCount                          = 4                                         {product} {ergonomic}
     uint ConcGCThreads                            = 2                                         {product} {ergonomic}
     uint G1ConcRefinementThreads                  = 8                                         {product} {ergonomic}
   size_t G1HeapRegionSize                         = 1048576                                   {product} {ergonomic}
    uintx GCDrainStackTargetSize                   = 64                                        {product} {ergonomic}
   size_t InitialHeapSize                          = 132120576                                 {product} {ergonomic}
   size_t MarkStackSize                            = 4194304                                   {product} {ergonomic}
   size_t MaxHeapSize                              = 2082471936                                {product} {ergonomic}
   size_t MaxNewSize                               = 1248854016                                {product} {ergonomic}
   size_t MinHeapDeltaBytes                        = 1048576                                   {product} {ergonomic}
   size_t MinHeapSize                              = 8388608                                   {product} {ergonomic}
    uintx NonNMethodCodeHeapSize                   = 5839372                                {pd product} {ergonomic}
    uintx NonProfiledCodeHeapSize                  = 122909434                              {pd product} {ergonomic}
    uintx ProfiledCodeHeapSize                     = 122909434                              {pd product} {ergonomic}
    uintx ReservedCodeCacheSize                    = 251658240                              {pd product} {ergonomic}
     bool SegmentedCodeCache                       = true                                      {product} {ergonomic}
   size_t SoftMaxHeapSize                          = 2082471936                             {manageable} {ergonomic}
     bool UseCompressedOops                        = true                           {product lp64_product} {ergonomic}
     bool UseG1GC                                  = true                                      {product} {ergonomic}
     bool UseLargePagesIndividualAllocation        = false                                  {pd product} {ergonomic}

Logging:
Log output configuration:
 #0: stdout all=warning uptime,level,tags foldmultilines=false
 #1: stderr all=off uptime,level,tags foldmultilines=false

Environment Variables:
PATH=C:\Program Files\Common Files\Oracle\Java\javapath;C:\Program Files\NVIDIA GPU Computing Toolkit\CUDA\v12.0\bin;C:\Program Files\NVIDIA GPU Computing Toolkit\CUDA\v12.0\libnvvp;C:\windows\system32;C:\windows;C:\windows\System32\Wbem;C:\windows\System32\WindowsPowerShell\v1.0\;C:\windows\System32\OpenSSH\;C:\Program Files (x86)\NVIDIA Corporation\PhysX\Common;C:\Program Files\NVIDIA Corporation\NVIDIA NvDLISR;C:\Program Files\Microsoft SQL Server\150\Tools\Binn\;C:\Program Files\nodejs\;C:\Program Files\Git\cmd;C:\Program Files\NVIDIA Corporation\Nsight Compute 2022.2.0\;C:\WINDOWS\system32;C:\WINDOWS;C:\WINDOWS\System32\Wbem;C:\WINDOWS\System32\WindowsPowerShell\v1.0\;C:\WINDOWS\System32\OpenSSH\;C:\Program Files\JetBrains\IntelliJ IDEA Community Edition 2023.2.2\bin;C:\Program Files\MySQL\MySQL Server 8.0\bin;C:\Program Files\MongoDB\Server\7.0\bin;C:\Program Files\MongoDB\mongosh-2.0.1-win32-x64\bin;C:\Users\sachi\Downloads\apache-maven-3.9.5-bin\apache-maven-3.9.5\bin;C:\Program Files\MySQL\MySQL Shell 8.0\bin\;C:\Users\sachi\anaconda3;C:\Users\sachi\anaconda3\Library\mingw-w64\bin;C:\Users\sachi\anaconda3\Library\usr\bin;C:\Users\sachi\anaconda3\Library\bin;C:\Users\sachi\anaconda3\Scripts;C:\Users\sachi\AppData\Local\Programs\Python\Python311\Scripts\;C:\Users\sachi\AppData\Local\Programs\Python\Python311\;C:\Users\sachi\AppData\Local\Microsoft\WindowsApps;C:\Users\sachi\AppData\Local\Programs\Microsoft VS Code\bin;C:\Users\sachi\AppData\Roaming\npm;C:\platform-tools;C:\Program Files\JetBrains\IntelliJ IDEA 2023.2.2\bin;;C:\Program Files\JetBrains\IntelliJ IDEA Community Edition 2023.2.3\bin;;
USERNAME=sachi
OS=Windows_NT
PROCESSOR_IDENTIFIER=Intel64 Family 6 Model 140 Stepping 1, GenuineIntel
TMP=C:\Users\sachi\AppData\Local\Temp
TEMP=C:\Users\sachi\AppData\Local\Temp




Periodic native trim disabled

---------------  S Y S T E M  ---------------

OS:
 Windows 11 , 64 bit Build 22621 (10.0.22621.2506)
OS uptime: 1 days 2:51 hours
Hyper-V role detected

CPU: total 8 (initial active 8) (4 cores per cpu, 2 threads per core) family 6 model 140 stepping 1 microcode 0xb4, cx8, cmov, fxsr, ht, mmx, 3dnowpref, sse, sse2, sse3, ssse3, sse4.1, sse4.2, popcnt, lzcnt, tsc, tscinvbit, avx, avx2, aes, erms, clmul, bmi1, bmi2, adx, avx512f, avx512dq, avx512cd, avx512bw, avx512vl, sha, fma, vzeroupper, avx512_vpopcntdq, avx512_vpclmulqdq, avx512_vaes, avx512_vnni, clflush, clflushopt, clwb, avx512_vbmi2, avx512_vbmi, hv, rdtscp, rdpid, fsrm, gfni, avx512_bitalg, f16c, cet_ibt, cet_ss, avx512_ifma
Processor Information for all 8 processors :
  Max Mhz: 3110, Current Mhz: 3110, Mhz Limit: 3110

Memory: 4k page, system-wide physical 7937M (694M free)
TotalPageFile size 12016M (AvailPageFile size 3M)
current process WorkingSet (physical memory assigned to process): 147M, peak: 209M
current process commit charge ("private bytes"): 199M, peak: 280M

vm_info: Java HotSpot(TM) 64-Bit Server VM (21.0.1+12-LTS-29) for windows-amd64 JRE (21.0.1+12-LTS-29), built on 2023-10-05T13:27:09Z by "mach5one" with MS VC++ 17.1 (VS2022)

END.
