#
# There is insufficient memory for the Java Runtime Environment to continue.
# Native memory allocation (malloc) failed to allocate 32744 bytes for Chunk::new
# Possible reasons:
#   The system is out of physical RAM or swap space
#   The process is running with CompressedOops enabled, and the Java Heap may be blocking the growth of the native heap
# Possible solutions:
#   Reduce memory load on the system
#   Increase physical memory or swap space
#   Check if swap backing store is full
#   Decrease Java heap size (-Xmx/-Xms)
#   Decrease number of Java threads
#   Decrease Java thread stack sizes (-Xss)
#   Set larger code cache with -XX:ReservedCodeCacheSize=
#   JVM is running with Unscaled Compressed Oops mode in which the Java heap is
#     placed in the first 4GB address space. The Java Heap base address is the
#     maximum limit for the native heap growth. Please use -XX:HeapBaseMinAddress
#     to set the Java Heap base and to place the Java Heap above 4GB virtual address.
# This output file may be truncated or incomplete.
#
#  Out of Memory Error (arena.cpp:168), pid=19180, tid=20140
#
# JRE version: Java(TM) SE Runtime Environment (21.0.1+12) (build 21.0.1+12-LTS-29)
# Java VM: Java HotSpot(TM) 64-Bit Server VM (21.0.1+12-LTS-29, mixed mode, sharing, tiered, compressed oops, compressed class ptrs, g1 gc, windows-amd64)
# No core dump will be written. Minidumps are not enabled by default on client versions of Windows
#

---------------  S U M M A R Y ------------

Command Line: -ea -Didea.test.cyclic.buffer.size=1048576 -javaagent:C:\Program Files\JetBrains\IntelliJ IDEA Community Edition 2023.2.3\lib\idea_rt.jar=52530:C:\Program Files\JetBrains\IntelliJ IDEA Community Edition 2023.2.3\bin -Dfile.encoding=UTF-8 -Dsun.stdout.encoding=UTF-8 -Dsun.stderr.encoding=UTF-8 com.intellij.rt.junit.JUnitStarter -ideVersion5 -junit5 @w@C:\Users\sachi\AppData\Local\Temp\idea_working_dirs_junit.tmp @C:\Users\sachi\AppData\Local\Temp\idea_junit.tmp -socket52529

Host: 11th Gen Intel(R) Core(TM) i5-11300H @ 3.10GHz, 8 cores, 7G,  Windows 11 , 64 bit Build 22621 (10.0.22621.2506)
Time: Fri Dec  8 14:48:08 2023 India Standard Time elapsed time: 1.088559 seconds (0d 0h 0m 1s)

---------------  T H R E A D  ---------------

Current thread (0x00000287051bc920):  JavaThread "C2 CompilerThread1" daemon [_thread_in_native, id=20140, stack(0x000000cc22b00000,0x000000cc22c00000) (1024K)]


Current CompileTask:
C2:   1088 1694       4       java.lang.invoke.MethodType::methodType (69 bytes)

Stack: [0x000000cc22b00000,0x000000cc22c00000]
Native frames: (J=compiled Java code, j=interpreted, Vv=VM code, C=native code)
V  [jvm.dll+0x6c9029]
V  [jvm.dll+0x854b81]
V  [jvm.dll+0x856e5e]
V  [jvm.dll+0x857543]
V  [jvm.dll+0x280c06]
V  [jvm.dll+0xc3ead]
V  [jvm.dll+0xc43c3]
V  [jvm.dll+0x3bb11d]
V  [jvm.dll+0x3ba7c1]
V  [jvm.dll+0x3ba804]
V  [jvm.dll+0x5d4bc6]
V  [jvm.dll+0x5d5315]
V  [jvm.dll+0x3824a4]
V  [jvm.dll+0x3818ea]
V  [jvm.dll+0x249ad0]
V  [jvm.dll+0x2490b1]
V  [jvm.dll+0x1c9ca1]
V  [jvm.dll+0x2586b9]
V  [jvm.dll+0x256c9a]
V  [jvm.dll+0x3ef1b6]
V  [jvm.dll+0x7fd728]
V  [jvm.dll+0x6c777d]
C  [ucrtbase.dll+0x29363]
C  [KERNEL32.DLL+0x1257d]
C  [ntdll.dll+0x5aa58]


---------------  P R O C E S S  ---------------

Threads class SMR info:
_java_thread_list=0x0000028705175d70, length=13, elements={
0x00000286a104e690, 0x00000286bfadddc0, 0x00000286bfadedd0, 0x00000286bfae4480,
0x00000286bfae4fd0, 0x00000286bfae8310, 0x00000286bfaeb7d0, 0x00000286bfaea610,
0x00000286bfafab80, 0x00000286bfaecb80, 0x00000287051bc920, 0x00000286bfaedf30,
0x00000286bfaec4f0
}

Java Threads: ( => current thread )
  0x00000286a104e690 JavaThread "main"                              [_thread_in_vm, id=7392, stack(0x000000cc21a00000,0x000000cc21b00000) (1024K)]
  0x00000286bfadddc0 JavaThread "Reference Handler"          daemon [_thread_blocked, id=1904, stack(0x000000cc22200000,0x000000cc22300000) (1024K)]
  0x00000286bfadedd0 JavaThread "Finalizer"                  daemon [_thread_blocked, id=4260, stack(0x000000cc22300000,0x000000cc22400000) (1024K)]
  0x00000286bfae4480 JavaThread "Signal Dispatcher"          daemon [_thread_blocked, id=11412, stack(0x000000cc22400000,0x000000cc22500000) (1024K)]
  0x00000286bfae4fd0 JavaThread "Attach Listener"            daemon [_thread_blocked, id=22060, stack(0x000000cc22500000,0x000000cc22600000) (1024K)]
  0x00000286bfae8310 JavaThread "Service Thread"             daemon [_thread_blocked, id=10512, stack(0x000000cc22600000,0x000000cc22700000) (1024K)]
  0x00000286bfaeb7d0 JavaThread "Monitor Deflation Thread"   daemon [_thread_blocked, id=21952, stack(0x000000cc22700000,0x000000cc22800000) (1024K)]
  0x00000286bfaea610 JavaThread "C2 CompilerThread0"         daemon [_thread_in_native, id=20916, stack(0x000000cc22800000,0x000000cc22900000) (1024K)]
  0x00000286bfafab80 JavaThread "C1 CompilerThread0"         daemon [_thread_blocked, id=6132, stack(0x000000cc22900000,0x000000cc22a00000) (1024K)]
  0x00000286bfaecb80 JavaThread "Common-Cleaner"             daemon [_thread_blocked, id=10028, stack(0x000000cc22a00000,0x000000cc22b00000) (1024K)]
=>0x00000287051bc920 JavaThread "C2 CompilerThread1"         daemon [_thread_in_native, id=20140, stack(0x000000cc22b00000,0x000000cc22c00000) (1024K)]
  0x00000286bfaedf30 JavaThread "Monitor Ctrl-Break"         daemon [_thread_in_native, id=19508, stack(0x000000cc22c00000,0x000000cc22d00000) (1024K)]
  0x00000286bfaec4f0 JavaThread "Notification Thread"        daemon [_thread_blocked, id=8616, stack(0x000000cc22d00000,0x000000cc22e00000) (1024K)]
Total: 13

Other Threads:
  0x00000286a1023670 VMThread "VM Thread"                           [id=11484, stack(0x000000cc22100000,0x000000cc22200000) (1024K)]
  0x00000286bfaac930 WatcherThread "VM Periodic Task Thread"        [id=12916, stack(0x000000cc22000000,0x000000cc22100000) (1024K)]
  0x00000286a10244f0 WorkerThread "GC Thread#0"                     [id=3316, stack(0x000000cc21b00000,0x000000cc21c00000) (1024K)]
  0x00000286a10232d0 WorkerThread "GC Thread#1"                     [id=15680, stack(0x000000cc22e00000,0x000000cc22f00000) (1024K)]
  0x00000286a1022f30 WorkerThread "GC Thread#2"                     [id=8376, stack(0x000000cc22f00000,0x000000cc23000000) (1024K)]
  0x00000286a1023db0 WorkerThread "GC Thread#3"                     [id=12308, stack(0x000000cc23000000,0x000000cc23100000) (1024K)]
  0x0000028705ceb650 WorkerThread "GC Thread#4"                     [id=1280, stack(0x000000cc23100000,0x000000cc23200000) (1024K)]
  0x0000028705ceb2b0 WorkerThread "GC Thread#5"                     [id=18552, stack(0x000000cc23200000,0x000000cc23300000) (1024K)]
  0x0000028705cea7d0 WorkerThread "GC Thread#6"                     [id=9384, stack(0x000000cc23300000,0x000000cc23400000) (1024K)]
  0x00000286a1318740 ConcurrentGCThread "G1 Main Marker"            [id=12860, stack(0x000000cc21c00000,0x000000cc21d00000) (1024K)]
  0x00000286a1022b90 WorkerThread "G1 Conc#0"                       [id=296, stack(0x000000cc21d00000,0x000000cc21e00000) (1024K)]
  0x00000286bf980550 ConcurrentGCThread "G1 Refine#0"               [id=13668, stack(0x000000cc21e00000,0x000000cc21f00000) (1024K)]
  0x00000286bf980d70 ConcurrentGCThread "G1 Service"                [id=18388, stack(0x000000cc21f00000,0x000000cc22000000) (1024K)]
Total: 13

Threads with active compile tasks:
C2 CompilerThread0     1109 1699       4       java.lang.invoke.MethodType::makeImpl (109 bytes)
C2 CompilerThread1     1109 1694       4       java.lang.invoke.MethodType::methodType (69 bytes)
Total: 2

VM state: not at safepoint (normal execution)

VM Mutex/Monitor currently owned by a thread: None

Heap address: 0x0000000083e00000, size: 1986 MB, Compressed Oops mode: 32-bit

CDS archive(s) mapped at: [0x00000286c0000000-0x00000286c0c90000-0x00000286c0c90000), size 13172736, SharedBaseAddress: 0x00000286c0000000, ArchiveRelocationMode: 1.
Compressed class space mapped at: 0x00000286c1000000-0x0000028701000000, reserved size: 1073741824
Narrow klass base: 0x00000286c0000000, Narrow klass shift: 0, Narrow klass range: 0x100000000

GC Precious Log:
 CardTable entry size: 512
 Card Set container configuration: InlinePtr #cards 5 size 8 Array Of Cards #cards 12 size 40 Howl #buckets 4 coarsen threshold 1843 Howl Bitmap #cards 512 size 80 coarsen threshold 460 Card regions per heap region 1 cards per card region 2048
 CPUs: 8 total, 8 available
 Memory: 7937M
 Large Page Support: Disabled
 NUMA Support: Disabled
 Compressed Oops: Enabled (32-bit)
 Heap Region Size: 1M
 Heap Min Capacity: 8M
 Heap Initial Capacity: 126M
 Heap Max Capacity: 1986M
 Pre-touch: Disabled
 Parallel Workers: 8
 Concurrent Workers: 2
 Concurrent Refinement Workers: 8
 Periodic GC: Disabled

Heap:
 garbage-first heap   total 129024K, used 26497K [0x0000000083e00000, 0x0000000100000000)
  region size 1024K, 24 young (24576K), 3 survivors (3072K)
 Metaspace       used 11428K, committed 11712K, reserved 1114112K
  class space    used 1463K, committed 1600K, reserved 1048576K

Heap Regions: E=young(eden), S=young(survivor), O=old, HS=humongous(starts), HC=humongous(continues), CS=collection set, F=free, TAMS=top-at-mark-start, PB=parsable bottom
|   0|0x0000000083e00000, 0x0000000083f00000, 0x0000000083f00000|100%| O|  |TAMS 0x0000000083e00000| PB 0x0000000083e00000| Untracked 
|   1|0x0000000083f00000, 0x0000000084000000, 0x0000000084000000|100%| O|  |TAMS 0x0000000083f00000| PB 0x0000000083f00000| Untracked 
|   2|0x0000000084000000, 0x00000000840e0660, 0x0000000084100000| 87%| O|  |TAMS 0x0000000084000000| PB 0x0000000084000000| Untracked 
|   3|0x0000000084100000, 0x0000000084100000, 0x0000000084200000|  0%| F|  |TAMS 0x0000000084100000| PB 0x0000000084100000| Untracked 
|   4|0x0000000084200000, 0x0000000084200000, 0x0000000084300000|  0%| F|  |TAMS 0x0000000084200000| PB 0x0000000084200000| Untracked 
|   5|0x0000000084300000, 0x0000000084300000, 0x0000000084400000|  0%| F|  |TAMS 0x0000000084300000| PB 0x0000000084300000| Untracked 
|   6|0x0000000084400000, 0x0000000084400000, 0x0000000084500000|  0%| F|  |TAMS 0x0000000084400000| PB 0x0000000084400000| Untracked 
|   7|0x0000000084500000, 0x0000000084500000, 0x0000000084600000|  0%| F|  |TAMS 0x0000000084500000| PB 0x0000000084500000| Untracked 
|   8|0x0000000084600000, 0x0000000084600000, 0x0000000084700000|  0%| F|  |TAMS 0x0000000084600000| PB 0x0000000084600000| Untracked 
|   9|0x0000000084700000, 0x0000000084700000, 0x0000000084800000|  0%| F|  |TAMS 0x0000000084700000| PB 0x0000000084700000| Untracked 
|  10|0x0000000084800000, 0x0000000084800000, 0x0000000084900000|  0%| F|  |TAMS 0x0000000084800000| PB 0x0000000084800000| Untracked 
|  11|0x0000000084900000, 0x0000000084900000, 0x0000000084a00000|  0%| F|  |TAMS 0x0000000084900000| PB 0x0000000084900000| Untracked 
|  12|0x0000000084a00000, 0x0000000084a00000, 0x0000000084b00000|  0%| F|  |TAMS 0x0000000084a00000| PB 0x0000000084a00000| Untracked 
|  13|0x0000000084b00000, 0x0000000084b00000, 0x0000000084c00000|  0%| F|  |TAMS 0x0000000084b00000| PB 0x0000000084b00000| Untracked 
|  14|0x0000000084c00000, 0x0000000084c00000, 0x0000000084d00000|  0%| F|  |TAMS 0x0000000084c00000| PB 0x0000000084c00000| Untracked 
|  15|0x0000000084d00000, 0x0000000084d00000, 0x0000000084e00000|  0%| F|  |TAMS 0x0000000084d00000| PB 0x0000000084d00000| Untracked 
|  16|0x0000000084e00000, 0x0000000084e00000, 0x0000000084f00000|  0%| F|  |TAMS 0x0000000084e00000| PB 0x0000000084e00000| Untracked 
|  17|0x0000000084f00000, 0x0000000084f00000, 0x0000000085000000|  0%| F|  |TAMS 0x0000000084f00000| PB 0x0000000084f00000| Untracked 
|  18|0x0000000085000000, 0x0000000085000000, 0x0000000085100000|  0%| F|  |TAMS 0x0000000085000000| PB 0x0000000085000000| Untracked 
|  19|0x0000000085100000, 0x0000000085100000, 0x0000000085200000|  0%| F|  |TAMS 0x0000000085100000| PB 0x0000000085100000| Untracked 
|  20|0x0000000085200000, 0x0000000085200000, 0x0000000085300000|  0%| F|  |TAMS 0x0000000085200000| PB 0x0000000085200000| Untracked 
|  21|0x0000000085300000, 0x0000000085300000, 0x0000000085400000|  0%| F|  |TAMS 0x0000000085300000| PB 0x0000000085300000| Untracked 
|  22|0x0000000085400000, 0x0000000085400000, 0x0000000085500000|  0%| F|  |TAMS 0x0000000085400000| PB 0x0000000085400000| Untracked 
|  23|0x0000000085500000, 0x0000000085500000, 0x0000000085600000|  0%| F|  |TAMS 0x0000000085500000| PB 0x0000000085500000| Untracked 
|  24|0x0000000085600000, 0x0000000085600000, 0x0000000085700000|  0%| F|  |TAMS 0x0000000085600000| PB 0x0000000085600000| Untracked 
|  25|0x0000000085700000, 0x0000000085700000, 0x0000000085800000|  0%| F|  |TAMS 0x0000000085700000| PB 0x0000000085700000| Untracked 
|  26|0x0000000085800000, 0x0000000085800000, 0x0000000085900000|  0%| F|  |TAMS 0x0000000085800000| PB 0x0000000085800000| Untracked 
|  27|0x0000000085900000, 0x0000000085900000, 0x0000000085a00000|  0%| F|  |TAMS 0x0000000085900000| PB 0x0000000085900000| Untracked 
|  28|0x0000000085a00000, 0x0000000085a00000, 0x0000000085b00000|  0%| F|  |TAMS 0x0000000085a00000| PB 0x0000000085a00000| Untracked 
|  29|0x0000000085b00000, 0x0000000085b00000, 0x0000000085c00000|  0%| F|  |TAMS 0x0000000085b00000| PB 0x0000000085b00000| Untracked 
|  30|0x0000000085c00000, 0x0000000085c00000, 0x0000000085d00000|  0%| F|  |TAMS 0x0000000085c00000| PB 0x0000000085c00000| Untracked 
|  31|0x0000000085d00000, 0x0000000085d00000, 0x0000000085e00000|  0%| F|  |TAMS 0x0000000085d00000| PB 0x0000000085d00000| Untracked 
|  32|0x0000000085e00000, 0x0000000085e00000, 0x0000000085f00000|  0%| F|  |TAMS 0x0000000085e00000| PB 0x0000000085e00000| Untracked 
|  33|0x0000000085f00000, 0x0000000085f00000, 0x0000000086000000|  0%| F|  |TAMS 0x0000000085f00000| PB 0x0000000085f00000| Untracked 
|  34|0x0000000086000000, 0x0000000086000000, 0x0000000086100000|  0%| F|  |TAMS 0x0000000086000000| PB 0x0000000086000000| Untracked 
|  35|0x0000000086100000, 0x0000000086100000, 0x0000000086200000|  0%| F|  |TAMS 0x0000000086100000| PB 0x0000000086100000| Untracked 
|  36|0x0000000086200000, 0x0000000086200000, 0x0000000086300000|  0%| F|  |TAMS 0x0000000086200000| PB 0x0000000086200000| Untracked 
|  37|0x0000000086300000, 0x0000000086300000, 0x0000000086400000|  0%| F|  |TAMS 0x0000000086300000| PB 0x0000000086300000| Untracked 
|  38|0x0000000086400000, 0x0000000086400000, 0x0000000086500000|  0%| F|  |TAMS 0x0000000086400000| PB 0x0000000086400000| Untracked 
|  39|0x0000000086500000, 0x0000000086500000, 0x0000000086600000|  0%| F|  |TAMS 0x0000000086500000| PB 0x0000000086500000| Untracked 
|  40|0x0000000086600000, 0x0000000086600000, 0x0000000086700000|  0%| F|  |TAMS 0x0000000086600000| PB 0x0000000086600000| Untracked 
|  41|0x0000000086700000, 0x0000000086700000, 0x0000000086800000|  0%| F|  |TAMS 0x0000000086700000| PB 0x0000000086700000| Untracked 
|  42|0x0000000086800000, 0x0000000086800000, 0x0000000086900000|  0%| F|  |TAMS 0x0000000086800000| PB 0x0000000086800000| Untracked 
|  43|0x0000000086900000, 0x0000000086900000, 0x0000000086a00000|  0%| F|  |TAMS 0x0000000086900000| PB 0x0000000086900000| Untracked 
|  44|0x0000000086a00000, 0x0000000086a00000, 0x0000000086b00000|  0%| F|  |TAMS 0x0000000086a00000| PB 0x0000000086a00000| Untracked 
|  45|0x0000000086b00000, 0x0000000086b00000, 0x0000000086c00000|  0%| F|  |TAMS 0x0000000086b00000| PB 0x0000000086b00000| Untracked 
|  46|0x0000000086c00000, 0x0000000086c00000, 0x0000000086d00000|  0%| F|  |TAMS 0x0000000086c00000| PB 0x0000000086c00000| Untracked 
|  47|0x0000000086d00000, 0x0000000086d00000, 0x0000000086e00000|  0%| F|  |TAMS 0x0000000086d00000| PB 0x0000000086d00000| Untracked 
|  48|0x0000000086e00000, 0x0000000086e00000, 0x0000000086f00000|  0%| F|  |TAMS 0x0000000086e00000| PB 0x0000000086e00000| Untracked 
|  49|0x0000000086f00000, 0x0000000086f00000, 0x0000000087000000|  0%| F|  |TAMS 0x0000000086f00000| PB 0x0000000086f00000| Untracked 
|  50|0x0000000087000000, 0x0000000087000000, 0x0000000087100000|  0%| F|  |TAMS 0x0000000087000000| PB 0x0000000087000000| Untracked 
|  51|0x0000000087100000, 0x0000000087100000, 0x0000000087200000|  0%| F|  |TAMS 0x0000000087100000| PB 0x0000000087100000| Untracked 
|  52|0x0000000087200000, 0x0000000087200000, 0x0000000087300000|  0%| F|  |TAMS 0x0000000087200000| PB 0x0000000087200000| Untracked 
|  53|0x0000000087300000, 0x0000000087300000, 0x0000000087400000|  0%| F|  |TAMS 0x0000000087300000| PB 0x0000000087300000| Untracked 
|  54|0x0000000087400000, 0x0000000087400000, 0x0000000087500000|  0%| F|  |TAMS 0x0000000087400000| PB 0x0000000087400000| Untracked 
|  55|0x0000000087500000, 0x0000000087500000, 0x0000000087600000|  0%| F|  |TAMS 0x0000000087500000| PB 0x0000000087500000| Untracked 
|  56|0x0000000087600000, 0x0000000087600000, 0x0000000087700000|  0%| F|  |TAMS 0x0000000087600000| PB 0x0000000087600000| Untracked 
|  57|0x0000000087700000, 0x0000000087700000, 0x0000000087800000|  0%| F|  |TAMS 0x0000000087700000| PB 0x0000000087700000| Untracked 
|  58|0x0000000087800000, 0x0000000087800000, 0x0000000087900000|  0%| F|  |TAMS 0x0000000087800000| PB 0x0000000087800000| Untracked 
|  59|0x0000000087900000, 0x0000000087900000, 0x0000000087a00000|  0%| F|  |TAMS 0x0000000087900000| PB 0x0000000087900000| Untracked 
|  60|0x0000000087a00000, 0x0000000087a00000, 0x0000000087b00000|  0%| F|  |TAMS 0x0000000087a00000| PB 0x0000000087a00000| Untracked 
|  61|0x0000000087b00000, 0x0000000087b00000, 0x0000000087c00000|  0%| F|  |TAMS 0x0000000087b00000| PB 0x0000000087b00000| Untracked 
|  62|0x0000000087c00000, 0x0000000087c00000, 0x0000000087d00000|  0%| F|  |TAMS 0x0000000087c00000| PB 0x0000000087c00000| Untracked 
|  63|0x0000000087d00000, 0x0000000087d00000, 0x0000000087e00000|  0%| F|  |TAMS 0x0000000087d00000| PB 0x0000000087d00000| Untracked 
|  64|0x0000000087e00000, 0x0000000087e00000, 0x0000000087f00000|  0%| F|  |TAMS 0x0000000087e00000| PB 0x0000000087e00000| Untracked 
|  65|0x0000000087f00000, 0x0000000087f00000, 0x0000000088000000|  0%| F|  |TAMS 0x0000000087f00000| PB 0x0000000087f00000| Untracked 
|  66|0x0000000088000000, 0x0000000088000000, 0x0000000088100000|  0%| F|  |TAMS 0x0000000088000000| PB 0x0000000088000000| Untracked 
|  67|0x0000000088100000, 0x0000000088100000, 0x0000000088200000|  0%| F|  |TAMS 0x0000000088100000| PB 0x0000000088100000| Untracked 
|  68|0x0000000088200000, 0x0000000088200000, 0x0000000088300000|  0%| F|  |TAMS 0x0000000088200000| PB 0x0000000088200000| Untracked 
|  69|0x0000000088300000, 0x0000000088300000, 0x0000000088400000|  0%| F|  |TAMS 0x0000000088300000| PB 0x0000000088300000| Untracked 
|  70|0x0000000088400000, 0x0000000088400000, 0x0000000088500000|  0%| F|  |TAMS 0x0000000088400000| PB 0x0000000088400000| Untracked 
|  71|0x0000000088500000, 0x0000000088500000, 0x0000000088600000|  0%| F|  |TAMS 0x0000000088500000| PB 0x0000000088500000| Untracked 
|  72|0x0000000088600000, 0x0000000088600000, 0x0000000088700000|  0%| F|  |TAMS 0x0000000088600000| PB 0x0000000088600000| Untracked 
|  73|0x0000000088700000, 0x0000000088700000, 0x0000000088800000|  0%| F|  |TAMS 0x0000000088700000| PB 0x0000000088700000| Untracked 
|  74|0x0000000088800000, 0x0000000088800000, 0x0000000088900000|  0%| F|  |TAMS 0x0000000088800000| PB 0x0000000088800000| Untracked 
|  75|0x0000000088900000, 0x0000000088900000, 0x0000000088a00000|  0%| F|  |TAMS 0x0000000088900000| PB 0x0000000088900000| Untracked 
|  76|0x0000000088a00000, 0x0000000088a00000, 0x0000000088b00000|  0%| F|  |TAMS 0x0000000088a00000| PB 0x0000000088a00000| Untracked 
|  77|0x0000000088b00000, 0x0000000088b00000, 0x0000000088c00000|  0%| F|  |TAMS 0x0000000088b00000| PB 0x0000000088b00000| Untracked 
|  78|0x0000000088c00000, 0x0000000088c00000, 0x0000000088d00000|  0%| F|  |TAMS 0x0000000088c00000| PB 0x0000000088c00000| Untracked 
|  79|0x0000000088d00000, 0x0000000088d00000, 0x0000000088e00000|  0%| F|  |TAMS 0x0000000088d00000| PB 0x0000000088d00000| Untracked 
|  80|0x0000000088e00000, 0x0000000088e00000, 0x0000000088f00000|  0%| F|  |TAMS 0x0000000088e00000| PB 0x0000000088e00000| Untracked 
|  81|0x0000000088f00000, 0x0000000088f00000, 0x0000000089000000|  0%| F|  |TAMS 0x0000000088f00000| PB 0x0000000088f00000| Untracked 
|  82|0x0000000089000000, 0x0000000089000000, 0x0000000089100000|  0%| F|  |TAMS 0x0000000089000000| PB 0x0000000089000000| Untracked 
|  83|0x0000000089100000, 0x0000000089100000, 0x0000000089200000|  0%| F|  |TAMS 0x0000000089100000| PB 0x0000000089100000| Untracked 
|  84|0x0000000089200000, 0x0000000089200000, 0x0000000089300000|  0%| F|  |TAMS 0x0000000089200000| PB 0x0000000089200000| Untracked 
|  85|0x0000000089300000, 0x0000000089300000, 0x0000000089400000|  0%| F|  |TAMS 0x0000000089300000| PB 0x0000000089300000| Untracked 
|  86|0x0000000089400000, 0x0000000089400000, 0x0000000089500000|  0%| F|  |TAMS 0x0000000089400000| PB 0x0000000089400000| Untracked 
|  87|0x0000000089500000, 0x0000000089500000, 0x0000000089600000|  0%| F|  |TAMS 0x0000000089500000| PB 0x0000000089500000| Untracked 
|  88|0x0000000089600000, 0x0000000089600000, 0x0000000089700000|  0%| F|  |TAMS 0x0000000089600000| PB 0x0000000089600000| Untracked 
|  89|0x0000000089700000, 0x0000000089700000, 0x0000000089800000|  0%| F|  |TAMS 0x0000000089700000| PB 0x0000000089700000| Untracked 
|  90|0x0000000089800000, 0x0000000089800000, 0x0000000089900000|  0%| F|  |TAMS 0x0000000089800000| PB 0x0000000089800000| Untracked 
|  91|0x0000000089900000, 0x0000000089900000, 0x0000000089a00000|  0%| F|  |TAMS 0x0000000089900000| PB 0x0000000089900000| Untracked 
|  92|0x0000000089a00000, 0x0000000089a00000, 0x0000000089b00000|  0%| F|  |TAMS 0x0000000089a00000| PB 0x0000000089a00000| Untracked 
|  93|0x0000000089b00000, 0x0000000089b00000, 0x0000000089c00000|  0%| F|  |TAMS 0x0000000089b00000| PB 0x0000000089b00000| Untracked 
|  94|0x0000000089c00000, 0x0000000089c00000, 0x0000000089d00000|  0%| F|  |TAMS 0x0000000089c00000| PB 0x0000000089c00000| Untracked 
|  95|0x0000000089d00000, 0x0000000089d00000, 0x0000000089e00000|  0%| F|  |TAMS 0x0000000089d00000| PB 0x0000000089d00000| Untracked 
|  96|0x0000000089e00000, 0x0000000089e00000, 0x0000000089f00000|  0%| F|  |TAMS 0x0000000089e00000| PB 0x0000000089e00000| Untracked 
|  97|0x0000000089f00000, 0x0000000089f00000, 0x000000008a000000|  0%| F|  |TAMS 0x0000000089f00000| PB 0x0000000089f00000| Untracked 
|  98|0x000000008a000000, 0x000000008a000000, 0x000000008a100000|  0%| F|  |TAMS 0x000000008a000000| PB 0x000000008a000000| Untracked 
|  99|0x000000008a100000, 0x000000008a100000, 0x000000008a200000|  0%| F|  |TAMS 0x000000008a100000| PB 0x000000008a100000| Untracked 
| 100|0x000000008a200000, 0x000000008a300000, 0x000000008a300000|100%| S|CS|TAMS 0x000000008a200000| PB 0x000000008a200000| Complete 
| 101|0x000000008a300000, 0x000000008a400000, 0x000000008a400000|100%| S|CS|TAMS 0x000000008a300000| PB 0x000000008a300000| Complete 
| 102|0x000000008a400000, 0x000000008a500000, 0x000000008a500000|100%| S|CS|TAMS 0x000000008a400000| PB 0x000000008a400000| Complete 
| 103|0x000000008a500000, 0x000000008a500000, 0x000000008a600000|  0%| F|  |TAMS 0x000000008a500000| PB 0x000000008a500000| Untracked 
| 104|0x000000008a600000, 0x000000008a600000, 0x000000008a700000|  0%| F|  |TAMS 0x000000008a600000| PB 0x000000008a600000| Untracked 
| 105|0x000000008a700000, 0x000000008a7c7dd8, 0x000000008a800000| 78%| E|  |TAMS 0x000000008a700000| PB 0x000000008a700000| Complete 
| 106|0x000000008a800000, 0x000000008a900000, 0x000000008a900000|100%| E|CS|TAMS 0x000000008a800000| PB 0x000000008a800000| Complete 
| 107|0x000000008a900000, 0x000000008aa00000, 0x000000008aa00000|100%| E|CS|TAMS 0x000000008a900000| PB 0x000000008a900000| Complete 
| 108|0x000000008aa00000, 0x000000008ab00000, 0x000000008ab00000|100%| E|CS|TAMS 0x000000008aa00000| PB 0x000000008aa00000| Complete 
| 109|0x000000008ab00000, 0x000000008ac00000, 0x000000008ac00000|100%| E|CS|TAMS 0x000000008ab00000| PB 0x000000008ab00000| Complete 
| 110|0x000000008ac00000, 0x000000008ad00000, 0x000000008ad00000|100%| E|CS|TAMS 0x000000008ac00000| PB 0x000000008ac00000| Complete 
| 111|0x000000008ad00000, 0x000000008ae00000, 0x000000008ae00000|100%| E|CS|TAMS 0x000000008ad00000| PB 0x000000008ad00000| Complete 
| 112|0x000000008ae00000, 0x000000008af00000, 0x000000008af00000|100%| E|CS|TAMS 0x000000008ae00000| PB 0x000000008ae00000| Complete 
| 113|0x000000008af00000, 0x000000008b000000, 0x000000008b000000|100%| E|CS|TAMS 0x000000008af00000| PB 0x000000008af00000| Complete 
| 114|0x000000008b000000, 0x000000008b100000, 0x000000008b100000|100%| E|CS|TAMS 0x000000008b000000| PB 0x000000008b000000| Complete 
| 115|0x000000008b100000, 0x000000008b200000, 0x000000008b200000|100%| E|CS|TAMS 0x000000008b100000| PB 0x000000008b100000| Complete 
| 116|0x000000008b200000, 0x000000008b300000, 0x000000008b300000|100%| E|CS|TAMS 0x000000008b200000| PB 0x000000008b200000| Complete 
| 117|0x000000008b300000, 0x000000008b400000, 0x000000008b400000|100%| E|CS|TAMS 0x000000008b300000| PB 0x000000008b300000| Complete 
| 118|0x000000008b400000, 0x000000008b500000, 0x000000008b500000|100%| E|CS|TAMS 0x000000008b400000| PB 0x000000008b400000| Complete 
| 119|0x000000008b500000, 0x000000008b600000, 0x000000008b600000|100%| E|CS|TAMS 0x000000008b500000| PB 0x000000008b500000| Complete 
| 120|0x000000008b600000, 0x000000008b700000, 0x000000008b700000|100%| E|CS|TAMS 0x000000008b600000| PB 0x000000008b600000| Complete 
| 121|0x000000008b700000, 0x000000008b800000, 0x000000008b800000|100%| E|CS|TAMS 0x000000008b700000| PB 0x000000008b700000| Complete 
| 122|0x000000008b800000, 0x000000008b900000, 0x000000008b900000|100%| E|CS|TAMS 0x000000008b800000| PB 0x000000008b800000| Complete 
| 123|0x000000008b900000, 0x000000008ba00000, 0x000000008ba00000|100%| E|CS|TAMS 0x000000008b900000| PB 0x000000008b900000| Complete 
| 124|0x000000008ba00000, 0x000000008bb00000, 0x000000008bb00000|100%| E|CS|TAMS 0x000000008ba00000| PB 0x000000008ba00000| Complete 
| 125|0x000000008bb00000, 0x000000008bc00000, 0x000000008bc00000|100%| E|CS|TAMS 0x000000008bb00000| PB 0x000000008bb00000| Complete 

Card table byte_map: [0x00000286bad30000,0x00000286bb120000] _byte_map_base: 0x00000286ba911000

Marking Bits: (CMBitMap*) 0x00000286a1308470
 Bits: [0x00000286bb120000, 0x00000286bd028000)

Polling page: 0x00000286aaeb0000

Metaspace:

Usage:
  Non-class:      9.73 MB used.
      Class:      1.43 MB used.
       Both:     11.16 MB used.

Virtual space:
  Non-class space:       64.00 MB reserved,       9.88 MB ( 15%) committed,  1 nodes.
      Class space:        1.00 GB reserved,       1.56 MB ( <1%) committed,  1 nodes.
             Both:        1.06 GB reserved,      11.44 MB (  1%) committed. 

Chunk freelists:
   Non-Class:  5.95 MB
       Class:  14.48 MB
        Both:  20.44 MB

MaxMetaspaceSize: unlimited
CompressedClassSpaceSize: 1.00 GB
Initial GC threshold: 21.00 MB
Current GC threshold: 21.00 MB
CDS: on
 - commit_granule_bytes: 65536.
 - commit_granule_words: 8192.
 - virtual_space_node_default_size: 8388608.
 - enlarge_chunks_in_place: 1.
 - use_allocation_guard: 0.


Internal statistics:

num_allocs_failed_limit: 0.
num_arena_births: 232.
num_arena_deaths: 0.
num_vsnodes_births: 2.
num_vsnodes_deaths: 0.
num_space_committed: 183.
num_space_uncommitted: 0.
num_chunks_returned_to_freelist: 0.
num_chunks_taken_from_freelist: 637.
num_chunk_merges: 0.
num_chunk_splits: 383.
num_chunks_enlarged: 247.
num_inconsistent_stats: 0.

CodeHeap 'non-profiled nmethods': size=120000Kb used=683Kb max_used=683Kb free=119316Kb
 bounds [0x00000286b29a0000, 0x00000286b2c10000, 0x00000286b9ed0000]
CodeHeap 'profiled nmethods': size=120000Kb used=3307Kb max_used=3307Kb free=116692Kb
 bounds [0x00000286aaed0000, 0x00000286ab210000, 0x00000286b2400000]
CodeHeap 'non-nmethods': size=5760Kb used=1526Kb max_used=1555Kb free=4233Kb
 bounds [0x00000286b2400000, 0x00000286b2670000, 0x00000286b29a0000]
 total_blobs=2217 nmethods=1731 adapters=390
 compilation: enabled
              stopped_count=0, restarted_count=0
 full_count=0

Compilation events (20 events):
Event: 1.071 Thread 0x00000286bfafab80 1727       1       java.lang.Class::getClassLoader0 (5 bytes)
Event: 1.071 Thread 0x00000286bfafab80 nmethod 1727 0x00000286b2a44110 code [0x00000286b2a442a0, 0x00000286b2a44368]
Event: 1.073 Thread 0x00000286bfafab80 1728   !   3       java.lang.invoke.MemberName::getFieldType (176 bytes)
Event: 1.074 Thread 0x00000286bfafab80 nmethod 1728 0x00000286ab205210 code [0x00000286ab205520, 0x00000286ab206870]
Event: 1.080 Thread 0x00000286bfafab80 1729       3       java.lang.reflect.Constructor::getParameterTypes (11 bytes)
Event: 1.080 Thread 0x00000286bfafab80 nmethod 1729 0x00000286ab206e90 code [0x00000286ab207040, 0x00000286ab207308]
Event: 1.080 Thread 0x00000286bfafab80 1730       3       java.nio.ByteOrder::nativeOrder (4 bytes)
Event: 1.080 Thread 0x00000286bfafab80 nmethod 1730 0x00000286ab207410 code [0x00000286ab2075a0, 0x00000286ab207698]
Event: 1.080 Thread 0x00000286bfafab80 1731       3       java.lang.reflect.ProxyGenerator$ProxyMethod::emitIconstInsn (75 bytes)
Event: 1.081 Thread 0x00000286bfafab80 nmethod 1731 0x00000286ab207710 code [0x00000286ab207960, 0x00000286ab208238]
Event: 1.081 Thread 0x00000286bfafab80 1732       3       jdk.internal.org.objectweb.asm.SymbolTable::addUninitializedType (103 bytes)
Event: 1.081 Thread 0x00000286bfafab80 nmethod 1732 0x00000286ab208490 code [0x00000286ab2086a0, 0x00000286ab208c68]
Event: 1.081 Thread 0x00000286bfafab80 1734       3       java.lang.invoke.MemberName::asConstructor (58 bytes)
Event: 1.082 Thread 0x00000286bfafab80 nmethod 1734 0x00000286ab208f90 code [0x00000286ab2091c0, 0x00000286ab2097d0]
Event: 1.082 Thread 0x00000286bfafab80 1735       3       java.util.concurrent.ConcurrentMap::computeIfAbsent (51 bytes)
Event: 1.083 Thread 0x00000286bfafab80 nmethod 1735 0x00000286ab209a10 code [0x00000286ab209c20, 0x00000286ab20a200]
Event: 1.083 Thread 0x00000286bfafab80 1736       3       java.lang.System$2::getEnumConstantsShared (8 bytes)
Event: 1.083 Thread 0x00000286bfafab80 nmethod 1736 0x00000286ab20a390 code [0x00000286ab20a540, 0x00000286ab20a778]
Event: 1.083 Thread 0x00000286bfafab80 1733       3       jdk.internal.org.objectweb.asm.SymbolTable::hash (12 bytes)
Event: 1.083 Thread 0x00000286bfafab80 nmethod 1733 0x00000286ab20a890 code [0x00000286ab20aa40, 0x00000286ab20ab78]

GC Heap History (2 events):
Event: 0.695 GC heap before
{Heap before GC invocations=0 (full 0):
 garbage-first heap   total 129024K, used 22528K [0x0000000083e00000, 0x0000000100000000)
  region size 1024K, 23 young (23552K), 0 survivors (0K)
 Metaspace       used 6268K, committed 6528K, reserved 1114112K
  class space    used 785K, committed 896K, reserved 1048576K
}
Event: 0.701 GC heap after
{Heap after GC invocations=1 (full 0):
 garbage-first heap   total 129024K, used 6017K [0x0000000083e00000, 0x0000000100000000)
  region size 1024K, 3 young (3072K), 3 survivors (3072K)
 Metaspace       used 6268K, committed 6528K, reserved 1114112K
  class space    used 785K, committed 896K, reserved 1048576K
}

Dll operation events (10 events):
Event: 0.012 Loaded shared library C:\Program Files\Java\jdk-21\bin\java.dll
Event: 0.046 Loaded shared library C:\Program Files\Java\jdk-21\bin\jsvml.dll
Event: 0.128 Loaded shared library C:\Program Files\Java\jdk-21\bin\zip.dll
Event: 0.133 Loaded shared library C:\Program Files\Java\jdk-21\bin\instrument.dll
Event: 0.139 Loaded shared library C:\Program Files\Java\jdk-21\bin\net.dll
Event: 0.141 Loaded shared library C:\Program Files\Java\jdk-21\bin\nio.dll
Event: 0.145 Loaded shared library C:\Program Files\Java\jdk-21\bin\zip.dll
Event: 0.161 Loaded shared library C:\Program Files\JetBrains\IntelliJ IDEA Community Edition 2023.2.3\bin\breakgen64.dll
Event: 0.171 Loaded shared library C:\Program Files\Java\jdk-21\bin\extnet.dll
Event: 0.348 Loaded shared library C:\Program Files\Java\jdk-21\bin\jimage.dll

Deoptimization events (20 events):
Event: 0.858 Thread 0x00000286a104e690 Uncommon trap: trap_request=0xffffff45 fr.pc=0x00000286b29f6fe0 relative=0x0000000000000200
Event: 0.858 Thread 0x00000286a104e690 Uncommon trap: reason=unstable_if action=reinterpret pc=0x00000286b29f6fe0 method=java.io.WinNTFileSystem.normalize(Ljava/lang/String;)Ljava/lang/String; @ 128 c2
Event: 0.858 Thread 0x00000286a104e690 DEOPT PACKING pc=0x00000286b29f6fe0 sp=0x000000cc21afc420
Event: 0.858 Thread 0x00000286a104e690 DEOPT UNPACKING pc=0x00000286b2457da2 sp=0x000000cc21afc398 mode 2
Event: 0.860 Thread 0x00000286a104e690 Uncommon trap: trap_request=0xffffff45 fr.pc=0x00000286b2a1f770 relative=0x0000000000001590
Event: 0.860 Thread 0x00000286a104e690 Uncommon trap: reason=unstable_if action=reinterpret pc=0x00000286b2a1f770 method=java.util.zip.ZipCoder.hash(Ljava/lang/String;)I @ 23 c2
Event: 0.860 Thread 0x00000286a104e690 DEOPT PACKING pc=0x00000286b2a1f770 sp=0x000000cc21afc500
Event: 0.860 Thread 0x00000286a104e690 DEOPT UNPACKING pc=0x00000286b2457da2 sp=0x000000cc21afc350 mode 2
Event: 0.921 Thread 0x00000286a104e690 Uncommon trap: trap_request=0xffffff45 fr.pc=0x00000286b29ea020 relative=0x00000000000000e0
Event: 0.921 Thread 0x00000286a104e690 Uncommon trap: reason=unstable_if action=reinterpret pc=0x00000286b29ea020 method=sun.reflect.generics.parser.SignatureParser.current()C @ 39 c2
Event: 0.921 Thread 0x00000286a104e690 DEOPT PACKING pc=0x00000286b29ea020 sp=0x000000cc21afb4c0
Event: 0.921 Thread 0x00000286a104e690 DEOPT UNPACKING pc=0x00000286b2457da2 sp=0x000000cc21afb458 mode 2
Event: 1.009 Thread 0x00000286a104e690 DEOPT PACKING pc=0x00000286ab1ae397 sp=0x000000cc21af86b0
Event: 1.009 Thread 0x00000286a104e690 DEOPT UNPACKING pc=0x00000286b24588e2 sp=0x000000cc21af7b88 mode 0
Event: 1.009 Thread 0x00000286a104e690 Uncommon trap: trap_request=0xffffff45 fr.pc=0x00000286b2a38310 relative=0x0000000000000070
Event: 1.009 Thread 0x00000286a104e690 Uncommon trap: reason=unstable_if action=reinterpret pc=0x00000286b2a38310 method=java.lang.ref.ReferenceQueue.poll()Ljava/lang/ref/Reference; @ 4 c2
Event: 1.009 Thread 0x00000286a104e690 DEOPT PACKING pc=0x00000286b2a38310 sp=0x000000cc21afc0e0
Event: 1.009 Thread 0x00000286a104e690 DEOPT UNPACKING pc=0x00000286b2457da2 sp=0x000000cc21afc070 mode 2
Event: 1.034 Thread 0x00000286a104e690 DEOPT PACKING pc=0x00000286aafcbd95 sp=0x000000cc21afb470
Event: 1.034 Thread 0x00000286a104e690 DEOPT UNPACKING pc=0x00000286b24588e2 sp=0x000000cc21afa8f8 mode 0

Classes loaded (20 events):
Event: 1.038 Loading class java/lang/StackStreamFactory$StackFrameTraverser$StackFrameBuffer
Event: 1.039 Loading class java/lang/StackStreamFactory$FrameBuffer
Event: 1.039 Loading class java/lang/StackStreamFactory$FrameBuffer done
Event: 1.039 Loading class java/lang/StackStreamFactory$StackFrameTraverser$StackFrameBuffer done
Event: 1.042 Loading class java/nio/file/InvalidPathException
Event: 1.042 Loading class java/nio/file/InvalidPathException done
Event: 1.045 Loading class java/util/Collections$SynchronizedRandomAccessList
Event: 1.045 Loading class java/util/Collections$SynchronizedList
Event: 1.045 Loading class java/util/Collections$SynchronizedList done
Event: 1.045 Loading class java/util/Collections$SynchronizedRandomAccessList done
Event: 1.060 Loading class java/lang/StackTraceElement$HashedModules
Event: 1.060 Loading class java/lang/StackTraceElement$HashedModules done
Event: 1.062 Loading class java/util/concurrent/BlockingDeque
Event: 1.062 Loading class java/util/concurrent/BlockingDeque done
Event: 1.066 Loading class java/util/concurrent/LinkedBlockingDeque
Event: 1.067 Loading class java/util/concurrent/LinkedBlockingDeque done
Event: 1.071 Loading class java/lang/Thread$ThreadNumbering
Event: 1.072 Loading class java/lang/Thread$ThreadNumbering done
Event: 1.072 Loading class java/util/concurrent/LinkedBlockingDeque$Node
Event: 1.072 Loading class java/util/concurrent/LinkedBlockingDeque$Node done

Classes unloaded (0 events):
No events

Classes redefined (0 events):
No events

Internal exceptions (20 events):
Event: 0.647 Thread 0x00000286a104e690 Exception <a 'java/lang/NoSuchMethodError'{0x000000008a6c00c8}: 'java.lang.Object java.lang.invoke.DirectMethodHandle$Holder.invokeSpecial(java.lang.Object, java.lang.Object, java.lang.Object, long, java.lang.Object)'> (0x000000008a6c00c8) 
thrown [s\open\src\hotspot\share\interpreter\linkResolver.cpp, line 773]
Event: 0.647 Thread 0x00000286a104e690 Exception <a 'java/lang/NoSuchMethodError'{0x000000008a6c3cc8}: 'java.lang.Object java.lang.invoke.Invokers$Holder.linkToTargetMethod(java.lang.Object, long, java.lang.Object, java.lang.Object)'> (0x000000008a6c3cc8) 
thrown [s\open\src\hotspot\share\interpreter\linkResolver.cpp, line 773]
Event: 0.660 Thread 0x00000286a104e690 Exception <a 'java/lang/ClassNotFoundException'{0x000000008a6f04e0}: javax/smartcardio/CardPermission> (0x000000008a6f04e0) 
thrown [s\open\src\hotspot\share\classfile\systemDictionary.cpp, line 312]
Event: 0.663 Thread 0x00000286a104e690 Exception <a 'java/io/FileNotFoundException'{0x000000008a6ff238}> (0x000000008a6ff238) 
thrown [s\open\src\hotspot\share\prims\jni.cpp, line 520]
Event: 0.753 Thread 0x00000286a104e690 Exception <a 'java/lang/NoSuchMethodError'{0x000000008b89fcb8}: 'int java.lang.invoke.DirectMethodHandle$Holder.invokeStaticInit(java.lang.Object, java.lang.Object, java.lang.Object)'> (0x000000008b89fcb8) 
thrown [s\open\src\hotspot\share\interpreter\linkResolver.cpp, line 773]
Event: 0.771 Thread 0x00000286a104e690 Exception <a 'java/lang/NoSuchMethodError'{0x000000008b7b0f98}: 'int java.lang.invoke.DirectMethodHandle$Holder.invokeInterface(java.lang.Object, java.lang.Object)'> (0x000000008b7b0f98) 
thrown [s\open\src\hotspot\share\interpreter\linkResolver.cpp, line 773]
Event: 0.786 Thread 0x00000286a104e690 Exception <a 'java/lang/NoSuchMethodError'{0x000000008b68c3b0}: 'void java.lang.invoke.DirectMethodHandle$Holder.invokeStaticInit(java.lang.Object, java.lang.Object)'> (0x000000008b68c3b0) 
thrown [s\open\src\hotspot\share\interpreter\linkResolver.cpp, line 773]
Event: 0.800 Thread 0x00000286a104e690 Exception <a 'java/lang/NoSuchMethodError'{0x000000008b519010}: 'int java.lang.invoke.DirectMethodHandle$Holder.invokeVirtual(java.lang.Object, java.lang.Object, java.lang.Object)'> (0x000000008b519010) 
thrown [s\open\src\hotspot\share\interpreter\linkResolver.cpp, line 773]
Event: 0.827 Thread 0x00000286a104e690 Exception <a 'java/lang/IncompatibleClassChangeError'{0x000000008b427cc8}: Found class java.lang.Object, but interface was expected> (0x000000008b427cc8) 
thrown [s\open\src\hotspot\share\interpreter\linkResolver.cpp, line 840]
Event: 0.857 Thread 0x00000286a104e690 Exception <a 'java/lang/NoSuchMethodError'{0x000000008b335238}: 'int java.lang.invoke.DirectMethodHandle$Holder.invokeSpecial(java.lang.Object, java.lang.Object, java.lang.Object, java.lang.Object)'> (0x000000008b335238) 
thrown [s\open\src\hotspot\share\interpreter\linkResolver.cpp, line 773]
Event: 0.861 Thread 0x00000286a104e690 Exception <a 'java/lang/NoSuchMethodError'{0x000000008b351070}: 'int java.lang.invoke.DirectMethodHandle$Holder.invokeSpecial(java.lang.Object, java.lang.Object, java.lang.Object, java.lang.Object, java.lang.Object)'> (0x000000008b351070) 
thrown [s\open\src\hotspot\share\interpreter\linkResolver.cpp, line 773]
Event: 0.862 Thread 0x00000286a104e690 Exception <a 'java/lang/NoSuchMethodError'{0x000000008b358df0}: 'void java.lang.invoke.DirectMethodHandle$Holder.invokeVirtual(java.lang.Object, java.lang.Object)'> (0x000000008b358df0) 
thrown [s\open\src\hotspot\share\interpreter\linkResolver.cpp, line 773]
Event: 0.904 Thread 0x00000286a104e690 Exception <a 'java/lang/NoSuchMethodError'{0x000000008b1d4de8}: 'void java.lang.invoke.DirectMethodHandle$Holder.invokeVirtual(java.lang.Object, java.lang.Object, java.lang.Object, java.lang.Object)'> (0x000000008b1d4de8) 
thrown [s\open\src\hotspot\share\interpreter\linkResolver.cpp, line 773]
Event: 0.978 Thread 0x00000286a104e690 Exception <a 'java/lang/NoSuchMethodError'{0x000000008ade6aa0}: 'java.lang.Object java.lang.invoke.DirectMethodHandle$Holder.newInvokeSpecial(java.lang.Object, java.lang.Object, java.lang.Object, java.lang.Object, java.lang.Object, java.lang.Object, java.lang.Object)'> (0x000000008ade6aa0) 
thrown [s\open\src\hotspot\share\interpreter\linkResolver.cpp, line 773]
Event: 1.002 Thread 0x00000286a104e690 Exception <a 'java/lang/NoSuchMethodError'{0x000000008ab42a58}: 'java.lang.Object java.lang.invoke.DirectMethodHandle$Holder.invokeInterface(java.lang.Object, java.lang.Object, java.lang.Object, java.lang.Object)'> (0x000000008ab42a58) 
thrown [s\open\src\hotspot\share\interpreter\linkResolver.cpp, line 773]
Event: 1.005 Thread 0x00000286a104e690 Exception <a 'java/lang/NoSuchMethodError'{0x000000008ab5f220}: 'java.lang.Object java.lang.invoke.DirectMethodHandle$Holder.newInvokeSpecial(java.lang.Object, java.lang.Object, java.lang.Object, java.lang.Object, int)'> (0x000000008ab5f220) 
thrown [s\open\src\hotspot\share\interpreter\linkResolver.cpp, line 773]
Event: 1.005 Thread 0x00000286a104e690 Exception <a 'java/lang/NoSuchMethodError'{0x000000008ab63768}: 'java.lang.Object java.lang.invoke.DirectMethodHandle$Holder.invokeSpecial(java.lang.Object, java.lang.Object, java.lang.Object, java.lang.Object, java.lang.Object, int)'> (0x000000008ab63768) 
thrown [s\open\src\hotspot\share\interpreter\linkResolver.cpp, line 773]
Event: 1.005 Thread 0x00000286a104e690 Exception <a 'java/lang/NoSuchMethodError'{0x000000008ab676f8}: 'java.lang.Object java.lang.invoke.Invokers$Holder.linkToTargetMethod(java.lang.Object, java.lang.Object, java.lang.Object, int, java.lang.Object)'> (0x000000008ab676f8) 
thrown [s\open\src\hotspot\share\interpreter\linkResolver.cpp, line 773]
Event: 1.008 Thread 0x00000286a104e690 Exception <a 'java/lang/NoSuchMethodError'{0x000000008ab95170}: 'java.lang.Object java.lang.invoke.DirectMethodHandle$Holder.invokeInterface(java.lang.Object, java.lang.Object, java.lang.Object, java.lang.Object, java.lang.Object)'> (0x000000008ab95170) 
thrown [s\open\src\hotspot\share\interpreter\linkResolver.cpp, line 773]
Event: 1.008 Thread 0x00000286a104e690 Exception <a 'java/lang/IncompatibleClassChangeError'{0x000000008ab98c98}: Found class java.lang.Object, but interface was expected> (0x000000008ab98c98) 
thrown [s\open\src\hotspot\share\interpreter\linkResolver.cpp, line 840]

ZGC Phase Switch (0 events):
No events

VM Operations (20 events):
Event: 0.626 Executing VM operation: ICBufferFull
Event: 0.626 Executing VM operation: ICBufferFull done
Event: 0.629 Executing VM operation: HandshakeAllThreads (Deoptimize)
Event: 0.629 Executing VM operation: HandshakeAllThreads (Deoptimize) done
Event: 0.666 Executing VM operation: HandshakeAllThreads (Deoptimize)
Event: 0.666 Executing VM operation: HandshakeAllThreads (Deoptimize) done
Event: 0.695 Executing VM operation: G1CollectForAllocation (G1 Evacuation Pause)
Event: 0.701 Executing VM operation: G1CollectForAllocation (G1 Evacuation Pause) done
Event: 0.720 Executing VM operation: HandshakeAllThreads (Deoptimize)
Event: 0.720 Executing VM operation: HandshakeAllThreads (Deoptimize) done
Event: 0.720 Executing VM operation: HandshakeAllThreads (Deoptimize)
Event: 0.720 Executing VM operation: HandshakeAllThreads (Deoptimize) done
Event: 0.772 Executing VM operation: HandshakeAllThreads (Deoptimize)
Event: 0.772 Executing VM operation: HandshakeAllThreads (Deoptimize) done
Event: 0.835 Executing VM operation: HandshakeAllThreads (Deoptimize)
Event: 0.835 Executing VM operation: HandshakeAllThreads (Deoptimize) done
Event: 0.902 Executing VM operation: HandshakeAllThreads (Deoptimize)
Event: 0.902 Executing VM operation: HandshakeAllThreads (Deoptimize) done
Event: 1.011 Executing VM operation: HandshakeAllThreads (Deoptimize)
Event: 1.011 Executing VM operation: HandshakeAllThreads (Deoptimize) done

Events (13 events):
Event: 0.028 Thread 0x00000286a104e690 Thread added: 0x00000286a104e690
Event: 0.043 Thread 0x00000286bfadddc0 Thread added: 0x00000286bfadddc0
Event: 0.043 Thread 0x00000286bfadedd0 Thread added: 0x00000286bfadedd0
Event: 0.043 Thread 0x00000286bfae4480 Thread added: 0x00000286bfae4480
Event: 0.043 Thread 0x00000286bfae4fd0 Thread added: 0x00000286bfae4fd0
Event: 0.043 Thread 0x00000286bfae8310 Thread added: 0x00000286bfae8310
Event: 0.043 Thread 0x00000286bfaeb7d0 Thread added: 0x00000286bfaeb7d0
Event: 0.044 Thread 0x00000286bfaea610 Thread added: 0x00000286bfaea610
Event: 0.044 Thread 0x00000286bfafab80 Thread added: 0x00000286bfafab80
Event: 0.109 Thread 0x00000286bfaecb80 Thread added: 0x00000286bfaecb80
Event: 0.126 Thread 0x00000287051bc920 Thread added: 0x00000287051bc920
Event: 0.161 Thread 0x00000286bfaedf30 Thread added: 0x00000286bfaedf30
Event: 0.161 Thread 0x00000286bfaec4f0 Thread added: 0x00000286bfaec4f0


Dynamic libraries:
0x00007ff6fb2f0000 - 0x00007ff6fb300000 	C:\Program Files\Java\jdk-21\bin\java.exe
0x00007ff8906f0000 - 0x00007ff890907000 	C:\WINDOWS\SYSTEM32\ntdll.dll
0x00007ff88fb40000 - 0x00007ff88fc04000 	C:\WINDOWS\System32\KERNEL32.DLL
0x00007ff88da60000 - 0x00007ff88de05000 	C:\WINDOWS\System32\KERNELBASE.dll
0x00007ff88e070000 - 0x00007ff88e181000 	C:\WINDOWS\System32\ucrtbase.dll
0x00007ff878380000 - 0x00007ff878399000 	C:\Program Files\Java\jdk-21\bin\jli.dll
0x00007ff8905d0000 - 0x00007ff890681000 	C:\WINDOWS\System32\ADVAPI32.dll
0x00007ff878360000 - 0x00007ff87837b000 	C:\Program Files\Java\jdk-21\bin\VCRUNTIME140.dll
0x00007ff88e660000 - 0x00007ff88e707000 	C:\WINDOWS\System32\msvcrt.dll
0x00007ff88e480000 - 0x00007ff88e526000 	C:\WINDOWS\System32\sechost.dll
0x00007ff88eaa0000 - 0x00007ff88ebb7000 	C:\WINDOWS\System32\RPCRT4.dll
0x00007ff88e8e0000 - 0x00007ff88ea8e000 	C:\WINDOWS\System32\USER32.dll
0x00007ff88e410000 - 0x00007ff88e436000 	C:\WINDOWS\System32\win32u.dll
0x00007ff86fd80000 - 0x00007ff870013000 	C:\WINDOWS\WinSxS\amd64_microsoft.windows.common-controls_6595b64144ccf1df_6.0.22621.2506_none_270c5ae97388e100\COMCTL32.dll
0x00007ff88f630000 - 0x00007ff88f659000 	C:\WINDOWS\System32\GDI32.dll
0x00007ff88e2f0000 - 0x00007ff88e409000 	C:\WINDOWS\System32\gdi32full.dll
0x00007ff88e250000 - 0x00007ff88e2ea000 	C:\WINDOWS\System32\msvcp_win.dll
0x00007ff882db0000 - 0x00007ff882dba000 	C:\WINDOWS\SYSTEM32\VERSION.dll
0x00007ff88e440000 - 0x00007ff88e471000 	C:\WINDOWS\System32\IMM32.DLL
0x00007ff8813a0000 - 0x00007ff8813ac000 	C:\Program Files\Java\jdk-21\bin\vcruntime140_1.dll
0x00007ff8782d0000 - 0x00007ff87835e000 	C:\Program Files\Java\jdk-21\bin\msvcp140.dll
0x00007ff838710000 - 0x00007ff839425000 	C:\Program Files\Java\jdk-21\bin\server\jvm.dll
0x00007ff890550000 - 0x00007ff8905c1000 	C:\WINDOWS\System32\WS2_32.dll
0x00007ff88c8b0000 - 0x00007ff88c8fd000 	C:\WINDOWS\SYSTEM32\POWRPROF.dll
0x00007ff884430000 - 0x00007ff884464000 	C:\WINDOWS\SYSTEM32\WINMM.dll
0x00007ff88c870000 - 0x00007ff88c883000 	C:\WINDOWS\SYSTEM32\UMPDC.dll
0x00007ff88cb50000 - 0x00007ff88cb68000 	C:\WINDOWS\SYSTEM32\kernel.appcore.dll
0x00007ff8782c0000 - 0x00007ff8782ca000 	C:\Program Files\Java\jdk-21\bin\jimage.dll
0x00007ff88b230000 - 0x00007ff88b463000 	C:\WINDOWS\SYSTEM32\DBGHELP.DLL
0x00007ff8901c0000 - 0x00007ff890549000 	C:\WINDOWS\System32\combase.dll
0x00007ff88fd20000 - 0x00007ff88fdf7000 	C:\WINDOWS\System32\OLEAUT32.dll
0x00007ff87e7e0000 - 0x00007ff87e812000 	C:\WINDOWS\SYSTEM32\dbgcore.DLL
0x00007ff88df80000 - 0x00007ff88dffa000 	C:\WINDOWS\System32\bcryptPrimitives.dll
0x00007ff8813c0000 - 0x00007ff8813cf000 	C:\Program Files\Java\jdk-21\bin\instrument.dll
0x00007ff8782a0000 - 0x00007ff8782bf000 	C:\Program Files\Java\jdk-21\bin\java.dll
0x00007ff88ec30000 - 0x00007ff88f489000 	C:\WINDOWS\System32\SHELL32.dll
0x00007ff88b930000 - 0x00007ff88c224000 	C:\WINDOWS\SYSTEM32\windows.storage.dll
0x00007ff88b7f0000 - 0x00007ff88b92e000 	C:\WINDOWS\SYSTEM32\wintypes.dll
0x00007ff88f4a0000 - 0x00007ff88f593000 	C:\WINDOWS\System32\SHCORE.dll
0x00007ff890160000 - 0x00007ff8901be000 	C:\WINDOWS\System32\shlwapi.dll
0x00007ff88d990000 - 0x00007ff88d9b6000 	C:\WINDOWS\SYSTEM32\profapi.dll
0x00007ff86ea40000 - 0x00007ff86eb17000 	C:\Program Files\Java\jdk-21\bin\jsvml.dll
0x00007ff878250000 - 0x00007ff878268000 	C:\Program Files\Java\jdk-21\bin\zip.dll
0x00007ff878290000 - 0x00007ff8782a0000 	C:\Program Files\Java\jdk-21\bin\net.dll
0x00007ff8875c0000 - 0x00007ff8876f7000 	C:\WINDOWS\SYSTEM32\WINHTTP.dll
0x00007ff88cfd0000 - 0x00007ff88d039000 	C:\WINDOWS\system32\mswsock.dll
0x00007ff878270000 - 0x00007ff878286000 	C:\Program Files\Java\jdk-21\bin\nio.dll
0x00007ff87e910000 - 0x00007ff87e92a000 	C:\Program Files\JetBrains\IntelliJ IDEA Community Edition 2023.2.3\bin\breakgen64.dll
0x00007ff878240000 - 0x00007ff878247000 	C:\Program Files\Java\jdk-21\bin\extnet.dll

dbghelp: loaded successfully - version: 4.0.5 - missing functions: none
symbol engine: initialized successfully - sym options: 0x614 - pdb path: .;C:\Program Files\Java\jdk-21\bin;C:\WINDOWS\SYSTEM32;C:\WINDOWS\WinSxS\amd64_microsoft.windows.common-controls_6595b64144ccf1df_6.0.22621.2506_none_270c5ae97388e100;C:\Program Files\Java\jdk-21\bin\server;C:\Program Files\JetBrains\IntelliJ IDEA Community Edition 2023.2.3\bin

VM Arguments:
jvm_args: -ea -Didea.test.cyclic.buffer.size=1048576 -javaagent:C:\Program Files\JetBrains\IntelliJ IDEA Community Edition 2023.2.3\lib\idea_rt.jar=52530:C:\Program Files\JetBrains\IntelliJ IDEA Community Edition 2023.2.3\bin -Dfile.encoding=UTF-8 -Dsun.stdout.encoding=UTF-8 -Dsun.stderr.encoding=UTF-8 
java_command: com.intellij.rt.junit.JUnitStarter -ideVersion5 -junit5 @w@C:\Users\sachi\AppData\Local\Temp\idea_working_dirs_junit.tmp @C:\Users\sachi\AppData\Local\Temp\idea_junit.tmp -socket52529
java_class_path (initial): C:\Users\sachi\.m2\repository\org\junit\platform\junit-platform-launcher\1.10.1\junit-platform-launcher-1.10.1.jar;C:\Program Files\JetBrains\IntelliJ IDEA Community Edition 2023.2.3\lib\idea_rt.jar;C:\Program Files\JetBrains\IntelliJ IDEA Community Edition 2023.2.3\plugins\junit\lib\junit5-rt.jar;C:\Program Files\JetBrains\IntelliJ IDEA Community Edition 2023.2.3\plugins\junit\lib\junit-rt.jar;C:\Users\sachi\OneDrive\Desktop\Trustrace\SpringBoot\Spring-boot-trustrace\target\test-classes;C:\Users\sachi\OneDrive\Desktop\Trustrace\SpringBoot\Spring-boot-trustrace\target\classes;C:\Users\sachi\.m2\repository\org\springframework\boot\spring-boot-starter-data-mongodb\3.2.0\spring-boot-starter-data-mongodb-3.2.0.jar;C:\Users\sachi\.m2\repository\org\springframework\boot\spring-boot-starter\3.2.0\spring-boot-starter-3.2.0.jar;C:\Users\sachi\.m2\repository\org\springframework\boot\spring-boot-starter-logging\3.2.0\spring-boot-starter-logging-3.2.0.jar;C:\Users\sachi\.m2\repository\ch\qos\logback\logback-classic\1.4.11\logback-classic-1.4.11.jar;C:\Users\sachi\.m2\repository\ch\qos\logback\logback-core\1.4.11\logback-core-1.4.11.jar;C:\Users\sachi\.m2\repository\org\apache\logging\log4j\log4j-to-slf4j\2.21.1\log4j-to-slf4j-2.21.1.jar;C:\Users\sachi\.m2\repository\org\apache\logging\log4j\log4j-api\2.21.1\log4j-api-2.21.1.jar;C:\Users\sachi\.m2\repository\org\slf4j\jul-to-slf4j\2.0.9\jul-to-slf4j-2.0.9.jar;C:\Users\sachi\.m2\repository\jakarta\annotation\jakarta.annotation-api\2.1.1\jakarta.annotation-api-2.1.1.jar;C:\Users\sachi\.m2\repository\org\yaml\snakeyaml\2.2\snakeyaml-2.2.jar;C:\Users\sachi\.m2\repository\org\mongodb\mongodb-driver-sync\4.11.1\mongodb-driver-sync-4.11.1.jar;C:\Users\sachi\.m2\repository\org\mongodb\bson\4.11.1\bson-4.11.1.jar;C:\Users\sachi\.m2\repository\org\mongodb\mongodb-driver-core\4.11.1\mongodb-driver-core-4.11.1.jar;C:\Users\sachi\.m2\repository\org\mongodb\bson-record-codec\4.11.1\bson-record-codec-4.11.1.jar;C:\Users\sachi\.m2\repository\org\springframework\data\spring-data-mongodb\4.2.0\spring-data-mongodb-4.2.0.jar;C:\Users\sachi\.m2\repository\org\springframework\spring-tx\6.1.1\spring-tx-6.1.1.jar;C:\Users\sachi\.m2\repository\org\springframework\spring-context\6.1.1\spring-context-6.1.1.jar;C:\Users\sachi\.m2\repository\org\springframework\spring-beans\6.1.1\spring-beans-6.1.1.jar;C:\Users\sachi\.m2\repository\org\springframework\spring-expression\6.1.1\spring-expression-6.1.1.jar;C:\Users\sachi\.m2\repository\org\springframework\data\spring-data-commons\3.2.0\spring-data-commons-3.2.0.jar;C:\Users\sachi\.m2\repository\org\slf4j\slf4j-api\2.0.9\slf4j-api-2.0.9.jar;C:\Users\sachi\.m2\repository\org\springframework\boot\spring-boot-starter-web\3.2.0\spring-boot-starter-web-3.2.0.jar;C:\Users\sachi\.m2\repository\org\springframework\boot\spring-boot-starter-json\3.2.0\spring-boot-starter-json-3.2.0.jar;C:\Users\sachi\.m2\repository\com\fasterxml\jackson\core\jackson-databind\2.15.3\jackson-databind-2.15.3.jar;C:\Users\sachi\.m2\repository\com\fasterxml\jackson\core\jackson-annotations\2.15.3\jackson-annotations-2.15.3.jar;C:\Users\sachi\.m2\repository\com\fasterxml\jackson\core\jackson-core\2.15.3\jackson-core-2.15.3.jar;C:\Users\sachi\.m2\repository\com\fasterxml\jackson\datatype\jackson-datatype-jdk8\2.15.3\jackson-datatype-jdk8-2.15.3.jar;C:\Users\sachi\.m2\repository\com\fasterxml\jackson\datatype\jackson-datatype-jsr310\2.15.3\jackson-datatype-jsr310-2.15.3.jar;C:\Users\sachi\.m2\repository\com\fasterxml\jackson\module\jackson-module-parameter-names\2.15.3\jackson-module-parameter-names-2.15.3.jar;C:\Users\sachi\.m2\repository\org\springframework\boot\spring-boot-starter-tomcat\3.2.0\spring-boot-starter-tomcat-3.2.0.jar;C:\Users\sachi\.m2\repository\org\apache\tomcat\embed\tomcat-embed-core\10.1.16\tomcat-embed-core-10.1.16.jar;C:\Users\sachi\.m2\repository\org\apache\tomcat\embed\tomcat-embed-el\10.1.16\tomcat-embed-el-10.1.16.jar;C:\Users\sachi\.m2\repository\org\apache\tomcat\embed\tomcat-embed-websocket\10.1.16\tomcat-embed-websocket-10.1.16.jar;C:\Users\sachi\.m2\repository\org\springframework\spring-web\6.1.1\spring-web-6.1.1.jar;C:\Users\sachi\.m2\repository\io\micrometer\micrometer-observation\1.12.0\micrometer-observation-1.12.0.jar;C:\Users\sachi\.m2\repository\io\micrometer\micrometer-commons\1.12.0\micrometer-commons-1.12.0.jar;C:\Users\sachi\.m2\repository\org\springframework\spring-webmvc\6.1.1\spring-webmvc-6.1.1.jar;C:\Users\sachi\.m2\repository\org\springframework\spring-aop\6.1.1\spring-aop-6.1.1.jar;C:\Users\sachi\.m2\repository\org\springframework\boot\spring-boot-devtools\3.2.0\spring-boot-devtools-3.2.0.jar;C:\Users\sachi\.m2\repository\org\springframework\boot\spring-boot\3.2.0\spring-boot-3.2.0.jar;C:\Users\sachi\.m2\repository\org\springframework\boot\spring-boot-autoconfigure\3.2.0\spring-boot-autoconfigure-3.2.0.jar;C:\Users\sachi\.m2\repository\org\projectlombok\lombok\1.18.30\lombok-1.18.30.jar;C:\Users\sachi\.m2\repository\org\springframework\boot\spring-boot-starter-test\3.2.0\spring-boot-starter-test-3.2.0.jar;C:\Users\sachi\.m2\repository\org\springframework\boot\spring-boot-test\3.2.0\spring-boot-test-3.2.0.jar;C:\Users\sachi\.m2\repository\org\springframework\boot\spring-boot-test-autoconfigure\3.2.0\spring-boot-test-autoconfigure-3.2.0.jar;C:\Users\sachi\.m2\repository\com\jayway\jsonpath\json-path\2.8.0\json-path-2.8.0.jar;C:\Users\sachi\.m2\repository\jakarta\xml\bind\jakarta.xml.bind-api\4.0.1\jakarta.xml.bind-api-4.0.1.jar;C:\Users\sachi\.m2\repository\jakarta\activation\jakarta.activation-api\2.1.2\jakarta.activation-api-2.1.2.jar;C:\Users\sachi\.m2\repository\net\minidev\json-smart\2.5.0\json-smart-2.5.0.jar;C:\Users\sachi\.m2\repository\net\minidev\accessors-smart\2.5.0\accessors-smart-2.5.0.jar;C:\Users\sachi\.m2\repository\org\ow2\asm\asm\9.3\asm-9.3.jar;C:\Users\sachi\.m2\repository\org\assertj\assertj-core\3.24.2\assertj-core-3.24.2.jar;C:\Users\sachi\.m2\repository\net\bytebuddy\byte-buddy\1.14.10\byte-buddy-1.14.10.jar;C:\Users\sachi\.m2\repository\org\awaitility\awaitility\4.2.0\awaitility-4.2.0.jar;C:\Users\sachi\.m2\repository\org\hamcrest\hamcrest\2.2\hamcrest-2.2.jar;C:\Users\sachi\.m2\repository\org\junit\jupiter\junit-jupiter\5.10.1\junit-jupiter-5.10.1.jar;C:\Users\sachi\.m2\repository\org\junit\jupiter\junit-jupiter-api\5.10.1\junit-jupiter-api-5.10.1.jar;C:\Users\sachi\.m2\repository\org\opentest4j\opentest4j\1.3.0\opentest4j-1.3.0.jar;C:\Users\sachi\.m2\repository\org\junit\platform\junit-platform-commons\1.10.1\junit-platform-commons-1.10.1.jar;C:\Users\sachi\.m2\repository\org\apiguardian\apiguardian-api\1.1.2\apiguardian-api-1.1.2.jar;C:\Users\sachi\.m2\repository\org\junit\jupiter\junit-jupiter-params\5.10.1\junit-jupiter-params-5.10.1.jar;C:\Users\sachi\.m2\repository\org\junit\jupiter\junit-jupiter-engine\5.10.1\junit-jupiter-engine-5.10.1.jar;C:\Users\sachi\.m2\repository\org\junit\platform\junit-platform-engine\1.10.1\junit-platform-engine-1.10.1.jar;C:\Users\sachi\.m2\repository\org\mockito\mockito-core\5.7.0\mockito-core-5.7.0.jar;C:\Users\sachi\.m2\repository\net\bytebuddy\byte-buddy-agent\1.14.10\byte-buddy-agent-1.14.10.jar;C:\Users\sachi\.m2\repository\org\objenesis\objenesis\3.3\objenesis-3.3.jar;C:\Users\sachi\.m2\repository\org\mockito\mockito-junit-jupiter\5.7.0\mockito-junit-jupiter-5.7.0.jar;C:\Users\sachi\.m2\repository\org\skyscreamer\jsonassert\1.5.1\jsonassert-1.5.1.jar;C:\Users\sachi\.m2\repository\com\vaadin\external\google\android-json\0.0.20131108.vaadin1\android-json-0.0.20131108.vaadin1.jar;C:\Users\sachi\.m2\repository\org\springframework\spring-core\6.1.1\spring-core-6.1.1.jar;C:\Users\sachi\.m2\repository\org\springframework\spring-jcl\6.1.1\spring-jcl-6.1.1.jar;C:\Users\sachi\.m2\repository\org\springframework\spring-test\6.1.1\spring-test-6.1.1.jar;C:\Users\sachi\.m2\repository\org\xmlunit\xmlunit-core\2.9.1\xmlunit-core-2.9.1.jar
Launcher Type: SUN_STANDARD

[Global flags]
     intx CICompilerCount                          = 4                                         {product} {ergonomic}
     uint ConcGCThreads                            = 2                                         {product} {ergonomic}
     uint G1ConcRefinementThreads                  = 8                                         {product} {ergonomic}
   size_t G1HeapRegionSize                         = 1048576                                   {product} {ergonomic}
    uintx GCDrainStackTargetSize                   = 64                                        {product} {ergonomic}
   size_t InitialHeapSize                          = 132120576                                 {product} {ergonomic}
   size_t MarkStackSize                            = 4194304                                   {product} {ergonomic}
   size_t MaxHeapSize                              = 2082471936                                {product} {ergonomic}
   size_t MaxNewSize                               = 1248854016                                {product} {ergonomic}
   size_t MinHeapDeltaBytes                        = 1048576                                   {product} {ergonomic}
   size_t MinHeapSize                              = 8388608                                   {product} {ergonomic}
    uintx NonNMethodCodeHeapSize                   = 5839372                                {pd product} {ergonomic}
    uintx NonProfiledCodeHeapSize                  = 122909434                              {pd product} {ergonomic}
    uintx ProfiledCodeHeapSize                     = 122909434                              {pd product} {ergonomic}
    uintx ReservedCodeCacheSize                    = 251658240                              {pd product} {ergonomic}
     bool SegmentedCodeCache                       = true                                      {product} {ergonomic}
   size_t SoftMaxHeapSize                          = 2082471936                             {manageable} {ergonomic}
     bool UseCompressedOops                        = true                           {product lp64_product} {ergonomic}
     bool UseG1GC                                  = true                                      {product} {ergonomic}
     bool UseLargePagesIndividualAllocation        = false                                  {pd product} {ergonomic}

Logging:
Log output configuration:
 #0: stdout all=warning uptime,level,tags foldmultilines=false
 #1: stderr all=off uptime,level,tags foldmultilines=false

Environment Variables:
PATH=C:\Program Files\Common Files\Oracle\Java\javapath;C:\Program Files\NVIDIA GPU Computing Toolkit\CUDA\v12.0\bin;C:\Program Files\NVIDIA GPU Computing Toolkit\CUDA\v12.0\libnvvp;C:\windows\system32;C:\windows;C:\windows\System32\Wbem;C:\windows\System32\WindowsPowerShell\v1.0\;C:\windows\System32\OpenSSH\;C:\Program Files (x86)\NVIDIA Corporation\PhysX\Common;C:\Program Files\NVIDIA Corporation\NVIDIA NvDLISR;C:\Program Files\Microsoft SQL Server\150\Tools\Binn\;C:\Program Files\nodejs\;C:\Program Files\Git\cmd;C:\Program Files\NVIDIA Corporation\Nsight Compute 2022.2.0\;C:\WINDOWS\system32;C:\WINDOWS;C:\WINDOWS\System32\Wbem;C:\WINDOWS\System32\WindowsPowerShell\v1.0\;C:\WINDOWS\System32\OpenSSH\;C:\Program Files\JetBrains\IntelliJ IDEA Community Edition 2023.2.2\bin;C:\Program Files\MySQL\MySQL Server 8.0\bin;C:\Program Files\MongoDB\Server\7.0\bin;C:\Program Files\MongoDB\mongosh-2.0.1-win32-x64\bin;C:\Users\sachi\Downloads\apache-maven-3.9.5-bin\apache-maven-3.9.5\bin;C:\Program Files\MySQL\MySQL Shell 8.0\bin\;C:\Users\sachi\anaconda3;C:\Users\sachi\anaconda3\Library\mingw-w64\bin;C:\Users\sachi\anaconda3\Library\usr\bin;C:\Users\sachi\anaconda3\Library\bin;C:\Users\sachi\anaconda3\Scripts;C:\Users\sachi\AppData\Local\Programs\Python\Python311\Scripts\;C:\Users\sachi\AppData\Local\Programs\Python\Python311\;C:\Users\sachi\AppData\Local\Microsoft\WindowsApps;C:\Users\sachi\AppData\Local\Programs\Microsoft VS Code\bin;C:\Users\sachi\AppData\Roaming\npm;C:\platform-tools;C:\Program Files\JetBrains\IntelliJ IDEA 2023.2.2\bin;;C:\Program Files\JetBrains\IntelliJ IDEA Community Edition 2023.2.3\bin;;
USERNAME=sachi
OS=Windows_NT
PROCESSOR_IDENTIFIER=Intel64 Family 6 Model 140 Stepping 1, GenuineIntel
TMP=C:\Users\sachi\AppData\Local\Temp
TEMP=C:\Users\sachi\AppData\Local\Temp




Periodic native trim disabled

---------------  S Y S T E M  ---------------

OS:
 Windows 11 , 64 bit Build 22621 (10.0.22621.2506)
OS uptime: 0 days 1:58 hours
Hyper-V role detected

CPU: total 8 (initial active 8) (4 cores per cpu, 2 threads per core) family 6 model 140 stepping 1 microcode 0xac, cx8, cmov, fxsr, ht, mmx, 3dnowpref, sse, sse2, sse3, ssse3, sse4.1, sse4.2, popcnt, lzcnt, tsc, tscinvbit, avx, avx2, aes, erms, clmul, bmi1, bmi2, adx, avx512f, avx512dq, avx512cd, avx512bw, avx512vl, sha, fma, vzeroupper, avx512_vpopcntdq, avx512_vpclmulqdq, avx512_vaes, avx512_vnni, clflush, clflushopt, clwb, avx512_vbmi2, avx512_vbmi, hv, rdtscp, rdpid, fsrm, gfni, avx512_bitalg, f16c, cet_ibt, cet_ss, avx512_ifma
Processor Information for all 8 processors :
  Max Mhz: 3110, Current Mhz: 3110, Mhz Limit: 3110

Memory: 4k page, system-wide physical 7937M (390M free)
TotalPageFile size 12016M (AvailPageFile size 3M)
current process WorkingSet (physical memory assigned to process): 111M, peak: 112M
current process commit charge ("private bytes"): 251M, peak: 253M

vm_info: Java HotSpot(TM) 64-Bit Server VM (21.0.1+12-LTS-29) for windows-amd64 JRE (21.0.1+12-LTS-29), built on 2023-10-05T13:27:09Z by "mach5one" with MS VC++ 17.1 (VS2022)

END.
