#
# There is insufficient memory for the Java Runtime Environment to continue.
# Native memory allocation (mmap) failed to map 132120576 bytes for G1 virtual space
# Possible reasons:
#   The system is out of physical RAM or swap space
#   The process is running with CompressedOops enabled, and the Java Heap may be blocking the growth of the native heap
# Possible solutions:
#   Reduce memory load on the system
#   Increase physical memory or swap space
#   Check if swap backing store is full
#   Decrease Java heap size (-Xmx/-Xms)
#   Decrease number of Java threads
#   Decrease Java thread stack sizes (-Xss)
#   Set larger code cache with -XX:ReservedCodeCacheSize=
#   JVM is running with Unscaled Compressed Oops mode in which the Java heap is
#     placed in the first 4GB address space. The Java Heap base address is the
#     maximum limit for the native heap growth. Please use -XX:HeapBaseMinAddress
#     to set the Java Heap base and to place the Java Heap above 4GB virtual address.
# This output file may be truncated or incomplete.
#
#  Out of Memory Error (os_windows.cpp:3600), pid=17232, tid=20004
#
# JRE version:  (21.0.1+12) (build )
# Java VM: Java HotSpot(TM) 64-Bit Server VM (21.0.1+12-LTS-29, mixed mode, sharing, tiered, compressed oops, compressed class ptrs, g1 gc, windows-amd64)
# No core dump will be written. Minidumps are not enabled by default on client versions of Windows
#

---------------  S U M M A R Y ------------

Command Line: -Dclassworlds.conf=C:\\Users\\sachi\\Downloads\\apache-maven-3.9.5-bin\\apache-maven-3.9.5\\bin\\m2.conf -Dmaven.home=C:\\Users\\sachi\\Downloads\\apache-maven-3.9.5-bin\\apache-maven-3.9.5 -Dlibrary.jansi.path=C:\\Users\\sachi\\Downloads\\apache-maven-3.9.5-bin\\apache-maven-3.9.5\\lib\\jansi-native -Dmaven.multiModuleProjectDirectory=C:\\Users\\sachi\\OneDrive\\Desktop\\Trustrace\\SpringBoot\\Spring-boot-trustrace org.codehaus.plexus.classworlds.launcher.Launcher spring-boot:run

Host: 11th Gen Intel(R) Core(TM) i5-11300H @ 3.10GHz, 8 cores, 7G,  Windows 11 , 64 bit Build 22621 (10.0.22621.2506)
Time: Fri Dec  8 14:35:02 2023 India Standard Time elapsed time: 0.045201 seconds (0d 0h 0m 0s)

---------------  T H R E A D  ---------------

Current thread (0x000001c3ad1af180):  JavaThread "Unknown thread" [_thread_in_vm, id=20004, stack(0x0000001a34600000,0x0000001a34700000) (1024K)]

Stack: [0x0000001a34600000,0x0000001a34700000]
Native frames: (J=compiled Java code, j=interpreted, Vv=VM code, C=native code)
V  [jvm.dll+0x6c9029]
V  [jvm.dll+0x854b81]
V  [jvm.dll+0x856e5e]
V  [jvm.dll+0x857543]
V  [jvm.dll+0x280c06]
V  [jvm.dll+0x6c5715]
V  [jvm.dll+0x6ba10a]
V  [jvm.dll+0x3557ea]
V  [jvm.dll+0x35d436]
V  [jvm.dll+0x3ae1be]
V  [jvm.dll+0x3ae468]
V  [jvm.dll+0x3291fc]
V  [jvm.dll+0x329d8b]
V  [jvm.dll+0x81d179]
V  [jvm.dll+0x3bb4f1]
V  [jvm.dll+0x805ae8]
V  [jvm.dll+0x44effe]
V  [jvm.dll+0x450901]
C  [jli.dll+0x52a3]
C  [ucrtbase.dll+0x29363]
C  [KERNEL32.DLL+0x1257d]
C  [ntdll.dll+0x5aa58]


---------------  P R O C E S S  ---------------

Threads class SMR info:
_java_thread_list=0x00007ff801c09b88, length=0, elements={
}

Java Threads: ( => current thread )
Total: 0

Other Threads:
  0x000001c3ad3fa170 WorkerThread "GC Thread#0"                     [id=21940, stack(0x0000001a34700000,0x0000001a34800000) (1024K)]
  0x000001c3ad40ca10 ConcurrentGCThread "G1 Main Marker"            [id=20700, stack(0x0000001a34800000,0x0000001a34900000) (1024K)]
  0x000001c3ad40d420 WorkerThread "G1 Conc#0"                       [id=18964, stack(0x0000001a34900000,0x0000001a34a00000) (1024K)]

[error occurred during error reporting (printing all threads), id 0xc0000005, EXCEPTION_ACCESS_VIOLATION (0xc0000005) at pc=0x00007ff80137c2c7]
VM state: not at safepoint (not fully initialized)

VM Mutex/Monitor currently owned by a thread:  ([mutex/lock_event])
[0x00007ff801c7a6f8] Heap_lock - owner thread: 0x000001c3ad1af180

Heap address: 0x0000000083e00000, size: 1986 MB, Compressed Oops mode: 32-bit

CDS archive(s) mapped at: [0x0000000000000000-0x0000000000000000-0x0000000000000000), size 0, SharedBaseAddress: 0x0000000800000000, ArchiveRelocationMode: 1.
Narrow klass base: 0x0000000000000000, Narrow klass shift: 0, Narrow klass range: 0x0

GC Precious Log:
 CardTable entry size: 512
 Card Set container configuration: InlinePtr #cards 5 size 8 Array Of Cards #cards 12 size 40 Howl #buckets 4 coarsen threshold 1843 Howl Bitmap #cards 512 size 80 coarsen threshold 460 Card regions per heap region 1 cards per card region 2048

Heap:
 garbage-first heap   total 0K, used 0K [0x0000000083e00000, 0x0000000100000000)
  region size 1024K, 0 young (0K), 0 survivors (0K)

[error occurred during error reporting (printing heap information), id 0xc0000005, EXCEPTION_ACCESS_VIOLATION (0xc0000005) at pc=0x00007ff801761be9]
GC Heap History (0 events):
No events

Dll operation events (1 events):
Event: 0.024 Loaded shared library C:\Program Files\Java\jdk-21\bin\java.dll

Deoptimization events (0 events):
No events

Classes loaded (0 events):
No events

Classes unloaded (0 events):
No events

Classes redefined (0 events):
No events

Internal exceptions (0 events):
No events

ZGC Phase Switch (0 events):
No events

VM Operations (0 events):
No events

Events (0 events):
No events


Dynamic libraries:
0x00007ff6fb2f0000 - 0x00007ff6fb300000 	C:\Program Files\Java\jdk-21\bin\java.exe
0x00007ff8906f0000 - 0x00007ff890907000 	C:\WINDOWS\SYSTEM32\ntdll.dll
0x00007ff88fb40000 - 0x00007ff88fc04000 	C:\WINDOWS\System32\KERNEL32.DLL
0x00007ff88da60000 - 0x00007ff88de05000 	C:\WINDOWS\System32\KERNELBASE.dll
0x00007ff88e070000 - 0x00007ff88e181000 	C:\WINDOWS\System32\ucrtbase.dll
0x00007ff86e920000 - 0x00007ff86e939000 	C:\Program Files\Java\jdk-21\bin\jli.dll
0x00007ff8680c0000 - 0x00007ff8680db000 	C:\Program Files\Java\jdk-21\bin\VCRUNTIME140.dll
0x00007ff8905d0000 - 0x00007ff890681000 	C:\WINDOWS\System32\ADVAPI32.dll
0x00007ff88e660000 - 0x00007ff88e707000 	C:\WINDOWS\System32\msvcrt.dll
0x00007ff88e480000 - 0x00007ff88e526000 	C:\WINDOWS\System32\sechost.dll
0x00007ff88eaa0000 - 0x00007ff88ebb7000 	C:\WINDOWS\System32\RPCRT4.dll
0x00007ff88e8e0000 - 0x00007ff88ea8e000 	C:\WINDOWS\System32\USER32.dll
0x00007ff88e410000 - 0x00007ff88e436000 	C:\WINDOWS\System32\win32u.dll
0x00007ff86fd80000 - 0x00007ff870013000 	C:\WINDOWS\WinSxS\amd64_microsoft.windows.common-controls_6595b64144ccf1df_6.0.22621.2506_none_270c5ae97388e100\COMCTL32.dll
0x00007ff88f630000 - 0x00007ff88f659000 	C:\WINDOWS\System32\GDI32.dll
0x00007ff88e2f0000 - 0x00007ff88e409000 	C:\WINDOWS\System32\gdi32full.dll
0x00007ff88e250000 - 0x00007ff88e2ea000 	C:\WINDOWS\System32\msvcp_win.dll
0x00007ff882db0000 - 0x00007ff882dba000 	C:\WINDOWS\SYSTEM32\VERSION.dll
0x00007ff88e440000 - 0x00007ff88e471000 	C:\WINDOWS\System32\IMM32.DLL
0x00007ff8776c0000 - 0x00007ff8776cc000 	C:\Program Files\Java\jdk-21\bin\vcruntime140_1.dll
0x00007ff867130000 - 0x00007ff8671be000 	C:\Program Files\Java\jdk-21\bin\msvcp140.dll
0x00007ff801040000 - 0x00007ff801d55000 	C:\Program Files\Java\jdk-21\bin\server\jvm.dll
0x00007ff890550000 - 0x00007ff8905c1000 	C:\WINDOWS\System32\WS2_32.dll
0x00007ff884430000 - 0x00007ff884464000 	C:\WINDOWS\SYSTEM32\WINMM.dll
0x00007ff88c8b0000 - 0x00007ff88c8fd000 	C:\WINDOWS\SYSTEM32\POWRPROF.dll
0x00007ff88c870000 - 0x00007ff88c883000 	C:\WINDOWS\SYSTEM32\UMPDC.dll
0x00007ff88cb50000 - 0x00007ff88cb68000 	C:\WINDOWS\SYSTEM32\kernel.appcore.dll
0x00007ff870770000 - 0x00007ff87077a000 	C:\Program Files\Java\jdk-21\bin\jimage.dll
0x00007ff88b230000 - 0x00007ff88b463000 	C:\WINDOWS\SYSTEM32\DBGHELP.DLL
0x00007ff8901c0000 - 0x00007ff890549000 	C:\WINDOWS\System32\combase.dll
0x00007ff88fd20000 - 0x00007ff88fdf7000 	C:\WINDOWS\System32\OLEAUT32.dll
0x00007ff87e7e0000 - 0x00007ff87e812000 	C:\WINDOWS\SYSTEM32\dbgcore.DLL
0x00007ff88df80000 - 0x00007ff88dffa000 	C:\WINDOWS\System32\bcryptPrimitives.dll
0x00007ff8680a0000 - 0x00007ff8680bf000 	C:\Program Files\Java\jdk-21\bin\java.dll

dbghelp: loaded successfully - version: 4.0.5 - missing functions: none
symbol engine: initialized successfully - sym options: 0x614 - pdb path: .;C:\Program Files\Java\jdk-21\bin;C:\WINDOWS\SYSTEM32;C:\WINDOWS\WinSxS\amd64_microsoft.windows.common-controls_6595b64144ccf1df_6.0.22621.2506_none_270c5ae97388e100;C:\Program Files\Java\jdk-21\bin\server

VM Arguments:
jvm_args: -Dclassworlds.conf=C:\\Users\\sachi\\Downloads\\apache-maven-3.9.5-bin\\apache-maven-3.9.5\\bin\\m2.conf -Dmaven.home=C:\\Users\\sachi\\Downloads\\apache-maven-3.9.5-bin\\apache-maven-3.9.5 -Dlibrary.jansi.path=C:\\Users\\sachi\\Downloads\\apache-maven-3.9.5-bin\\apache-maven-3.9.5\\lib\\jansi-native -Dmaven.multiModuleProjectDirectory=C:\\Users\\sachi\\OneDrive\\Desktop\\Trustrace\\SpringBoot\\Spring-boot-trustrace 
java_command: org.codehaus.plexus.classworlds.launcher.Launcher spring-boot:run
java_class_path (initial): C:\\Users\\sachi\\Downloads\\apache-maven-3.9.5-bin\\apache-maven-3.9.5\\boot\\plexus-classworlds-2.7.0.jar
Launcher Type: SUN_STANDARD

[Global flags]
     intx CICompilerCount                          = 4                                         {product} {ergonomic}
     uint ConcGCThreads                            = 2                                         {product} {ergonomic}
     uint G1ConcRefinementThreads                  = 8                                         {product} {ergonomic}
   size_t G1HeapRegionSize                         = 1048576                                   {product} {ergonomic}
    uintx GCDrainStackTargetSize                   = 64                                        {product} {ergonomic}
   size_t InitialHeapSize                          = 132120576                                 {product} {ergonomic}
   size_t MarkStackSize                            = 4194304                                   {product} {ergonomic}
   size_t MaxHeapSize                              = 2082471936                                {product} {ergonomic}
   size_t MinHeapDeltaBytes                        = 1048576                                   {product} {ergonomic}
   size_t MinHeapSize                              = 8388608                                   {product} {ergonomic}
    uintx NonNMethodCodeHeapSize                   = 5839372                                {pd product} {ergonomic}
    uintx NonProfiledCodeHeapSize                  = 122909434                              {pd product} {ergonomic}
    uintx ProfiledCodeHeapSize                     = 122909434                              {pd product} {ergonomic}
    uintx ReservedCodeCacheSize                    = 251658240                              {pd product} {ergonomic}
     bool SegmentedCodeCache                       = true                                      {product} {ergonomic}
   size_t SoftMaxHeapSize                          = 2082471936                             {manageable} {ergonomic}
     bool UseCompressedOops                        = true                           {product lp64_product} {ergonomic}
     bool UseG1GC                                  = true                                      {product} {ergonomic}
     bool UseLargePagesIndividualAllocation        = false                                  {pd product} {ergonomic}

Logging:
Log output configuration:
 #0: stdout all=warning uptime,level,tags foldmultilines=false
 #1: stderr all=off uptime,level,tags foldmultilines=false

Environment Variables:
PATH=C:\Program Files\Common Files\Oracle\Java\javapath;C:\Program Files\NVIDIA GPU Computing Toolkit\CUDA\v12.0\bin;C:\Program Files\NVIDIA GPU Computing Toolkit\CUDA\v12.0\libnvvp;C:\windows\system32;C:\windows;C:\windows\System32\Wbem;C:\windows\System32\WindowsPowerShell\v1.0\;C:\windows\System32\OpenSSH\;C:\Program Files (x86)\NVIDIA Corporation\PhysX\Common;C:\Program Files\NVIDIA Corporation\NVIDIA NvDLISR;C:\Program Files\Microsoft SQL Server\150\Tools\Binn\;C:\Program Files\nodejs\;C:\Program Files\Git\cmd;C:\Program Files\NVIDIA Corporation\Nsight Compute 2022.2.0\;C:\WINDOWS\system32;C:\WINDOWS;C:\WINDOWS\System32\Wbem;C:\WINDOWS\System32\WindowsPowerShell\v1.0\;C:\WINDOWS\System32\OpenSSH\;C:\Program Files\JetBrains\IntelliJ IDEA Community Edition 2023.2.2\bin;C:\Program Files\MySQL\MySQL Server 8.0\bin;C:\Program Files\MongoDB\Server\7.0\bin;C:\Program Files\MongoDB\mongosh-2.0.1-win32-x64\bin;C:\Users\sachi\Downloads\apache-maven-3.9.5-bin\apache-maven-3.9.5\bin;C:\Program Files\MySQL\MySQL Shell 8.0\bin\;C:\Users\sachi\anaconda3;C:\Users\sachi\anaconda3\Library\mingw-w64\bin;C:\Users\sachi\anaconda3\Library\usr\bin;C:\Users\sachi\anaconda3\Library\bin;C:\Users\sachi\anaconda3\Scripts;C:\Users\sachi\AppData\Local\Programs\Python\Python311\Scripts\;C:\Users\sachi\AppData\Local\Programs\Python\Python311\;C:\Users\sachi\AppData\Local\Microsoft\WindowsApps;C:\Users\sachi\AppData\Local\Programs\Microsoft VS Code\bin;C:\Users\sachi\AppData\Roaming\npm;C:\platform-tools;C:\Program Files\JetBrains\IntelliJ IDEA 2023.2.2\bin;;C:\Program Files\JetBrains\IntelliJ IDEA Community Edition 2023.2.3\bin;;
USERNAME=sachi
LANG=en_US.UTF-8
OS=Windows_NT
PROCESSOR_IDENTIFIER=Intel64 Family 6 Model 140 Stepping 1, GenuineIntel
TMP=C:\Users\sachi\AppData\Local\Temp
TEMP=C:\Users\sachi\AppData\Local\Temp




Periodic native trim disabled

---------------  S Y S T E M  ---------------

OS:
 Windows 11 , 64 bit Build 22621 (10.0.22621.2506)
OS uptime: 0 days 1:45 hours
Hyper-V role detected

CPU: total 8 (initial active 8) (4 cores per cpu, 2 threads per core) family 6 model 140 stepping 1 microcode 0xac, cx8, cmov, fxsr, ht, mmx, 3dnowpref, sse, sse2, sse3, ssse3, sse4.1, sse4.2, popcnt, lzcnt, tsc, tscinvbit, avx, avx2, aes, erms, clmul, bmi1, bmi2, adx, avx512f, avx512dq, avx512cd, avx512bw, avx512vl, sha, fma, vzeroupper, avx512_vpopcntdq, avx512_vpclmulqdq, avx512_vaes, avx512_vnni, clflush, clflushopt, clwb, avx512_vbmi2, avx512_vbmi, hv, rdtscp, rdpid, fsrm, gfni, avx512_bitalg, f16c, cet_ibt, cet_ss, avx512_ifma
Processor Information for processor 0
  Max Mhz: 3110, Current Mhz: 3110, Mhz Limit: 3110
Processor Information for processor 1
  Max Mhz: 3110, Current Mhz: 3110, Mhz Limit: 3110
Processor Information for processor 2
  Max Mhz: 3110, Current Mhz: 1203, Mhz Limit: 3110
Processor Information for processor 3
  Max Mhz: 3110, Current Mhz: 3110, Mhz Limit: 3110
Processor Information for processor 4
  Max Mhz: 3110, Current Mhz: 3110, Mhz Limit: 3110
Processor Information for processor 5
  Max Mhz: 3110, Current Mhz: 3110, Mhz Limit: 3110
Processor Information for processor 6
  Max Mhz: 3110, Current Mhz: 3110, Mhz Limit: 3110
Processor Information for processor 7
  Max Mhz: 3110, Current Mhz: 3110, Mhz Limit: 3110

Memory: 4k page, system-wide physical 7937M (452M free)
TotalPageFile size 12016M (AvailPageFile size 58M)
current process WorkingSet (physical memory assigned to process): 11M, peak: 11M
current process commit charge ("private bytes"): 60M, peak: 186M

vm_info: Java HotSpot(TM) 64-Bit Server VM (21.0.1+12-LTS-29) for windows-amd64 JRE (21.0.1+12-LTS-29), built on 2023-10-05T13:27:09Z by "mach5one" with MS VC++ 17.1 (VS2022)

END.
