#
# There is insufficient memory for the Java Runtime Environment to continue.
# Native memory allocation (mmap) failed to map 65536 bytes for Failed to commit metaspace.
# Possible reasons:
#   The system is out of physical RAM or swap space
#   The process is running with CompressedOops enabled, and the Java Heap may be blocking the growth of the native heap
# Possible solutions:
#   Reduce memory load on the system
#   Increase physical memory or swap space
#   Check if swap backing store is full
#   Decrease Java heap size (-Xmx/-Xms)
#   Decrease number of Java threads
#   Decrease Java thread stack sizes (-Xss)
#   Set larger code cache with -XX:ReservedCodeCacheSize=
#   JVM is running with Unscaled Compressed Oops mode in which the Java heap is
#     placed in the first 4GB address space. The Java Heap base address is the
#     maximum limit for the native heap growth. Please use -XX:HeapBaseMinAddress
#     to set the Java Heap base and to place the Java Heap above 4GB virtual address.
# This output file may be truncated or incomplete.
#
#  Out of Memory Error (virtualSpaceNode.cpp:112), pid=18192, tid=15924
#
# JRE version: Java(TM) SE Runtime Environment (21.0.1+12) (build 21.0.1+12-LTS-29)
# Java VM: Java HotSpot(TM) 64-Bit Server VM (21.0.1+12-LTS-29, mixed mode, sharing, tiered, compressed oops, compressed class ptrs, g1 gc, windows-amd64)
# No core dump will be written. Minidumps are not enabled by default on client versions of Windows
#

---------------  S U M M A R Y ------------

Command Line: -Dclassworlds.conf=C:\\Users\\sachi\\Downloads\\apache-maven-3.9.5-bin\\apache-maven-3.9.5\\bin\\m2.conf -Dmaven.home=C:\\Users\\sachi\\Downloads\\apache-maven-3.9.5-bin\\apache-maven-3.9.5 -Dlibrary.jansi.path=C:\\Users\\sachi\\Downloads\\apache-maven-3.9.5-bin\\apache-maven-3.9.5\\lib\\jansi-native -Dmaven.multiModuleProjectDirectory=C:\\Users\\sachi\\OneDrive\\Desktop\\Trustrace\\SpringBoot\\Spring-boot-trustrace org.codehaus.plexus.classworlds.launcher.Launcher spring-boot:run

Host: 11th Gen Intel(R) Core(TM) i5-11300H @ 3.10GHz, 8 cores, 7G,  Windows 11 , 64 bit Build 22621 (10.0.22621.2506)
Time: Mon Dec 11 11:01:17 2023 India Standard Time elapsed time: 1.282626 seconds (0d 0h 0m 1s)

---------------  T H R E A D  ---------------

Current thread (0x0000022a267bdda0):  JavaThread "C1 CompilerThread0" daemon [_thread_in_vm, id=15924, stack(0x0000002fd3c00000,0x0000002fd3d00000) (1024K)]


Current CompileTask:
C1:   1282 2607       3       java.lang.invoke.LambdaFormEditor$TransformKey::of (49 bytes)

Stack: [0x0000002fd3c00000,0x0000002fd3d00000]
Native frames: (J=compiled Java code, j=interpreted, Vv=VM code, C=native code)
V  [jvm.dll+0x6c9029]
V  [jvm.dll+0x854b81]
V  [jvm.dll+0x856e5e]
V  [jvm.dll+0x857543]
V  [jvm.dll+0x280c06]
V  [jvm.dll+0x8508ae]
V  [jvm.dll+0x66ca45]
V  [jvm.dll+0x66caaa]
V  [jvm.dll+0x66f2a6]
V  [jvm.dll+0x66f172]
V  [jvm.dll+0x66d41e]
V  [jvm.dll+0x67e69a]
V  [jvm.dll+0x677932]
V  [jvm.dll+0x1f4390]
V  [jvm.dll+0x1f4578]
V  [jvm.dll+0x166926]
V  [jvm.dll+0x166776]
V  [jvm.dll+0x15e298]
V  [jvm.dll+0x16050d]
V  [jvm.dll+0x15eb35]
V  [jvm.dll+0x15884e]
V  [jvm.dll+0x168436]
V  [jvm.dll+0x153c00]
V  [jvm.dll+0x153f83]
V  [jvm.dll+0x154244]
V  [jvm.dll+0x153686]
V  [jvm.dll+0x1553ed]
V  [jvm.dll+0x2586b9]
V  [jvm.dll+0x256c9a]
V  [jvm.dll+0x3ef1b6]
V  [jvm.dll+0x7fd728]
V  [jvm.dll+0x6c777d]
C  [ucrtbase.dll+0x29363]
C  [KERNEL32.DLL+0x1257d]
C  [ntdll.dll+0x5aa58]


---------------  P R O C E S S  ---------------

Threads class SMR info:
_java_thread_list=0x0000022a6c940ec0, length=13, elements={
0x0000022a07ce1150, 0x0000022a267a5330, 0x0000022a267a6340, 0x0000022a267aa210,
0x0000022a267abd70, 0x0000022a267aca70, 0x0000022a267ad8a0, 0x0000022a267ba2e0,
0x0000022a267bdda0, 0x0000022a26a43960, 0x0000022a26a35dd0, 0x0000022a6c947010,
0x0000022a6c43da60
}

Java Threads: ( => current thread )
  0x0000022a07ce1150 JavaThread "main"                              [_thread_in_vm, id=15276, stack(0x0000002fd2d00000,0x0000002fd2e00000) (1024K)]
  0x0000022a267a5330 JavaThread "Reference Handler"          daemon [_thread_blocked, id=1520, stack(0x0000002fd3500000,0x0000002fd3600000) (1024K)]
  0x0000022a267a6340 JavaThread "Finalizer"                  daemon [_thread_blocked, id=16704, stack(0x0000002fd3600000,0x0000002fd3700000) (1024K)]
  0x0000022a267aa210 JavaThread "Signal Dispatcher"          daemon [_thread_blocked, id=14404, stack(0x0000002fd3700000,0x0000002fd3800000) (1024K)]
  0x0000022a267abd70 JavaThread "Attach Listener"            daemon [_thread_blocked, id=14932, stack(0x0000002fd3800000,0x0000002fd3900000) (1024K)]
  0x0000022a267aca70 JavaThread "Service Thread"             daemon [_thread_blocked, id=15884, stack(0x0000002fd3900000,0x0000002fd3a00000) (1024K)]
  0x0000022a267ad8a0 JavaThread "Monitor Deflation Thread"   daemon [_thread_blocked, id=18676, stack(0x0000002fd3a00000,0x0000002fd3b00000) (1024K)]
  0x0000022a267ba2e0 JavaThread "C2 CompilerThread0"         daemon [_thread_blocked, id=14936, stack(0x0000002fd3b00000,0x0000002fd3c00000) (1024K)]
=>0x0000022a267bdda0 JavaThread "C1 CompilerThread0"         daemon [_thread_in_vm, id=15924, stack(0x0000002fd3c00000,0x0000002fd3d00000) (1024K)]
  0x0000022a26a43960 JavaThread "Notification Thread"        daemon [_thread_blocked, id=2912, stack(0x0000002fd3d00000,0x0000002fd3e00000) (1024K)]
  0x0000022a26a35dd0 JavaThread "Common-Cleaner"             daemon [_thread_blocked, id=18964, stack(0x0000002fd3e00000,0x0000002fd3f00000) (1024K)]
  0x0000022a6c947010 JavaThread "C2 CompilerThread1"         daemon [_thread_blocked, id=9136, stack(0x0000002fd3f00000,0x0000002fd4000000) (1024K)]
  0x0000022a6c43da60 JavaThread "C2 CompilerThread2"         daemon [_thread_blocked, id=11116, stack(0x0000002fd4000000,0x0000002fd4100000) (1024K)]
Total: 13

Other Threads:
  0x0000022a07cbe930 VMThread "VM Thread"                           [id=19188, stack(0x0000002fd3400000,0x0000002fd3500000) (1024K)]
  0x0000022a26770810 WatcherThread "VM Periodic Task Thread"        [id=6460, stack(0x0000002fd3300000,0x0000002fd3400000) (1024K)]
  0x0000022a07cbfef0 WorkerThread "GC Thread#0"                     [id=14396, stack(0x0000002fd2e00000,0x0000002fd2f00000) (1024K)]
  0x0000022a07cbecd0 WorkerThread "GC Thread#1"                     [id=5576, stack(0x0000002fd4100000,0x0000002fd4200000) (1024K)]
  0x0000022a07cc0290 WorkerThread "GC Thread#2"                     [id=13792, stack(0x0000002fd4200000,0x0000002fd4300000) (1024K)]
  0x0000022a6ce7afd0 WorkerThread "GC Thread#3"                     [id=18712, stack(0x0000002fd4300000,0x0000002fd4400000) (1024K)]
  0x0000022a6ce79a10 WorkerThread "GC Thread#4"                     [id=13556, stack(0x0000002fd4400000,0x0000002fd4500000) (1024K)]
  0x0000022a6ce7b370 WorkerThread "GC Thread#5"                     [id=14908, stack(0x0000002fd4500000,0x0000002fd4600000) (1024K)]
  0x0000022a6ce79670 WorkerThread "GC Thread#6"                     [id=9564, stack(0x0000002fd4600000,0x0000002fd4700000) (1024K)]
  0x0000022a6ce78b90 WorkerThread "GC Thread#7"                     [id=18564, stack(0x0000002fd4700000,0x0000002fd4800000) (1024K)]
  0x0000022a09f6d100 ConcurrentGCThread "G1 Main Marker"            [id=2464, stack(0x0000002fd2f00000,0x0000002fd3000000) (1024K)]
  0x0000022a07cbfb50 WorkerThread "G1 Conc#0"                       [id=11340, stack(0x0000002fd3000000,0x0000002fd3100000) (1024K)]
  0x0000022a09fce6e0 ConcurrentGCThread "G1 Refine#0"               [id=14612, stack(0x0000002fd3100000,0x0000002fd3200000) (1024K)]
  0x0000022a26647440 ConcurrentGCThread "G1 Service"                [id=8316, stack(0x0000002fd3200000,0x0000002fd3300000) (1024K)]
Total: 14

Threads with active compile tasks:
C1 CompilerThread0     1296 2607       3       java.lang.invoke.LambdaFormEditor$TransformKey::of (49 bytes)
Total: 1

VM state: not at safepoint (normal execution)

VM Mutex/Monitor currently owned by a thread:  ([mutex/lock_event])
[0x00007ffd8f1b8578] Metaspace_lock - owner thread: 0x0000022a267bdda0

Heap address: 0x0000000083e00000, size: 1986 MB, Compressed Oops mode: 32-bit

CDS archive(s) mapped at: [0x0000022a27000000-0x0000022a27c90000-0x0000022a27c90000), size 13172736, SharedBaseAddress: 0x0000022a27000000, ArchiveRelocationMode: 1.
Compressed class space mapped at: 0x0000022a28000000-0x0000022a68000000, reserved size: 1073741824
Narrow klass base: 0x0000022a27000000, Narrow klass shift: 0, Narrow klass range: 0x100000000

GC Precious Log:
 CardTable entry size: 512
 Card Set container configuration: InlinePtr #cards 5 size 8 Array Of Cards #cards 12 size 40 Howl #buckets 4 coarsen threshold 1843 Howl Bitmap #cards 512 size 80 coarsen threshold 460 Card regions per heap region 1 cards per card region 2048
 CPUs: 8 total, 8 available
 Memory: 7937M
 Large Page Support: Disabled
 NUMA Support: Disabled
 Compressed Oops: Enabled (32-bit)
 Heap Region Size: 1M
 Heap Min Capacity: 8M
 Heap Initial Capacity: 126M
 Heap Max Capacity: 1986M
 Pre-touch: Disabled
 Parallel Workers: 8
 Concurrent Workers: 2
 Concurrent Refinement Workers: 8
 Periodic GC: Disabled

Heap:
 garbage-first heap   total 129024K, used 16178K [0x0000000083e00000, 0x0000000100000000)
  region size 1024K, 14 young (14336K), 3 survivors (3072K)
 Metaspace       used 13201K, committed 13440K, reserved 1114112K
  class space    used 1592K, committed 1728K, reserved 1048576K

Heap Regions: E=young(eden), S=young(survivor), O=old, HS=humongous(starts), HC=humongous(continues), CS=collection set, F=free, TAMS=top-at-mark-start, PB=parsable bottom
|   0|0x0000000083e00000, 0x0000000083f00000, 0x0000000083f00000|100%| O|  |TAMS 0x0000000083e00000| PB 0x0000000083e00000| Untracked 
|   1|0x0000000083f00000, 0x0000000084000000, 0x0000000084000000|100%| O|  |TAMS 0x0000000083f00000| PB 0x0000000083f00000| Untracked 
|   2|0x0000000084000000, 0x0000000084100000, 0x0000000084100000|100%| O|  |TAMS 0x0000000084000000| PB 0x0000000084000000| Untracked 
|   3|0x0000000084100000, 0x00000000841a04a0, 0x0000000084200000| 62%| O|  |TAMS 0x0000000084100000| PB 0x0000000084100000| Untracked 
|   4|0x0000000084200000, 0x0000000084200000, 0x0000000084300000|  0%| F|  |TAMS 0x0000000084200000| PB 0x0000000084200000| Untracked 
|   5|0x0000000084300000, 0x0000000084300000, 0x0000000084400000|  0%| F|  |TAMS 0x0000000084300000| PB 0x0000000084300000| Untracked 
|   6|0x0000000084400000, 0x0000000084400000, 0x0000000084500000|  0%| F|  |TAMS 0x0000000084400000| PB 0x0000000084400000| Untracked 
|   7|0x0000000084500000, 0x0000000084500000, 0x0000000084600000|  0%| F|  |TAMS 0x0000000084500000| PB 0x0000000084500000| Untracked 
|   8|0x0000000084600000, 0x0000000084600000, 0x0000000084700000|  0%| F|  |TAMS 0x0000000084600000| PB 0x0000000084600000| Untracked 
|   9|0x0000000084700000, 0x0000000084700000, 0x0000000084800000|  0%| F|  |TAMS 0x0000000084700000| PB 0x0000000084700000| Untracked 
|  10|0x0000000084800000, 0x0000000084800000, 0x0000000084900000|  0%| F|  |TAMS 0x0000000084800000| PB 0x0000000084800000| Untracked 
|  11|0x0000000084900000, 0x0000000084900000, 0x0000000084a00000|  0%| F|  |TAMS 0x0000000084900000| PB 0x0000000084900000| Untracked 
|  12|0x0000000084a00000, 0x0000000084a00000, 0x0000000084b00000|  0%| F|  |TAMS 0x0000000084a00000| PB 0x0000000084a00000| Untracked 
|  13|0x0000000084b00000, 0x0000000084b00000, 0x0000000084c00000|  0%| F|  |TAMS 0x0000000084b00000| PB 0x0000000084b00000| Untracked 
|  14|0x0000000084c00000, 0x0000000084c00000, 0x0000000084d00000|  0%| F|  |TAMS 0x0000000084c00000| PB 0x0000000084c00000| Untracked 
|  15|0x0000000084d00000, 0x0000000084d00000, 0x0000000084e00000|  0%| F|  |TAMS 0x0000000084d00000| PB 0x0000000084d00000| Untracked 
|  16|0x0000000084e00000, 0x0000000084e00000, 0x0000000084f00000|  0%| F|  |TAMS 0x0000000084e00000| PB 0x0000000084e00000| Untracked 
|  17|0x0000000084f00000, 0x0000000084f00000, 0x0000000085000000|  0%| F|  |TAMS 0x0000000084f00000| PB 0x0000000084f00000| Untracked 
|  18|0x0000000085000000, 0x0000000085000000, 0x0000000085100000|  0%| F|  |TAMS 0x0000000085000000| PB 0x0000000085000000| Untracked 
|  19|0x0000000085100000, 0x0000000085100000, 0x0000000085200000|  0%| F|  |TAMS 0x0000000085100000| PB 0x0000000085100000| Untracked 
|  20|0x0000000085200000, 0x0000000085200000, 0x0000000085300000|  0%| F|  |TAMS 0x0000000085200000| PB 0x0000000085200000| Untracked 
|  21|0x0000000085300000, 0x0000000085300000, 0x0000000085400000|  0%| F|  |TAMS 0x0000000085300000| PB 0x0000000085300000| Untracked 
|  22|0x0000000085400000, 0x0000000085400000, 0x0000000085500000|  0%| F|  |TAMS 0x0000000085400000| PB 0x0000000085400000| Untracked 
|  23|0x0000000085500000, 0x0000000085500000, 0x0000000085600000|  0%| F|  |TAMS 0x0000000085500000| PB 0x0000000085500000| Untracked 
|  24|0x0000000085600000, 0x0000000085600000, 0x0000000085700000|  0%| F|  |TAMS 0x0000000085600000| PB 0x0000000085600000| Untracked 
|  25|0x0000000085700000, 0x0000000085700000, 0x0000000085800000|  0%| F|  |TAMS 0x0000000085700000| PB 0x0000000085700000| Untracked 
|  26|0x0000000085800000, 0x0000000085800000, 0x0000000085900000|  0%| F|  |TAMS 0x0000000085800000| PB 0x0000000085800000| Untracked 
|  27|0x0000000085900000, 0x0000000085900000, 0x0000000085a00000|  0%| F|  |TAMS 0x0000000085900000| PB 0x0000000085900000| Untracked 
|  28|0x0000000085a00000, 0x0000000085a00000, 0x0000000085b00000|  0%| F|  |TAMS 0x0000000085a00000| PB 0x0000000085a00000| Untracked 
|  29|0x0000000085b00000, 0x0000000085b00000, 0x0000000085c00000|  0%| F|  |TAMS 0x0000000085b00000| PB 0x0000000085b00000| Untracked 
|  30|0x0000000085c00000, 0x0000000085c00000, 0x0000000085d00000|  0%| F|  |TAMS 0x0000000085c00000| PB 0x0000000085c00000| Untracked 
|  31|0x0000000085d00000, 0x0000000085d00000, 0x0000000085e00000|  0%| F|  |TAMS 0x0000000085d00000| PB 0x0000000085d00000| Untracked 
|  32|0x0000000085e00000, 0x0000000085e00000, 0x0000000085f00000|  0%| F|  |TAMS 0x0000000085e00000| PB 0x0000000085e00000| Untracked 
|  33|0x0000000085f00000, 0x0000000085f00000, 0x0000000086000000|  0%| F|  |TAMS 0x0000000085f00000| PB 0x0000000085f00000| Untracked 
|  34|0x0000000086000000, 0x0000000086000000, 0x0000000086100000|  0%| F|  |TAMS 0x0000000086000000| PB 0x0000000086000000| Untracked 
|  35|0x0000000086100000, 0x0000000086100000, 0x0000000086200000|  0%| F|  |TAMS 0x0000000086100000| PB 0x0000000086100000| Untracked 
|  36|0x0000000086200000, 0x0000000086200000, 0x0000000086300000|  0%| F|  |TAMS 0x0000000086200000| PB 0x0000000086200000| Untracked 
|  37|0x0000000086300000, 0x0000000086300000, 0x0000000086400000|  0%| F|  |TAMS 0x0000000086300000| PB 0x0000000086300000| Untracked 
|  38|0x0000000086400000, 0x0000000086400000, 0x0000000086500000|  0%| F|  |TAMS 0x0000000086400000| PB 0x0000000086400000| Untracked 
|  39|0x0000000086500000, 0x0000000086500000, 0x0000000086600000|  0%| F|  |TAMS 0x0000000086500000| PB 0x0000000086500000| Untracked 
|  40|0x0000000086600000, 0x0000000086600000, 0x0000000086700000|  0%| F|  |TAMS 0x0000000086600000| PB 0x0000000086600000| Untracked 
|  41|0x0000000086700000, 0x0000000086700000, 0x0000000086800000|  0%| F|  |TAMS 0x0000000086700000| PB 0x0000000086700000| Untracked 
|  42|0x0000000086800000, 0x0000000086800000, 0x0000000086900000|  0%| F|  |TAMS 0x0000000086800000| PB 0x0000000086800000| Untracked 
|  43|0x0000000086900000, 0x0000000086900000, 0x0000000086a00000|  0%| F|  |TAMS 0x0000000086900000| PB 0x0000000086900000| Untracked 
|  44|0x0000000086a00000, 0x0000000086a00000, 0x0000000086b00000|  0%| F|  |TAMS 0x0000000086a00000| PB 0x0000000086a00000| Untracked 
|  45|0x0000000086b00000, 0x0000000086b00000, 0x0000000086c00000|  0%| F|  |TAMS 0x0000000086b00000| PB 0x0000000086b00000| Untracked 
|  46|0x0000000086c00000, 0x0000000086c00000, 0x0000000086d00000|  0%| F|  |TAMS 0x0000000086c00000| PB 0x0000000086c00000| Untracked 
|  47|0x0000000086d00000, 0x0000000086d00000, 0x0000000086e00000|  0%| F|  |TAMS 0x0000000086d00000| PB 0x0000000086d00000| Untracked 
|  48|0x0000000086e00000, 0x0000000086e00000, 0x0000000086f00000|  0%| F|  |TAMS 0x0000000086e00000| PB 0x0000000086e00000| Untracked 
|  49|0x0000000086f00000, 0x0000000086f00000, 0x0000000087000000|  0%| F|  |TAMS 0x0000000086f00000| PB 0x0000000086f00000| Untracked 
|  50|0x0000000087000000, 0x0000000087000000, 0x0000000087100000|  0%| F|  |TAMS 0x0000000087000000| PB 0x0000000087000000| Untracked 
|  51|0x0000000087100000, 0x0000000087100000, 0x0000000087200000|  0%| F|  |TAMS 0x0000000087100000| PB 0x0000000087100000| Untracked 
|  52|0x0000000087200000, 0x0000000087200000, 0x0000000087300000|  0%| F|  |TAMS 0x0000000087200000| PB 0x0000000087200000| Untracked 
|  53|0x0000000087300000, 0x0000000087300000, 0x0000000087400000|  0%| F|  |TAMS 0x0000000087300000| PB 0x0000000087300000| Untracked 
|  54|0x0000000087400000, 0x0000000087400000, 0x0000000087500000|  0%| F|  |TAMS 0x0000000087400000| PB 0x0000000087400000| Untracked 
|  55|0x0000000087500000, 0x0000000087500000, 0x0000000087600000|  0%| F|  |TAMS 0x0000000087500000| PB 0x0000000087500000| Untracked 
|  56|0x0000000087600000, 0x0000000087600000, 0x0000000087700000|  0%| F|  |TAMS 0x0000000087600000| PB 0x0000000087600000| Untracked 
|  57|0x0000000087700000, 0x0000000087700000, 0x0000000087800000|  0%| F|  |TAMS 0x0000000087700000| PB 0x0000000087700000| Untracked 
|  58|0x0000000087800000, 0x0000000087800000, 0x0000000087900000|  0%| F|  |TAMS 0x0000000087800000| PB 0x0000000087800000| Untracked 
|  59|0x0000000087900000, 0x0000000087900000, 0x0000000087a00000|  0%| F|  |TAMS 0x0000000087900000| PB 0x0000000087900000| Untracked 
|  60|0x0000000087a00000, 0x0000000087a00000, 0x0000000087b00000|  0%| F|  |TAMS 0x0000000087a00000| PB 0x0000000087a00000| Untracked 
|  61|0x0000000087b00000, 0x0000000087b00000, 0x0000000087c00000|  0%| F|  |TAMS 0x0000000087b00000| PB 0x0000000087b00000| Untracked 
|  62|0x0000000087c00000, 0x0000000087c00000, 0x0000000087d00000|  0%| F|  |TAMS 0x0000000087c00000| PB 0x0000000087c00000| Untracked 
|  63|0x0000000087d00000, 0x0000000087d00000, 0x0000000087e00000|  0%| F|  |TAMS 0x0000000087d00000| PB 0x0000000087d00000| Untracked 
|  64|0x0000000087e00000, 0x0000000087e00000, 0x0000000087f00000|  0%| F|  |TAMS 0x0000000087e00000| PB 0x0000000087e00000| Untracked 
|  65|0x0000000087f00000, 0x0000000087f00000, 0x0000000088000000|  0%| F|  |TAMS 0x0000000087f00000| PB 0x0000000087f00000| Untracked 
|  66|0x0000000088000000, 0x0000000088000000, 0x0000000088100000|  0%| F|  |TAMS 0x0000000088000000| PB 0x0000000088000000| Untracked 
|  67|0x0000000088100000, 0x0000000088100000, 0x0000000088200000|  0%| F|  |TAMS 0x0000000088100000| PB 0x0000000088100000| Untracked 
|  68|0x0000000088200000, 0x0000000088200000, 0x0000000088300000|  0%| F|  |TAMS 0x0000000088200000| PB 0x0000000088200000| Untracked 
|  69|0x0000000088300000, 0x0000000088300000, 0x0000000088400000|  0%| F|  |TAMS 0x0000000088300000| PB 0x0000000088300000| Untracked 
|  70|0x0000000088400000, 0x0000000088400000, 0x0000000088500000|  0%| F|  |TAMS 0x0000000088400000| PB 0x0000000088400000| Untracked 
|  71|0x0000000088500000, 0x0000000088500000, 0x0000000088600000|  0%| F|  |TAMS 0x0000000088500000| PB 0x0000000088500000| Untracked 
|  72|0x0000000088600000, 0x0000000088600000, 0x0000000088700000|  0%| F|  |TAMS 0x0000000088600000| PB 0x0000000088600000| Untracked 
|  73|0x0000000088700000, 0x0000000088700000, 0x0000000088800000|  0%| F|  |TAMS 0x0000000088700000| PB 0x0000000088700000| Untracked 
|  74|0x0000000088800000, 0x0000000088800000, 0x0000000088900000|  0%| F|  |TAMS 0x0000000088800000| PB 0x0000000088800000| Untracked 
|  75|0x0000000088900000, 0x0000000088900000, 0x0000000088a00000|  0%| F|  |TAMS 0x0000000088900000| PB 0x0000000088900000| Untracked 
|  76|0x0000000088a00000, 0x0000000088a00000, 0x0000000088b00000|  0%| F|  |TAMS 0x0000000088a00000| PB 0x0000000088a00000| Untracked 
|  77|0x0000000088b00000, 0x0000000088b00000, 0x0000000088c00000|  0%| F|  |TAMS 0x0000000088b00000| PB 0x0000000088b00000| Untracked 
|  78|0x0000000088c00000, 0x0000000088c00000, 0x0000000088d00000|  0%| F|  |TAMS 0x0000000088c00000| PB 0x0000000088c00000| Untracked 
|  79|0x0000000088d00000, 0x0000000088d00000, 0x0000000088e00000|  0%| F|  |TAMS 0x0000000088d00000| PB 0x0000000088d00000| Untracked 
|  80|0x0000000088e00000, 0x0000000088e00000, 0x0000000088f00000|  0%| F|  |TAMS 0x0000000088e00000| PB 0x0000000088e00000| Untracked 
|  81|0x0000000088f00000, 0x0000000088f00000, 0x0000000089000000|  0%| F|  |TAMS 0x0000000088f00000| PB 0x0000000088f00000| Untracked 
|  82|0x0000000089000000, 0x0000000089000000, 0x0000000089100000|  0%| F|  |TAMS 0x0000000089000000| PB 0x0000000089000000| Untracked 
|  83|0x0000000089100000, 0x0000000089100000, 0x0000000089200000|  0%| F|  |TAMS 0x0000000089100000| PB 0x0000000089100000| Untracked 
|  84|0x0000000089200000, 0x0000000089200000, 0x0000000089300000|  0%| F|  |TAMS 0x0000000089200000| PB 0x0000000089200000| Untracked 
|  85|0x0000000089300000, 0x0000000089300000, 0x0000000089400000|  0%| F|  |TAMS 0x0000000089300000| PB 0x0000000089300000| Untracked 
|  86|0x0000000089400000, 0x0000000089400000, 0x0000000089500000|  0%| F|  |TAMS 0x0000000089400000| PB 0x0000000089400000| Untracked 
|  87|0x0000000089500000, 0x0000000089500000, 0x0000000089600000|  0%| F|  |TAMS 0x0000000089500000| PB 0x0000000089500000| Untracked 
|  88|0x0000000089600000, 0x0000000089600000, 0x0000000089700000|  0%| F|  |TAMS 0x0000000089600000| PB 0x0000000089600000| Untracked 
|  89|0x0000000089700000, 0x000000008972c5f8, 0x0000000089800000| 17%| S|CS|TAMS 0x0000000089700000| PB 0x0000000089700000| Complete 
|  90|0x0000000089800000, 0x0000000089900000, 0x0000000089900000|100%| S|CS|TAMS 0x0000000089800000| PB 0x0000000089800000| Complete 
|  91|0x0000000089900000, 0x0000000089a00000, 0x0000000089a00000|100%| S|CS|TAMS 0x0000000089900000| PB 0x0000000089900000| Complete 
|  92|0x0000000089a00000, 0x0000000089a00000, 0x0000000089b00000|  0%| F|  |TAMS 0x0000000089a00000| PB 0x0000000089a00000| Untracked 
|  93|0x0000000089b00000, 0x0000000089b00000, 0x0000000089c00000|  0%| F|  |TAMS 0x0000000089b00000| PB 0x0000000089b00000| Untracked 
|  94|0x0000000089c00000, 0x0000000089c00000, 0x0000000089d00000|  0%| F|  |TAMS 0x0000000089c00000| PB 0x0000000089c00000| Untracked 
|  95|0x0000000089d00000, 0x0000000089d00000, 0x0000000089e00000|  0%| F|  |TAMS 0x0000000089d00000| PB 0x0000000089d00000| Untracked 
|  96|0x0000000089e00000, 0x0000000089e00000, 0x0000000089f00000|  0%| F|  |TAMS 0x0000000089e00000| PB 0x0000000089e00000| Untracked 
|  97|0x0000000089f00000, 0x0000000089f00000, 0x000000008a000000|  0%| F|  |TAMS 0x0000000089f00000| PB 0x0000000089f00000| Untracked 
|  98|0x000000008a000000, 0x000000008a000000, 0x000000008a100000|  0%| F|  |TAMS 0x000000008a000000| PB 0x000000008a000000| Untracked 
|  99|0x000000008a100000, 0x000000008a100000, 0x000000008a200000|  0%| F|  |TAMS 0x000000008a100000| PB 0x000000008a100000| Untracked 
| 100|0x000000008a200000, 0x000000008a200000, 0x000000008a300000|  0%| F|  |TAMS 0x000000008a200000| PB 0x000000008a200000| Untracked 
| 101|0x000000008a300000, 0x000000008a300000, 0x000000008a400000|  0%| F|  |TAMS 0x000000008a300000| PB 0x000000008a300000| Untracked 
| 102|0x000000008a400000, 0x000000008a400000, 0x000000008a500000|  0%| F|  |TAMS 0x000000008a400000| PB 0x000000008a400000| Untracked 
| 103|0x000000008a500000, 0x000000008a500000, 0x000000008a600000|  0%| F|  |TAMS 0x000000008a500000| PB 0x000000008a500000| Untracked 
| 104|0x000000008a600000, 0x000000008a600000, 0x000000008a700000|  0%| F|  |TAMS 0x000000008a600000| PB 0x000000008a600000| Untracked 
| 105|0x000000008a700000, 0x000000008a700000, 0x000000008a800000|  0%| F|  |TAMS 0x000000008a700000| PB 0x000000008a700000| Untracked 
| 106|0x000000008a800000, 0x000000008a800000, 0x000000008a900000|  0%| F|  |TAMS 0x000000008a800000| PB 0x000000008a800000| Untracked 
| 107|0x000000008a900000, 0x000000008a900000, 0x000000008aa00000|  0%| F|  |TAMS 0x000000008a900000| PB 0x000000008a900000| Untracked 
| 108|0x000000008aa00000, 0x000000008aa00000, 0x000000008ab00000|  0%| F|  |TAMS 0x000000008aa00000| PB 0x000000008aa00000| Untracked 
| 109|0x000000008ab00000, 0x000000008ab00000, 0x000000008ac00000|  0%| F|  |TAMS 0x000000008ab00000| PB 0x000000008ab00000| Untracked 
| 110|0x000000008ac00000, 0x000000008ac00000, 0x000000008ad00000|  0%| F|  |TAMS 0x000000008ac00000| PB 0x000000008ac00000| Untracked 
| 111|0x000000008ad00000, 0x000000008ad00000, 0x000000008ae00000|  0%| F|  |TAMS 0x000000008ad00000| PB 0x000000008ad00000| Untracked 
| 112|0x000000008ae00000, 0x000000008ae00000, 0x000000008af00000|  0%| F|  |TAMS 0x000000008ae00000| PB 0x000000008ae00000| Untracked 
| 113|0x000000008af00000, 0x000000008af00000, 0x000000008b000000|  0%| F|  |TAMS 0x000000008af00000| PB 0x000000008af00000| Untracked 
| 114|0x000000008b000000, 0x000000008b000000, 0x000000008b100000|  0%| F|  |TAMS 0x000000008b000000| PB 0x000000008b000000| Untracked 
| 115|0x000000008b100000, 0x000000008b200000, 0x000000008b200000|100%| E|  |TAMS 0x000000008b100000| PB 0x000000008b100000| Complete 
| 116|0x000000008b200000, 0x000000008b300000, 0x000000008b300000|100%| E|CS|TAMS 0x000000008b200000| PB 0x000000008b200000| Complete 
| 117|0x000000008b300000, 0x000000008b400000, 0x000000008b400000|100%| E|CS|TAMS 0x000000008b300000| PB 0x000000008b300000| Complete 
| 118|0x000000008b400000, 0x000000008b500000, 0x000000008b500000|100%| E|CS|TAMS 0x000000008b400000| PB 0x000000008b400000| Complete 
| 119|0x000000008b500000, 0x000000008b600000, 0x000000008b600000|100%| E|CS|TAMS 0x000000008b500000| PB 0x000000008b500000| Complete 
| 120|0x000000008b600000, 0x000000008b700000, 0x000000008b700000|100%| E|CS|TAMS 0x000000008b600000| PB 0x000000008b600000| Complete 
| 121|0x000000008b700000, 0x000000008b800000, 0x000000008b800000|100%| E|CS|TAMS 0x000000008b700000| PB 0x000000008b700000| Complete 
| 122|0x000000008b800000, 0x000000008b900000, 0x000000008b900000|100%| E|CS|TAMS 0x000000008b800000| PB 0x000000008b800000| Complete 
| 123|0x000000008b900000, 0x000000008ba00000, 0x000000008ba00000|100%| E|CS|TAMS 0x000000008b900000| PB 0x000000008b900000| Complete 
| 124|0x000000008ba00000, 0x000000008bb00000, 0x000000008bb00000|100%| E|CS|TAMS 0x000000008ba00000| PB 0x000000008ba00000| Complete 
| 125|0x000000008bb00000, 0x000000008bc00000, 0x000000008bc00000|100%| E|CS|TAMS 0x000000008bb00000| PB 0x000000008bb00000| Complete 

Card table byte_map: [0x0000022a21a80000,0x0000022a21e70000] _byte_map_base: 0x0000022a21661000

Marking Bits: (CMBitMap*) 0x0000022a09f5bbd0
 Bits: [0x0000022a21e70000, 0x0000022a23d78000)

Polling page: 0x0000022a07ec0000

Metaspace:

Usage:
  Non-class:     11.34 MB used.
      Class:      1.55 MB used.
       Both:     12.89 MB used.

Virtual space:
  Non-class space:       64.00 MB reserved,      11.44 MB ( 18%) committed,  1 nodes.
      Class space:        1.00 GB reserved,       1.69 MB ( <1%) committed,  1 nodes.
             Both:        1.06 GB reserved,      13.12 MB (  1%) committed. 

Chunk freelists:
   Non-Class:  3.79 MB
       Class:  14.15 MB
        Both:  17.95 MB

MaxMetaspaceSize: unlimited
CompressedClassSpaceSize: 1.00 GB
Initial GC threshold: 21.00 MB
Current GC threshold: 21.00 MB
CDS: on
 - commit_granule_bytes: 65536.
 - commit_granule_words: 8192.
 - virtual_space_node_default_size: 8388608.
 - enlarge_chunks_in_place: 1.
 - use_allocation_guard: 0.


Internal statistics:

num_allocs_failed_limit: 0.
num_arena_births: 128.
num_arena_deaths: 0.
num_vsnodes_births: 2.
num_vsnodes_deaths: 0.
num_space_committed: 210.
num_space_uncommitted: 0.
num_chunks_returned_to_freelist: 0.
num_chunks_taken_from_freelist: 546.
num_chunk_merges: 0.
num_chunk_splits: 389.
num_chunks_enlarged: 321.
num_inconsistent_stats: 0.

CodeHeap 'non-profiled nmethods': size=120000Kb used=1041Kb max_used=1041Kb free=118958Kb
 bounds [0x0000022a19e30000, 0x0000022a1a0a0000, 0x0000022a21360000]
CodeHeap 'profiled nmethods': size=120000Kb used=5055Kb max_used=5055Kb free=114944Kb
 bounds [0x0000022a12360000, 0x0000022a12850000, 0x0000022a19890000]
CodeHeap 'non-nmethods': size=5760Kb used=1526Kb max_used=1553Kb free=4233Kb
 bounds [0x0000022a19890000, 0x0000022a19b00000, 0x0000022a19e30000]
 total_blobs=3089 nmethods=2606 adapters=387
 compilation: enabled
              stopped_count=0, restarted_count=0
 full_count=0

Compilation events (20 events):
Event: 1.278 Thread 0x0000022a267bdda0 nmethod 2598 0x0000022a1284c710 code [0x0000022a1284c8c0, 0x0000022a1284caa0]
Event: 1.278 Thread 0x0000022a267bdda0 2596       3       java.lang.invoke.BoundMethodHandle$Species_LL::make (12 bytes)
Event: 1.278 Thread 0x0000022a267bdda0 nmethod 2596 0x0000022a1284cb10 code [0x0000022a1284ccc0, 0x0000022a1284cf90]
Event: 1.278 Thread 0x0000022a267bdda0 2597       3       java.lang.invoke.BoundMethodHandle$Species_LL::<init> (18 bytes)
Event: 1.278 Thread 0x0000022a267bdda0 nmethod 2597 0x0000022a1284d090 code [0x0000022a1284d240, 0x0000022a1284d4d0]
Event: 1.278 Thread 0x0000022a6c947010 2599       4       java.lang.Class::reflectionData (43 bytes)
Event: 1.279 Thread 0x0000022a267bdda0 2600       3       org.eclipse.sisu.bean.BeanPropertyField::getAnnotation (9 bytes)
Event: 1.279 Thread 0x0000022a267bdda0 nmethod 2600 0x0000022a1284d610 code [0x0000022a1284d840, 0x0000022a1284df60]
Event: 1.280 Thread 0x0000022a267bdda0 2601       3       com.google.common.collect.ImmutableList::copyIntoArray (36 bytes)
Event: 1.280 Thread 0x0000022a6c947010 nmethod 2599 0x0000022a19f33c10 code [0x0000022a19f33dc0, 0x0000022a19f33f70]
Event: 1.280 Thread 0x0000022a267bdda0 nmethod 2601 0x0000022a1284e190 code [0x0000022a1284e380, 0x0000022a1284e8a8]
Event: 1.280 Thread 0x0000022a267bdda0 2602       3       jdk.internal.reflect.ReflectionFactory::newFieldAccessor (93 bytes)
Event: 1.280 Thread 0x0000022a267bdda0 nmethod 2602 0x0000022a1284ea90 code [0x0000022a1284eca0, 0x0000022a1284f360]
Event: 1.280 Thread 0x0000022a267bdda0 2604       3       java.lang.invoke.LambdaFormEditor$TransformKey::bval (26 bytes)
Event: 1.280 Thread 0x0000022a267bdda0 nmethod 2604 0x0000022a1284f610 code [0x0000022a1284f7a0, 0x0000022a1284f8a8]
Event: 1.280 Thread 0x0000022a267bdda0 2605       3       java.lang.invoke.LambdaFormEditor$TransformKey::packedBytes (30 bytes)
Event: 1.281 Thread 0x0000022a267bdda0 nmethod 2605 0x0000022a1284f910 code [0x0000022a1284faa0, 0x0000022a1284fba8]
Event: 1.281 Thread 0x0000022a267bdda0 2603       3       java.lang.reflect.Field::getRoot (5 bytes)
Event: 1.281 Thread 0x0000022a267bdda0 nmethod 2603 0x0000022a1284fc10 code [0x0000022a1284fda0, 0x0000022a1284fec8]
Event: 1.281 Thread 0x0000022a267bdda0 2607       3       java.lang.invoke.LambdaFormEditor$TransformKey::of (49 bytes)

GC Heap History (4 events):
Event: 0.519 GC heap before
{Heap before GC invocations=0 (full 0):
 garbage-first heap   total 129024K, used 22528K [0x0000000083e00000, 0x0000000100000000)
  region size 1024K, 23 young (23552K), 0 survivors (0K)
 Metaspace       used 5754K, committed 5952K, reserved 1114112K
  class space    used 666K, committed 768K, reserved 1048576K
}
Event: 0.524 GC heap after
{Heap after GC invocations=1 (full 0):
 garbage-first heap   total 129024K, used 3809K [0x0000000083e00000, 0x0000000100000000)
  region size 1024K, 3 young (3072K), 3 survivors (3072K)
 Metaspace       used 5754K, committed 5952K, reserved 1114112K
  class space    used 666K, committed 768K, reserved 1048576K
}
Event: 1.039 GC heap before
{Heap before GC invocations=1 (full 0):
 garbage-first heap   total 129024K, used 35553K [0x0000000083e00000, 0x0000000100000000)
  region size 1024K, 34 young (34816K), 3 survivors (3072K)
 Metaspace       used 11018K, committed 11264K, reserved 1114112K
  class space    used 1308K, committed 1408K, reserved 1048576K
}
Event: 1.045 GC heap after
{Heap after GC invocations=2 (full 0):
 garbage-first heap   total 129024K, used 5938K [0x0000000083e00000, 0x0000000100000000)
  region size 1024K, 3 young (3072K), 3 survivors (3072K)
 Metaspace       used 11018K, committed 11264K, reserved 1114112K
  class space    used 1308K, committed 1408K, reserved 1048576K
}

Dll operation events (8 events):
Event: 0.008 Loaded shared library C:\Program Files\Java\jdk-21\bin\java.dll
Event: 0.036 Loaded shared library C:\Program Files\Java\jdk-21\bin\jsvml.dll
Event: 0.052 Loaded shared library C:\Program Files\Java\jdk-21\bin\net.dll
Event: 0.054 Loaded shared library C:\Program Files\Java\jdk-21\bin\nio.dll
Event: 0.057 Loaded shared library C:\Program Files\Java\jdk-21\bin\zip.dll
Event: 0.150 Loaded shared library C:\Program Files\Java\jdk-21\bin\jimage.dll
Event: 0.156 Loaded shared library C:\Users\sachi\Downloads\apache-maven-3.9.5-bin\apache-maven-3.9.5\lib\jansi-native\Windows\x86_64\jansi.dll
Event: 0.167 Loaded shared library C:\Program Files\Java\jdk-21\bin\verify.dll

Deoptimization events (20 events):
Event: 1.230 Thread 0x0000022a07ce1150 Uncommon trap: trap_request=0xffffffd6 fr.pc=0x0000022a19f22474 relative=0x0000000000000ab4
Event: 1.230 Thread 0x0000022a07ce1150 Uncommon trap: reason=array_check action=maybe_recompile pc=0x0000022a19f22474 method=com.google.inject.internal.MoreTypes$ParameterizedTypeImpl.<init>(Ljava/lang/reflect/Type;Ljava/lang/reflect/Type;[Ljava/lang/reflect/Type;)V @ 200 c2
Event: 1.230 Thread 0x0000022a07ce1150 DEOPT PACKING pc=0x0000022a19f22474 sp=0x0000002fd2df9ec0
Event: 1.230 Thread 0x0000022a07ce1150 DEOPT UNPACKING pc=0x0000022a198e7da2 sp=0x0000002fd2df9dd8 mode 2
Event: 1.232 Thread 0x0000022a07ce1150 Uncommon trap: trap_request=0xffffffd6 fr.pc=0x0000022a19f22474 relative=0x0000000000000ab4
Event: 1.232 Thread 0x0000022a07ce1150 Uncommon trap: reason=array_check action=maybe_recompile pc=0x0000022a19f22474 method=com.google.inject.internal.MoreTypes$ParameterizedTypeImpl.<init>(Ljava/lang/reflect/Type;Ljava/lang/reflect/Type;[Ljava/lang/reflect/Type;)V @ 200 c2
Event: 1.232 Thread 0x0000022a07ce1150 DEOPT PACKING pc=0x0000022a19f22474 sp=0x0000002fd2df82a0
Event: 1.232 Thread 0x0000022a07ce1150 DEOPT UNPACKING pc=0x0000022a198e7da2 sp=0x0000002fd2df81b8 mode 2
Event: 1.232 Thread 0x0000022a07ce1150 Uncommon trap: trap_request=0xffffffd6 fr.pc=0x0000022a19f22474 relative=0x0000000000000ab4
Event: 1.232 Thread 0x0000022a07ce1150 Uncommon trap: reason=array_check action=maybe_recompile pc=0x0000022a19f22474 method=com.google.inject.internal.MoreTypes$ParameterizedTypeImpl.<init>(Ljava/lang/reflect/Type;Ljava/lang/reflect/Type;[Ljava/lang/reflect/Type;)V @ 200 c2
Event: 1.232 Thread 0x0000022a07ce1150 DEOPT PACKING pc=0x0000022a19f22474 sp=0x0000002fd2df82a0
Event: 1.232 Thread 0x0000022a07ce1150 DEOPT UNPACKING pc=0x0000022a198e7da2 sp=0x0000002fd2df81b8 mode 2
Event: 1.255 Thread 0x0000022a07ce1150 Uncommon trap: trap_request=0xffffffd6 fr.pc=0x0000022a19f24c28 relative=0x0000000000000f68
Event: 1.255 Thread 0x0000022a07ce1150 Uncommon trap: reason=array_check action=maybe_recompile pc=0x0000022a19f24c28 method=com.google.inject.internal.MoreTypes$ParameterizedTypeImpl.<init>(Ljava/lang/reflect/Type;Ljava/lang/reflect/Type;[Ljava/lang/reflect/Type;)V @ 200 c2
Event: 1.255 Thread 0x0000022a07ce1150 DEOPT PACKING pc=0x0000022a19f24c28 sp=0x0000002fd2df9140
Event: 1.255 Thread 0x0000022a07ce1150 DEOPT UNPACKING pc=0x0000022a198e7da2 sp=0x0000002fd2df9008 mode 2
Event: 1.260 Thread 0x0000022a07ce1150 Uncommon trap: trap_request=0xffffff45 fr.pc=0x0000022a19e70360 relative=0x0000000000000220
Event: 1.260 Thread 0x0000022a07ce1150 Uncommon trap: reason=unstable_if action=reinterpret pc=0x0000022a19e70360 method=java.lang.String.startsWith(Ljava/lang/String;I)Z @ 1 c2
Event: 1.260 Thread 0x0000022a07ce1150 DEOPT PACKING pc=0x0000022a19e70360 sp=0x0000002fd2df7c10
Event: 1.260 Thread 0x0000022a07ce1150 DEOPT UNPACKING pc=0x0000022a198e7da2 sp=0x0000002fd2df7ba0 mode 2

Classes loaded (20 events):
Event: 1.275 Loading class sun/security/provider/DRBG
Event: 1.275 Loading class java/security/SecureRandomSpi
Event: 1.275 Loading class java/security/SecureRandomSpi done
Event: 1.275 Loading class sun/security/provider/DRBG done
Event: 1.276 Loading class java/security/DrbgParameters$Capability
Event: 1.276 Loading class java/security/DrbgParameters$Capability done
Event: 1.276 Loading class sun/security/provider/MoreDrbgParameters
Event: 1.276 Loading class sun/security/provider/MoreDrbgParameters done
Event: 1.276 Loading class java/security/DrbgParameters
Event: 1.276 Loading class java/security/DrbgParameters done
Event: 1.276 Loading class java/security/DrbgParameters$Instantiation
Event: 1.276 Loading class java/security/DrbgParameters$Instantiation done
Event: 1.276 Loading class sun/security/provider/HashDrbg
Event: 1.276 Loading class sun/security/provider/AbstractHashDrbg
Event: 1.276 Loading class sun/security/provider/AbstractDrbg
Event: 1.276 Loading class sun/security/provider/AbstractDrbg done
Event: 1.276 Loading class sun/security/provider/AbstractHashDrbg done
Event: 1.276 Loading class sun/security/provider/HashDrbg done
Event: 1.276 Loading class sun/security/provider/EntropySource
Event: 1.276 Loading class sun/security/provider/EntropySource done

Classes unloaded (0 events):
No events

Classes redefined (0 events):
No events

Internal exceptions (20 events):
Event: 0.396 Thread 0x0000022a07ce1150 Exception <a 'java/lang/NoSuchMethodError'{0x000000008adc60c8}: 'int java.lang.invoke.DirectMethodHandle$Holder.invokeStatic(java.lang.Object, java.lang.Object, java.lang.Object, java.lang.Object)'> (0x000000008adc60c8) 
thrown [s\open\src\hotspot\share\interpreter\linkResolver.cpp, line 773]
Event: 0.397 Thread 0x0000022a07ce1150 Exception <a 'java/lang/NoSuchMethodError'{0x000000008adc9748}: 'java.lang.Object java.lang.invoke.Invokers$Holder.invokeExact_MT(java.lang.Object, java.lang.Object, java.lang.Object, java.lang.Object, java.lang.Object, java.lang.Object)'> (0x000000008adc9748) 
thrown [s\open\src\hotspot\share\interpreter\linkResolver.cpp, line 773]
Event: 0.398 Thread 0x0000022a07ce1150 Exception <a 'java/lang/NoSuchMethodError'{0x000000008add7d88}: 'int java.lang.invoke.DirectMethodHandle$Holder.invokeSpecialIFC(java.lang.Object, java.lang.Object, java.lang.Object, java.lang.Object, java.lang.Object)'> (0x000000008add7d88) 
thrown [s\open\src\hotspot\share\interpreter\linkResolver.cpp, line 773]
Event: 0.429 Thread 0x0000022a07ce1150 Exception <a 'java/lang/NoSuchMethodError'{0x000000008ab55c70}: 'java.lang.Object java.lang.invoke.DirectMethodHandle$Holder.newInvokeSpecial(java.lang.Object, java.lang.Object, java.lang.Object, java.lang.Object, java.lang.Object)'> (0x000000008ab55c70) 
thrown [s\open\src\hotspot\share\interpreter\linkResolver.cpp, line 773]
Event: 0.448 Thread 0x0000022a07ce1150 Exception <a 'java/lang/NoSuchMethodError'{0x000000008aa4c7f8}: 'int java.lang.invoke.DirectMethodHandle$Holder.invokeStaticInit(java.lang.Object, java.lang.Object)'> (0x000000008aa4c7f8) 
thrown [s\open\src\hotspot\share\interpreter\linkResolver.cpp, line 773]
Event: 0.453 Thread 0x0000022a07ce1150 Exception <a 'java/lang/NoClassDefFoundError'{0x000000008aa80980}: javax/enterprise/inject/Typed> (0x000000008aa80980) 
thrown [s\open\src\hotspot\share\classfile\systemDictionary.cpp, line 301]
Event: 0.999 Thread 0x0000022a07ce1150 Exception <a 'java/lang/NoSuchMethodError'{0x0000000089b3c8b8}: 'void java.lang.invoke.DirectMethodHandle$Holder.invokeStaticInit(java.lang.Object, java.lang.Object, java.lang.Object)'> (0x0000000089b3c8b8) 
thrown [s\open\src\hotspot\share\interpreter\linkResolver.cpp, line 773]
Event: 1.002 Thread 0x0000022a07ce1150 Exception <a 'java/lang/ExceptionInInitializerError'{0x0000000089b64b60}> (0x0000000089b64b60) 
thrown [s\open\src\hotspot\share\oops\instanceKlass.cpp, line 1180]
Event: 1.027 Thread 0x0000022a07ce1150 Exception <a 'java/lang/NoSuchMethodError'{0x0000000089a6e2f0}: 'long java.lang.invoke.DirectMethodHandle$Holder.invokeStatic(java.lang.Object, java.lang.Object, int)'> (0x0000000089a6e2f0) 
thrown [s\open\src\hotspot\share\interpreter\linkResolver.cpp, line 773]
Event: 1.028 Thread 0x0000022a07ce1150 Exception <a 'java/lang/NoSuchMethodError'{0x0000000089a81740}: 'java.lang.Object java.lang.invoke.DirectMethodHandle$Holder.invokeStatic(java.lang.Object, java.lang.Object, java.lang.Object, java.lang.Object, int)'> (0x0000000089a81740) 
thrown [s\open\src\hotspot\share\interpreter\linkResolver.cpp, line 773]
Event: 1.028 Thread 0x0000022a07ce1150 Exception <a 'java/lang/NoSuchMethodError'{0x0000000089a89658}: 'java.lang.Object java.lang.invoke.DirectMethodHandle$Holder.invokeSpecial(java.lang.Object, java.lang.Object, java.lang.Object, java.lang.Object, long)'> (0x0000000089a89658) 
thrown [s\open\src\hotspot\share\interpreter\linkResolver.cpp, line 773]
Event: 1.029 Thread 0x0000022a07ce1150 Exception <a 'java/lang/NoSuchMethodError'{0x0000000089a94ef0}: 'java.lang.Object java.lang.invoke.DirectMethodHandle$Holder.invokeSpecial(java.lang.Object, java.lang.Object, java.lang.Object, int, java.lang.Object)'> (0x0000000089a94ef0) 
thrown [s\open\src\hotspot\share\interpreter\linkResolver.cpp, line 773]
Event: 1.030 Thread 0x0000022a07ce1150 Exception <a 'java/lang/NoSuchMethodError'{0x0000000089a9d010}: 'int java.lang.invoke.DirectMethodHandle$Holder.invokeSpecial(java.lang.Object, java.lang.Object, java.lang.Object, int)'> (0x0000000089a9d010) 
thrown [s\open\src\hotspot\share\interpreter\linkResolver.cpp, line 773]
Event: 1.033 Thread 0x0000022a07ce1150 Implicit null exception at 0x0000022a19ed47da to 0x0000022a19ed49b4
Event: 1.035 Thread 0x0000022a07ce1150 Exception <a 'java/lang/NoSuchMethodError'{0x0000000089ac11f8}: 'java.lang.Object java.lang.invoke.Invokers$Holder.invokeExact_MT(java.lang.Object, int, java.lang.Object)'> (0x0000000089ac11f8) 
thrown [s\open\src\hotspot\share\interpreter\linkResolver.cpp, line 773]
Event: 1.048 Thread 0x0000022a07ce1150 Exception <a 'java/lang/NoSuchMethodError'{0x000000008bb173e8}: 'void java.lang.invoke.DirectMethodHandle$Holder.invokeStatic(java.lang.Object, java.lang.Object)'> (0x000000008bb173e8) 
thrown [s\open\src\hotspot\share\interpreter\linkResolver.cpp, line 773]
Event: 1.190 Thread 0x0000022a07ce1150 Exception <a 'java/lang/NoSuchMethodError'{0x000000008b4afaa0}: 'void java.lang.invoke.Invokers$Holder.invokeExact_MT(java.lang.Object, java.lang.Object, java.lang.Object, java.lang.Object)'> (0x000000008b4afaa0) 
thrown [s\open\src\hotspot\share\interpreter\linkResolver.cpp, line 773]
Event: 1.204 Thread 0x0000022a07ce1150 Exception <a 'java/lang/NoClassDefFoundError'{0x000000008b338060}: com/google/inject/servlet/ServletModuleTargetVisitor> (0x000000008b338060) 
thrown [s\open\src\hotspot\share\classfile\systemDictionary.cpp, line 301]
Event: 1.250 Thread 0x0000022a07ce1150 Exception <a 'java/lang/NoSuchMethodError'{0x000000008b127a80}: 'void java.lang.invoke.DirectMethodHandle$Holder.invokeVirtual(java.lang.Object, java.lang.Object)'> (0x000000008b127a80) 
thrown [s\open\src\hotspot\share\interpreter\linkResolver.cpp, line 773]
Event: 1.277 Thread 0x0000022a07ce1150 Exception <a 'java/lang/NoSuchMethodError'{0x000000008b1a78d0}: 'java.lang.Object java.lang.invoke.DirectMethodHandle$Holder.invokeStaticInit(java.lang.Object, int, int, int, int)'> (0x000000008b1a78d0) 
thrown [s\open\src\hotspot\share\interpreter\linkResolver.cpp, line 773]

ZGC Phase Switch (0 events):
No events

VM Operations (20 events):
Event: 0.843 Executing VM operation: ICBufferFull
Event: 0.843 Executing VM operation: ICBufferFull done
Event: 0.858 Executing VM operation: HandshakeAllThreads (Deoptimize)
Event: 0.858 Executing VM operation: HandshakeAllThreads (Deoptimize) done
Event: 1.007 Executing VM operation: HandshakeAllThreads (Deoptimize)
Event: 1.007 Executing VM operation: HandshakeAllThreads (Deoptimize) done
Event: 1.039 Executing VM operation: G1CollectForAllocation (G1 Evacuation Pause)
Event: 1.046 Executing VM operation: G1CollectForAllocation (G1 Evacuation Pause) done
Event: 1.066 Executing VM operation: HandshakeAllThreads (Deoptimize)
Event: 1.066 Executing VM operation: HandshakeAllThreads (Deoptimize) done
Event: 1.067 Executing VM operation: HandshakeAllThreads (Deoptimize)
Event: 1.067 Executing VM operation: HandshakeAllThreads (Deoptimize) done
Event: 1.100 Executing VM operation: HandshakeAllThreads (Deoptimize)
Event: 1.100 Executing VM operation: HandshakeAllThreads (Deoptimize) done
Event: 1.187 Executing VM operation: HandshakeAllThreads (Deoptimize)
Event: 1.187 Executing VM operation: HandshakeAllThreads (Deoptimize) done
Event: 1.240 Executing VM operation: ICBufferFull
Event: 1.240 Executing VM operation: ICBufferFull done
Event: 1.259 Executing VM operation: HandshakeAllThreads (Deoptimize)
Event: 1.259 Executing VM operation: HandshakeAllThreads (Deoptimize) done

Events (13 events):
Event: 0.020 Thread 0x0000022a07ce1150 Thread added: 0x0000022a07ce1150
Event: 0.032 Thread 0x0000022a267a5330 Thread added: 0x0000022a267a5330
Event: 0.032 Thread 0x0000022a267a6340 Thread added: 0x0000022a267a6340
Event: 0.032 Thread 0x0000022a267aa210 Thread added: 0x0000022a267aa210
Event: 0.032 Thread 0x0000022a267abd70 Thread added: 0x0000022a267abd70
Event: 0.032 Thread 0x0000022a267aca70 Thread added: 0x0000022a267aca70
Event: 0.032 Thread 0x0000022a267ad8a0 Thread added: 0x0000022a267ad8a0
Event: 0.032 Thread 0x0000022a267ba2e0 Thread added: 0x0000022a267ba2e0
Event: 0.032 Thread 0x0000022a267bdda0 Thread added: 0x0000022a267bdda0
Event: 0.047 Thread 0x0000022a26a43960 Thread added: 0x0000022a26a43960
Event: 0.048 Thread 0x0000022a26a35dd0 Thread added: 0x0000022a26a35dd0
Event: 0.461 Thread 0x0000022a6c947010 Thread added: 0x0000022a6c947010
Event: 0.480 Thread 0x0000022a6c43da60 Thread added: 0x0000022a6c43da60


Dynamic libraries:
0x00007ff7f4f90000 - 0x00007ff7f4fa0000 	C:\Program Files\Java\jdk-21\bin\java.exe
0x00007ffddfb50000 - 0x00007ffddfd67000 	C:\WINDOWS\SYSTEM32\ntdll.dll
0x00007ffdde920000 - 0x00007ffdde9e4000 	C:\WINDOWS\System32\KERNEL32.DLL
0x00007ffddd380000 - 0x00007ffddd725000 	C:\WINDOWS\System32\KERNELBASE.dll
0x00007ffddd020000 - 0x00007ffddd131000 	C:\WINDOWS\System32\ucrtbase.dll
0x00007ffdc5f50000 - 0x00007ffdc5f6b000 	C:\Program Files\Java\jdk-21\bin\VCRUNTIME140.dll
0x00007ffdc6b90000 - 0x00007ffdc6ba9000 	C:\Program Files\Java\jdk-21\bin\jli.dll
0x00007ffddef40000 - 0x00007ffddeff1000 	C:\WINDOWS\System32\ADVAPI32.dll
0x00007ffdded30000 - 0x00007ffddedd7000 	C:\WINDOWS\System32\msvcrt.dll
0x00007ffddede0000 - 0x00007ffddee86000 	C:\WINDOWS\System32\sechost.dll
0x00007ffddebc0000 - 0x00007ffddecd7000 	C:\WINDOWS\System32\RPCRT4.dll
0x00007ffddda90000 - 0x00007ffdddc3e000 	C:\WINDOWS\System32\USER32.dll
0x00007ffddd140000 - 0x00007ffddd166000 	C:\WINDOWS\System32\win32u.dll
0x00007ffddece0000 - 0x00007ffdded09000 	C:\WINDOWS\System32\GDI32.dll
0x00007ffdbf670000 - 0x00007ffdbf903000 	C:\WINDOWS\WinSxS\amd64_microsoft.windows.common-controls_6595b64144ccf1df_6.0.22621.2506_none_270c5ae97388e100\COMCTL32.dll
0x00007ffddd260000 - 0x00007ffddd379000 	C:\WINDOWS\System32\gdi32full.dll
0x00007ffddcf80000 - 0x00007ffddd01a000 	C:\WINDOWS\System32\msvcp_win.dll
0x00007ffdd37e0000 - 0x00007ffdd37ea000 	C:\WINDOWS\SYSTEM32\VERSION.dll
0x00007ffddf080000 - 0x00007ffddf0b1000 	C:\WINDOWS\System32\IMM32.DLL
0x00007ffdc68a0000 - 0x00007ffdc68ac000 	C:\Program Files\Java\jdk-21\bin\vcruntime140_1.dll
0x00007ffdb6dd0000 - 0x00007ffdb6e5e000 	C:\Program Files\Java\jdk-21\bin\msvcp140.dll
0x00007ffd8e580000 - 0x00007ffd8f295000 	C:\Program Files\Java\jdk-21\bin\server\jvm.dll
0x00007ffddd8a0000 - 0x00007ffddd911000 	C:\WINDOWS\System32\WS2_32.dll
0x00007ffddbd00000 - 0x00007ffddbd4d000 	C:\WINDOWS\SYSTEM32\POWRPROF.dll
0x00007ffdd50a0000 - 0x00007ffdd50d4000 	C:\WINDOWS\SYSTEM32\WINMM.dll
0x00007ffddbcc0000 - 0x00007ffddbcd3000 	C:\WINDOWS\SYSTEM32\UMPDC.dll
0x00007ffddbf90000 - 0x00007ffddbfa8000 	C:\WINDOWS\SYSTEM32\kernel.appcore.dll
0x00007ffdc6590000 - 0x00007ffdc659a000 	C:\Program Files\Java\jdk-21\bin\jimage.dll
0x00007ffdda6b0000 - 0x00007ffdda8e3000 	C:\WINDOWS\SYSTEM32\DBGHELP.DLL
0x00007ffddf330000 - 0x00007ffddf6b9000 	C:\WINDOWS\System32\combase.dll
0x00007ffdde9f0000 - 0x00007ffddeac7000 	C:\WINDOWS\System32\OLEAUT32.dll
0x00007ffdcc420000 - 0x00007ffdcc452000 	C:\WINDOWS\SYSTEM32\dbgcore.DLL
0x00007ffddd170000 - 0x00007ffddd1ea000 	C:\WINDOWS\System32\bcryptPrimitives.dll
0x00007ffdbdfd0000 - 0x00007ffdbdfef000 	C:\Program Files\Java\jdk-21\bin\java.dll
0x00007ffdddc40000 - 0x00007ffdde499000 	C:\WINDOWS\System32\SHELL32.dll
0x00007ffddada0000 - 0x00007ffddb694000 	C:\WINDOWS\SYSTEM32\windows.storage.dll
0x00007ffddac60000 - 0x00007ffddad9e000 	C:\WINDOWS\SYSTEM32\wintypes.dll
0x00007ffddf960000 - 0x00007ffddfa53000 	C:\WINDOWS\System32\SHCORE.dll
0x00007ffddeb60000 - 0x00007ffddebbe000 	C:\WINDOWS\System32\shlwapi.dll
0x00007ffddcdf0000 - 0x00007ffddce16000 	C:\WINDOWS\SYSTEM32\profapi.dll
0x00007ffdb6cf0000 - 0x00007ffdb6dc7000 	C:\Program Files\Java\jdk-21\bin\jsvml.dll
0x00007ffdc5e00000 - 0x00007ffdc5e10000 	C:\Program Files\Java\jdk-21\bin\net.dll
0x00007ffdd7800000 - 0x00007ffdd7937000 	C:\WINDOWS\SYSTEM32\WINHTTP.dll
0x00007ffddc430000 - 0x00007ffddc499000 	C:\WINDOWS\system32\mswsock.dll
0x00007ffdc5de0000 - 0x00007ffdc5df6000 	C:\Program Files\Java\jdk-21\bin\nio.dll
0x00007ffdc5dc0000 - 0x00007ffdc5dd8000 	C:\Program Files\Java\jdk-21\bin\zip.dll
0x0000000069ac0000 - 0x0000000069ae4000 	C:\Users\sachi\Downloads\apache-maven-3.9.5-bin\apache-maven-3.9.5\lib\jansi-native\Windows\x86_64\jansi.dll
0x00007ffdc45f0000 - 0x00007ffdc4600000 	C:\Program Files\Java\jdk-21\bin\verify.dll

dbghelp: loaded successfully - version: 4.0.5 - missing functions: none
symbol engine: initialized successfully - sym options: 0x614 - pdb path: .;C:\Program Files\Java\jdk-21\bin;C:\WINDOWS\SYSTEM32;C:\WINDOWS\WinSxS\amd64_microsoft.windows.common-controls_6595b64144ccf1df_6.0.22621.2506_none_270c5ae97388e100;C:\Program Files\Java\jdk-21\bin\server;C:\Users\sachi\Downloads\apache-maven-3.9.5-bin\apache-maven-3.9.5\lib\jansi-native\Windows\x86_64

VM Arguments:
jvm_args: -Dclassworlds.conf=C:\\Users\\sachi\\Downloads\\apache-maven-3.9.5-bin\\apache-maven-3.9.5\\bin\\m2.conf -Dmaven.home=C:\\Users\\sachi\\Downloads\\apache-maven-3.9.5-bin\\apache-maven-3.9.5 -Dlibrary.jansi.path=C:\\Users\\sachi\\Downloads\\apache-maven-3.9.5-bin\\apache-maven-3.9.5\\lib\\jansi-native -Dmaven.multiModuleProjectDirectory=C:\\Users\\sachi\\OneDrive\\Desktop\\Trustrace\\SpringBoot\\Spring-boot-trustrace 
java_command: org.codehaus.plexus.classworlds.launcher.Launcher spring-boot:run
java_class_path (initial): C:\\Users\\sachi\\Downloads\\apache-maven-3.9.5-bin\\apache-maven-3.9.5\\boot\\plexus-classworlds-2.7.0.jar
Launcher Type: SUN_STANDARD

[Global flags]
     intx CICompilerCount                          = 4                                         {product} {ergonomic}
     uint ConcGCThreads                            = 2                                         {product} {ergonomic}
     uint G1ConcRefinementThreads                  = 8                                         {product} {ergonomic}
   size_t G1HeapRegionSize                         = 1048576                                   {product} {ergonomic}
    uintx GCDrainStackTargetSize                   = 64                                        {product} {ergonomic}
   size_t InitialHeapSize                          = 132120576                                 {product} {ergonomic}
   size_t MarkStackSize                            = 4194304                                   {product} {ergonomic}
   size_t MaxHeapSize                              = 2082471936                                {product} {ergonomic}
   size_t MaxNewSize                               = 1248854016                                {product} {ergonomic}
   size_t MinHeapDeltaBytes                        = 1048576                                   {product} {ergonomic}
   size_t MinHeapSize                              = 8388608                                   {product} {ergonomic}
    uintx NonNMethodCodeHeapSize                   = 5839372                                {pd product} {ergonomic}
    uintx NonProfiledCodeHeapSize                  = 122909434                              {pd product} {ergonomic}
    uintx ProfiledCodeHeapSize                     = 122909434                              {pd product} {ergonomic}
    uintx ReservedCodeCacheSize                    = 251658240                              {pd product} {ergonomic}
     bool SegmentedCodeCache                       = true                                      {product} {ergonomic}
   size_t SoftMaxHeapSize                          = 2082471936                             {manageable} {ergonomic}
     bool UseCompressedOops                        = true                           {product lp64_product} {ergonomic}
     bool UseG1GC                                  = true                                      {product} {ergonomic}
     bool UseLargePagesIndividualAllocation        = false                                  {pd product} {ergonomic}

Logging:
Log output configuration:
 #0: stdout all=warning uptime,level,tags foldmultilines=false
 #1: stderr all=off uptime,level,tags foldmultilines=false

Environment Variables:
PATH=C:\Program Files\Common Files\Oracle\Java\javapath;C:\Program Files\NVIDIA GPU Computing Toolkit\CUDA\v12.0\bin;C:\Program Files\NVIDIA GPU Computing Toolkit\CUDA\v12.0\libnvvp;C:\windows\system32;C:\windows;C:\windows\System32\Wbem;C:\windows\System32\WindowsPowerShell\v1.0\;C:\windows\System32\OpenSSH\;C:\Program Files (x86)\NVIDIA Corporation\PhysX\Common;C:\Program Files\NVIDIA Corporation\NVIDIA NvDLISR;C:\Program Files\Microsoft SQL Server\150\Tools\Binn\;C:\Program Files\nodejs\;C:\Program Files\Git\cmd;C:\Program Files\NVIDIA Corporation\Nsight Compute 2022.2.0\;C:\WINDOWS\system32;C:\WINDOWS;C:\WINDOWS\System32\Wbem;C:\WINDOWS\System32\WindowsPowerShell\v1.0\;C:\WINDOWS\System32\OpenSSH\;C:\Program Files\JetBrains\IntelliJ IDEA Community Edition 2023.2.2\bin;C:\Program Files\MySQL\MySQL Server 8.0\bin;C:\Program Files\MongoDB\Server\7.0\bin;C:\Program Files\MongoDB\mongosh-2.0.1-win32-x64\bin;C:\Users\sachi\Downloads\apache-maven-3.9.5-bin\apache-maven-3.9.5\bin;C:\Program Files\MySQL\MySQL Shell 8.0\bin\;C:\Users\sachi\anaconda3;C:\Users\sachi\anaconda3\Library\mingw-w64\bin;C:\Users\sachi\anaconda3\Library\usr\bin;C:\Users\sachi\anaconda3\Library\bin;C:\Users\sachi\anaconda3\Scripts;C:\Users\sachi\AppData\Local\Programs\Python\Python311\Scripts\;C:\Users\sachi\AppData\Local\Programs\Python\Python311\;C:\Users\sachi\AppData\Local\Microsoft\WindowsApps;C:\Users\sachi\AppData\Local\Programs\Microsoft VS Code\bin;C:\Users\sachi\AppData\Roaming\npm;C:\platform-tools;C:\Program Files\JetBrains\IntelliJ IDEA 2023.2.2\bin;;C:\Program Files\JetBrains\IntelliJ IDEA Community Edition 2023.2.3\bin;;
USERNAME=sachi
OS=Windows_NT
PROCESSOR_IDENTIFIER=Intel64 Family 6 Model 140 Stepping 1, GenuineIntel
TMP=C:\Users\sachi\AppData\Local\Temp
TEMP=C:\Users\sachi\AppData\Local\Temp




Periodic native trim disabled

---------------  S Y S T E M  ---------------

OS:
 Windows 11 , 64 bit Build 22621 (10.0.22621.2506)
OS uptime: 0 days 1:07 hours
Hyper-V role detected

CPU: total 8 (initial active 8) (4 cores per cpu, 2 threads per core) family 6 model 140 stepping 1 microcode 0xb4, cx8, cmov, fxsr, ht, mmx, 3dnowpref, sse, sse2, sse3, ssse3, sse4.1, sse4.2, popcnt, lzcnt, tsc, tscinvbit, avx, avx2, aes, erms, clmul, bmi1, bmi2, adx, avx512f, avx512dq, avx512cd, avx512bw, avx512vl, sha, fma, vzeroupper, avx512_vpopcntdq, avx512_vpclmulqdq, avx512_vaes, avx512_vnni, clflush, clflushopt, clwb, avx512_vbmi2, avx512_vbmi, hv, rdtscp, rdpid, fsrm, gfni, avx512_bitalg, f16c, cet_ibt, cet_ss, avx512_ifma
Processor Information for processor 0
  Max Mhz: 3110, Current Mhz: 3110, Mhz Limit: 3110
Processor Information for processor 1
  Max Mhz: 3110, Current Mhz: 1203, Mhz Limit: 3110
Processor Information for processor 2
  Max Mhz: 3110, Current Mhz: 3110, Mhz Limit: 3110
Processor Information for processor 3
  Max Mhz: 3110, Current Mhz: 3110, Mhz Limit: 3110
Processor Information for processor 4
  Max Mhz: 3110, Current Mhz: 3110, Mhz Limit: 3110
Processor Information for processor 5
  Max Mhz: 3110, Current Mhz: 3110, Mhz Limit: 3110
Processor Information for processor 6
  Max Mhz: 3110, Current Mhz: 1203, Mhz Limit: 3110
Processor Information for processor 7
  Max Mhz: 3110, Current Mhz: 1203, Mhz Limit: 3110

Memory: 4k page, system-wide physical 7937M (647M free)
TotalPageFile size 12016M (AvailPageFile size 5M)
current process WorkingSet (physical memory assigned to process): 119M, peak: 119M
current process commit charge ("private bytes"): 246M, peak: 246M

vm_info: Java HotSpot(TM) 64-Bit Server VM (21.0.1+12-LTS-29) for windows-amd64 JRE (21.0.1+12-LTS-29), built on 2023-10-05T13:27:09Z by "mach5one" with MS VC++ 17.1 (VS2022)

END.
